Case #1: 27078004 87074002
Case #2: 798 987
Case #3: 13524 51324
Case #4: 499967987 999967487
Case #5: 9099999 9999990
Case #6: 102727996 972720916
Case #7: 272956348 972456328
Case #8: 10 10
Case #9: 118355259 981355251
Case #10: 0 0
Case #11: 113877323 813177323
Case #12: 101839730 901813730
Case #13: 304349675 904345673
Case #14: 16761682 86761621
Case #15: 999999999 999999999
Case #16: 173452117 775432111
Case #17: 193698193 993698131
Case #18: 124144397 924144371
Case #19: 109923857 989123057
Case #20: 126007349 921007346
