807606272
477775885
261073368
850965887
822387111
736420165
834903824
502528272
483908232
764057322
539097204
705008668
62155877
464089269
586927369
138782855
709689149
192946709
681018062
554467822
295302212
87467459
258071581
274735057
40102135
744426988
304324130
841769155
666806249
121585379
45896337
121012232
871999822
324577305
551994648
681018062
613553776
594521257
594959756
535489915
300123760
577990049
380617838
543215038
341695032
36394652
315069862
91349002
538347310
104536574
152824955
532749385
350620339
153036701
796635242
152824955
109595436
729684258
490593692
546666140
530903474
166259012
511552734
179310502
133853018
36079008
727321162
635969146
458628388
796416001
237809978
828714386
234741703
170264016
756907729
774803401
167443185
772807401
490648040
246531738
843934548
255932856
859280428
626657695
309081459
697308228
390712539
86783139
62155877
611141846
727321162
259903239
95683548
502009293
640868412
462320713
93902840
151651771
600530
842967435
36079008
434243770
758386626
34434462
794506013
341695032
114746168
219987113
723963568
644956135
850321730
88643485
127696314
478186962
765313113
602505638
227954213
234506533
795066443
249950643
671369793
606748335
173430448
72195339
796416001
14154822
712865732
771308492
200346919
319574161
806842023
562309447
626542166
756852392
662734790
850958360
747259795
624123574
410978491
644310792
256655907
42562761
113904743
272477551
804114852
150884612
551263005
268635433
388220307
317668437
850321730
296604343
283553653
151412364
922872
298377369
650084142
438044690
568654959
788338966
626542166
734592188
502009293
205913317
482884248
712865732
628355576
383709387
98640666
69287652
699646061
864535480
671832246
336951070
503404369
357920187
462320713
168099969
631656250
128219622
23119310
803568372
557276400
192946709
483050705
759755877
447215649
535489915
342482255
459092899
5760785
810513828
860994120
114090294
478827215
274735057
136059845
763965217
850159157
701721947
36079008
225979824
819765676
106606824
249950643
714264828
337419900
532376334
666806249
873514072
238082337
795122983
847741881
78448599
433879436
87553156
712849761
114746168
774803401
445809727
598415926
710306455
405243413
758386626
475286849
22880401
647797996
860994120
793390298
376586339
610956265
779318071
202832276
208554849
484078767
390837962
623772614
535489915
206564959
258661729
322891202
281474117
145297703
699999529
180200903
135015654
185405163
562309447
404320664
641024242
13235332
145297703
318086608
866798172
249577978
62155877
466327810
44419119
624123574
483050705
29282938
169883035
851589020
793390298
144691160
162341621
739518483
495931043
793390298
322891202
694601075
640868412
866798172
234741703
337419900
701357558
83851991
880682107
200303481
368061598
857481137
496325790
495672327
734592188
266884327
342393454
187843505
483050705
569592775
436712601
562309447
736908827
507622435
473036639
810112493
512810717
255829439
423790520
3560289
580370114
175045258
186370729
612087152
712122959
726596530
847741881
500163341
283961216
224222014
668890174
870965213
198906785
569592775
201726906
280842684
846741186
422701934
210300289
144691160
713105937
98709726
151651771
447276650
249577978
476338478
384627407
68161797
511581970
230432340
50893959
595305492
23119310
76461892
449895663
865276107
312763845
594089742
310906667
545941435
697308228
341695032
201895076
200909400
765313113
64466685
704306131
446125504
700350005
646343894
543785004
829970854
351464709
836952535
324153401
846741186
742836802
236536627
200909400
319574161
598415926
799315139
742233104
83386631
710306455
261896227
366123162
168451227
721265409
195266260
848862414
548144234
847741881
296744214
496618191
683444690
246826921
536769948
379495305
789357141
694120904
693600419
812541645
128870522
340441928
436712601
436712601
475286849
598978174
822271257
480901310
810905702
729419738
25613806
286013799
681018062
261896227
411454436
267444214
681856491
61790133
70322168
623377436
758385054
627051974
313403828
414702731
681124636
726114905
681856491
800975468
364847021
823356363
129589804
574212321
430110030
151651771
806842023
668791728
854011618
552947837
792543919
659996036
879189171
310906667
453954253
87553156
200909400
98709726
337419900
670581746
738904730
659092035
416788560
411454436
583174003
872103623
197433373
381029545
493766908
139511122
791548053
90906425
496325790
91800770
438801231
458554936
723585399
922872
250825350
453954253
451645109
79716871
577378361
702217947
551994648
795066443
672476857
60513649
96312229
360856660
806842023
502528272
230495017
34434462
689401322
497853367
525356463
400974111
418630224
246892577
342482255
758386626
643104528
591495361
139511122
208554849
799432038
552947837
355819859
167583590
864151543
120123739
383709387
136059845
390359714
10196994
795066443
672522425
447050709
86648515
445809727
532376334
29937205
626328865
848862414
692768102
342393454
283462072
128870522
680016682
286013799
295045340
864151543
526099134
94434719
690531762
864912951
493766908
71823174
449050772
390837962
98792908
185405163
561575354
409892759
148964678
598415926
219070963
680991435
238549372
672522425
643118232
296604343
332544437
329973866
156106307
577864660
662265707
249950643
445809727
617547261
446185750
621603301
206564959
851589020
290687518
576791725
133853018
258661729
773805575
779957405
318086608
548144234
490689428
746499214
210354215
694601075
489776220
759701133
519051502
628453512
641024242
748342797
623242512
157205052
52131101
121012232
448337733
873514072
647797996
355819859
742233104
588220542
875374851
866798172
829970854
187843505
758385054
320514663
532589907
156833560
789006582
742776906
862461984
862461984
175581130
462320713
436712601
267444214
45896337
668890174
353614216
799432038
238082337
129439022
404320664
489241913
538778562
438363994
783507859
694823956
312183652
645535845
628355576
573093487
185297995
166399961
651567828
484243248
768563312
702825727
151255744
493342927
441904079
79648874
134119647
575089000
83851991
441334273
25422402
746057671
644956135
671832246
614560553
73655570
39239488
451254354
341811422
626542166
787132327
862531262
548144234
567269414
298941201
318674254
512875123
866798172
317668437
343032947
796049217
500442222
658584927
528920344
249950643
747259795
586927369
851589020
88643485
641460033
862102271
431332071
129439022
406692476
510365132
526099134
411454436
45896337
429244411
218215008
621061495
728597310
234506533
414730900
348949925
862461984
475186334
50893959
598978174
772114963
57716125
570169736
256065487
230233257
385219522
22880401
286013799
662304404
522807563
131647786
10196994
430110030
218215008
797723476
485021140
280842684
301480285
153036701
298377369
370736642
520067245
643118232
195266260
509932800
621603301
489241913
478186962
602505638
422701934
209830716
364847021
341695032
759204131
816963193
570169736
191933226
30579670
640204724
401399897
319574161
742451520
270903124
224222014
500837704
676361185
502528272
698435600
319574161
391387251
94434719
379495305
779318071
563438297
518535829
779318071
249950643
612078771
808516736
552065534
430264286
854011618
317674083
617547261
509062567
682572853
89431432
135015654
591495361
812541645
477920672
586927369
253006455
753930678
662734790
404320664
646343894
796635242
653729399
267444214
77396607
235633936
646343894
290150919
249671242
464216671
40490823
788338966
95683548
727321162
671369793
64466685
706896083
15446105
202098673
697308228
645768431
588220542
666806249
609588128
430652954
255932959
219070963
824349799
679791667
754553892
800975468
49223010
60878254
797723476
623242512
200346919
141739845
255126281
473891790
738904730
566812192
771308492
469263240
180288075
416941679
717317250
262880845
671832246
276696829
753930678
608010807
176789803
110503679
430110030
447276650
822271257
136417037
50229984
621603301
198479110
203103220
854011618
659092035
746499214
834180863
290883887
93902840
754553892
255126281
668890174
441912191
822163044
424049018
570643501
238549372
756852392
518535829
488911008
694120904
141739845
641024242
80931037
430110030
799432038
643118232
15446105
793390298
469263240
833527536
186207161
106606824
854011618
509932800
400974111
474428722
603272976
47514254
293229145
811804020
799432038
701357558
336075321
53617236
431332071
416941679
87467459
510365132
200303481
819765676
847741881
732424723
739518483
793390298
612087152
412974778
448337733
277838143
394699431
49223010
238807236
526846856
672476857
87168699
747259795
316838913
96312229
554785783
446185750
778295610
351464709
447050709
795122983
564039881
485569750
689401322
847741881
587809006
873026437
522807563
463221507
497853367
406692476
559296094
854011618
90028996
643118232
191933226
131693926
756852392
519051502
284743285
325745646
351464709
87168699
640466257
619543330
464089269
562233270
518535829
810905702
750993204
120123739
386065434
794506013
690531762
93902840
821002520
45896337
191609991
641024242
808052276
410512068
748342797
329973866
86648515
93902840
153263724
152486951
643118232
397297120
186207161
29937205
635969146
354985625
219070963
848862414
283480631
226563615
779741867
296744214
81860352
91513447
318086608
298377369
853326872
865636808
810982397
595146712
406692476
176859633
734592188
754553892
668890174
93902840
45896337
53617236
274735057
812541645
118119463
443946659
445687541
210354215
464089269
788338966
581079745
96298416
748342797
797723476
643118232
391387251
91513447
118119463
428098749
671832246
789006582
640868412
748510152
230495017
301480285
92177884
267444214
640204724
623719754
811804020
445687541
799432038
155760055
234741703
144691160
637573269
100064742
641024242
692768102
495672327
626542166
240911429
443946659
559296094
200909400
836952535
873514072
273506575
16143182
866798172
617547261
570449346
434206158
447700661
162341621
104435905
226563615
570169736
9724330
742233104
23505391
613547983
181421901
158957836
330988381
429244411
789006582
267444214
400974111
289643482
145297703
230495017
404320664
756785050
443300111
25422402
681124636
335440595
811804020
281474117
176859633
120123739
360874559
91349002
626542166
809514066
595802521
248773267
286013799
289643482
65382206
424049018
37904287
605008937
210354215
129439022
810905702
490648040
9724330
694601075
443946659
250825350
612087152
406692476
129589804
474832279
195266260
834180863
772114963
603559925
759701133
628453512
553091938
562309447
337338472
668890174
249950643
370736642
287498135
771818332
694120904
841353282
634844176
726596530
168451227
170264016
447700661
726596530
712849761
445687541
681856491
491592774
672522425
151651771
456342439
354985625
96298416
485569750
391387251
93902840
605008937
664502017
848862414
283462072
129439022
759204131
562233270
759204131
491592774
526099134
454973128
156106307
175287886
238807236
394425448
446185750
864313110
430110030
559296094
397297120
208554849
366123162
458554936
763981917
518535829
829970854
441912191
643118232
612087152
402175987
430264286
83851991
238082337
603272976
489776220
693600419
846741186
169883035
577990049
353614216
258661729
879070269
268645965
48362518
167583590
464089269
553091938
439431506
613547983
507892840
443946659
151651771
206564959
201080452
742836802
454973128
49223010
254477002
527791759
200346919
167583590
316838913
34434462
847741881
627412700
668890174
389653321
644956135
98709726
430264286
613547983
424049018
591878414
727999331
65871346
281474117
437124396
473050658
627051974
268645965
447700661
238549372
419468914
210354215
612087152
759204131
665377412
396865491
430110030
811804020
570169736
605975792
778295610
848862414
874345710
680991435
701357558
870906504
145297703
424049018
156833560
480901310
129439022
847741881
828714386
120123739
646707990
570643501
645768431
162445694
201895076
742233104
570169736
71823174
50229984
131647786
523303698
87168699
48362518
401399897
833095131
699999529
447215649
461860628
396865491
789006582
767871361
526099134
80899347
162341621
69407733
302076432
851589020
742836802
509062567
423806586
391387251
43892046
29937205
186207161
701357558
34434462
536568026
238082337
238549372
179310502
748342797
86783139
302076432
185405163
248325258
139511122
438363994
104435905
104435905
613547983
811804020
643118232
847741881
156833560
694601075
423806586
75463913
855514668
880682107
819765676
600530
249950643
613547983
612087152
623772614
286013799
141739845
259903239
742233104
447215649
748342797
268645965
128160518
317674083
819765676
763965217
106247458
552947837
34434462
302076432
726596530
726114905
238549372
50229984
179310502
226563615
332544437
439431506
301480285
200909400
148175984
131647786
712849761
25422402
528920344
414730900
710184330
767871361
94434719
45434908
732819798
541998258
449133046
488911008
822271257
201080452
864535480
665377412
655528458
340441928
142720114
170264016
322891202
258661729
320649332
456342439
370075755
612087152
170264016
12024201
495672327
332225800
699999529
819765676
526846856
288996221
259903239
439431506
156833560
739518483
727321162
746499214
647296302
47621512
449077658
74766726
498966299
68858219
523894234
430110030
61719068
322538985
867953665
172238834
789363343
767824676
182425503
312341279
314408448
151350208
137563772
873109195
577990049
77692038
268872217
51798752
682655463
443880558
613547983
446911245
472583931
332544437
574212321
290687518
290419982
137316359
880682107
290427182
864313110
835058970
310906667
89228540
606772728
635203955
836952535
226563615
249577978
570449346
728597310
337419900
324577305
244499020
561627229
845395210
688174019
848862414
86783139
406692476
218215008
191609991
660904170
610629423
758385054
175696309
305771325
600037193
605008937
491592774
645424307
58740413
490648040
554785783
257804919
169758659
198993548
202901942
440585315
191933226
496325790
272065972
90028996
298947836
617547261
462320713
570449346
797723476
262880845
820573603
879189171
420283482
809514066
65382206
81860352
326532655
359751046
445687541
441912191
605975792
273506575
424049018
250825350
155760055
420283482
706001809
167443185
746499214
668890174
181421901
267444214
821002520
875374851
825045074
113824405
86783139
129439022
39239488
296823103
536568026
548871391
812541645
371090478
717317250
864313110
774803401
262880845
240915861
145297703
699999529
389653321
800975468
371021163
603559925
430264286
176859633
605975792
479656815
366123162
621540790
821002520
524047151
88643485
261896227
455658595
703614737
354985625
162445694
59551008
734592188
11678660
290883887
65871346
431332071
59551008
600037193
791136233
465452472
671369793
341695032
341695032
521563232
712865732
318888272
179310502
704092419
605975792
554785783
266884327
864535480
495931043
666806249
326532655
690253988
712865732
562233270
12220946
879070269
474428722
246826921
12047848
833095131
50893959
88123144
858113818
473050658
789927980
58170670
86648515
304498002
12220946
618280862
160398611
288996221
98709726
153263724
682572853
608264662
268645965
262920914
87185813
819391293
795122983
419468914
86648515
371021163
186207161
794506013
11678660
542465677
218215008
83851991
136556490
24735764
570169736
682572853
681124636
756785050
846741186
75463913
623719754
459092899
244499020
873026437
495931043
870906504
520067245
710306455
298377369
447276650
200909400
445809727
529173669
747259795
796635242
759701133
710306455
458554936
160398611
430264286
450306088
458554936
682572853
81860352
792547704
136059845
202832276
295045340
643118232
789357141
726114905
82974530
485762776
447050709
129439022
248325258
234741703
238082337
23505391
847741881
87185813
353614216
254443877
36515489
843934548
848862414
792547704
657949450
785568127
791548053
234741703
651720608
90906425
50229984
802479793
418550042
411454436
521563232
191609991
43892046
157205052
151651771
462320713
320514663
640868412
627412700
319574161
65382206
258071581
643104528
342393454
681155889
201080452
691433743
201431079
641460033
621540790
689401322
296744214
728597310
496618191
473050658
376586339
261634368
605975792
404580858
443946659
509932800
727999331
612087152
168451227
434243770
610956265
210354215
758386626
155760055
819765676
874345710
22880401
200909400
424049018
757522475
799432038
605008937
37904287
647797996
742836802
848862414
87168699
647797996
188930584
400974111
621540790
748510152
598415926
789357141
62155877
283353817
727321162
463221507
759204131
723963568
56805841
