807606272
477775885
261073368
850965887
822387111
736420165
834903824
502528272
483908232
764057322
539097204
705008668
62155877
464089269
586927369
138782855
709689149
192946709
681018062
554467822
295302212
87467459
258071581
274735057
40102135
744426988
304324130
841769155
666806249
121585379
45896337
121012232
871999822
324577305
551994648
681018062
613553776
594521257
594959756
535489915
300123760
577990049
380617838
543215038
341695032
36394652
315069862
91349002
538347310
104536574
152824955
532749385
350620339
153036701
796635242
152824955
109595436
729684258
490593692
546666140
530903474
166259012
511552734
179310502
133853018
36079008
727321162
635969146
458628388
796416001
237809978
828714386
234741703
170264016
756907729
774803401
167443185
772807401
490648040
246531738
843934548
255932856
859280428
626657695
309081459
697308228
390712539
86783139
62155877
611141846
727321162
259903239
95683548
502009293
640868412
462320713
93902840
151651771
600530
842967435
36079008
434243770
758386626
34434462
794506013
341695032
114746168
219987113
723963568
644956135
850321730
88643485
127696314
478186962
765313113
602505638
227954213
234506533
795066443
249950643
671369793
606748335
173430448
72195339
796416001
14154822
712865732
771308492
200346919
319574161
806842023
562309447
626542166
756852392
662734790
850958360
747259795
624123574
410978491
644310792
256655907
42562761
113904743
272477551
804114852
150884612
551263005
268635433
388220307
317668437
850321730
296604343
283553653
151412364
922872
298377369
650084142
438044690
568654959
788338966
626542166
734592188
502009293
205913317
482884248
712865732
628355576
383709387
98640666
69287652
699646061
864535480
671832246
336951070
503404369
357920187
462320713
168099969
631656250
128219622
23119310
803568372
557276400
192946709
483050705
759755877
447215649
535489915
342482255
459092899
5760785
810513828
860994120
114090294
478827215
274735057
136059845
763965217
850159157
701721947
36079008
225979824
819765676
106606824
249950643
714264828
337419900
532376334
666806249
873514072
238082337
795122983
847741881
78448599
433879436
87553156
712849761
114746168
774803401
445809727
598415926
710306455
405243413
758386626
475286849
22880401
647797996
860994120
793390298
376586339
610956265
779318071
202832276
208554849
484078767
390837962
623772614
535489915
206564959
258661729
322891202
281474117
145297703
699999529
180200903
135015654
185405163
562309447
404320664
641024242
13235332
145297703
318086608
866798172
249577978
62155877
466327810
44419119
624123574
483050705
29282938
169883035
851589020
793390298
144691160
162341621
739518483
495931043
793390298
322891202
694601075
640868412
866798172
234741703
337419900
701357558
83851991
880682107
200303481
368061598
857481137
496325790
495672327
734592188
266884327
342393454
187843505
483050705
569592775
436712601
562309447
736908827
507622435
473036639
810112493
512810717
255829439
423790520
3560289
580370114
175045258
186370729
612087152
712122959
726596530
847741881
500163341
283961216
224222014
668890174
870965213
198906785
569592775
201726906
280842684
846741186
422701934
210300289
144691160
713105937
98709726
151651771
447276650
249577978
476338478
384627407
68161797
511581970
230432340
50893959
595305492
23119310
76461892
449895663
865276107
312763845
594089742
310906667
545941435
697308228
341695032
201895076
200909400
765313113
64466685
704306131
446125504
700350005
646343894
543785004
829970854
351464709
836952535
324153401
846741186
742836802
236536627
200909400
319574161
598415926
799315139
742233104
83386631
710306455
261896227
366123162
168451227
721265409
195266260
848862414
548144234
847741881
296744214
496618191
683444690
246826921
536769948
379495305
789357141
694120904
693600419
812541645
128870522
340441928
436712601
436712601
475286849
598978174
822271257
480901310
810905702
729419738
25613806
286013799
681018062
261896227
411454436
267444214
681856491
61790133
70322168
623377436
758385054
627051974
313403828
414702731
681124636
726114905
681856491
800975468
364847021
823356363
129589804
574212321
430110030
151651771
806842023
668791728
854011618
552947837
792543919
659996036
879189171
310906667
453954253
87553156
200909400
98709726
337419900
670581746
738904730
659092035
416788560
411454436
583174003
872103623
197433373
381029545
493766908
139511122
791548053
90906425
496325790
91800770
438801231
458554936
723585399
922872
250825350
453954253
451645109
79716871
577378361
702217947
551994648
795066443
672476857
60513649
96312229
360856660
806842023
502528272
230495017
34434462
689401322
497853367
525356463
400974111
418630224
246892577
342482255
758386626
643104528
591495361
139511122
208554849
799432038
552947837
355819859
167583590
864151543
120123739
383709387
136059845
390359714
10196994
795066443
672522425
447050709
86648515
445809727
532376334
29937205
626328865
848862414
692768102
342393454
283462072
128870522
680016682
286013799
295045340
864151543
526099134
94434719
690531762
864912951
493766908
71823174
449050772
390837962
98792908
185405163
561575354
409892759
148964678
598415926
219070963
680991435
238549372
672522425
643118232
296604343
332544437
329973866
156106307
577864660
662265707
249950643
445809727
617547261
446185750
621603301
206564959
851589020
290687518
576791725
133853018
258661729
773805575
779957405
318086608
548144234
490689428
746499214
210354215
694601075
489776220
759701133
519051502
628453512
641024242
748342797
623242512
157205052
52131101
121012232
448337733
873514072
647797996
355819859
742233104
588220542
875374851
866798172
829970854
187843505
758385054
320514663
532589907
156833560
789006582
742776906
862461984
862461984
175581130
462320713
436712601
267444214
45896337
668890174
353614216
799432038
238082337
129439022
404320664
489241913
538778562
438363994
783507859
694823956
312183652
645535845
628355576
573093487
185297995
166399961
651567828
484243248
768563312
702825727
151255744
493342927
441904079
79648874
134119647
575089000
83851991
441334273
25422402
746057671
644956135
671832246
614560553
73655570
39239488
451254354
341811422
626542166
787132327
862531262
548144234
567269414
298941201
318674254
512875123
866798172
317668437
343032947
796049217
500442222
658584927
528920344
249950643
747259795
586927369
851589020
88643485
641460033
862102271
431332071
129439022
406692476
510365132
526099134
411454436
45896337
429244411
218215008
621061495
728597310
234506533
414730900
348949925
862461984
475186334
50893959
598978174
772114963
57716125
570169736
256065487
230233257
385219522
22880401
286013799
662304404
522807563
131647786
10196994
430110030
218215008
797723476
485021140
280842684
301480285
153036701
298377369
370736642
520067245
643118232
195266260
509932800
621603301
489241913
478186962
602505638
422701934
209830716
364847021
341695032
759204131
816963193
570169736
191933226
30579670
640204724
401399897
319574161
742451520
270903124
224222014
500837704
676361185
502528272
698435600
319574161
391387251
94434719
379495305
779318071
563438297
518535829
779318071
249950643
612078771
808516736
552065534
430264286
854011618
317674083
617547261
509062567
682572853
89431432
135015654
591495361
812541645
477920672
586927369
253006455
753930678
662734790
404320664
646343894
796635242
653729399
267444214
77396607
235633936
646343894
290150919
249671242
464216671
40490823
788338966
95683548
727321162
671369793
64466685
706896083
15446105
202098673
697308228
645768431
588220542
666806249
609588128
430652954
255932959
219070963
824349799
679791667
754553892
800975468
49223010
60878254
797723476
623242512
200346919
141739845
255126281
473891790
738904730
566812192
771308492
469263240
180288075
416941679
717317250
262880845
671832246
276696829
753930678
608010807
176789803
110503679
430110030
447276650
822271257
136417037
50229984
621603301
198479110
203103220
854011618
659092035
746499214
834180863
290883887
93902840
754553892
255126281
668890174
441912191
822163044
424049018
570643501
238549372
756852392
518535829
488911008
694120904
141739845
641024242
80931037
430110030
799432038
643118232
15446105
793390298
469263240
833527536
186207161
106606824
854011618
509932800
400974111
47442