\BOOKMARK [1][-]{section.1}{概述}{}% 1
\BOOKMARK [1][-]{section.2}{SGU321}{}% 2
\BOOKMARK [2][-]{subsection.2.1}{Solution}{section.2}% 3
\BOOKMARK [2][-]{subsection.2.2}{Code}{section.2}% 4
\BOOKMARK [1][-]{section.3}{SGU322}{}% 5
\BOOKMARK [2][-]{subsection.3.1}{Solution}{section.3}% 6
\BOOKMARK [2][-]{subsection.3.2}{Code}{section.3}% 7
\BOOKMARK [1][-]{section.4}{SGU324}{}% 8
\BOOKMARK [2][-]{subsection.4.1}{Solution}{section.4}% 9
\BOOKMARK [2][-]{subsection.4.2}{Code}{section.4}% 10
\BOOKMARK [1][-]{section.5}{SGU325}{}% 11
\BOOKMARK [2][-]{subsection.5.1}{Solution}{section.5}% 12
\BOOKMARK [2][-]{subsection.5.2}{Code}{section.5}% 13
\BOOKMARK [1][-]{section.6}{SGU326}{}% 14
\BOOKMARK [2][-]{subsection.6.1}{Solution}{section.6}% 15
\BOOKMARK [2][-]{subsection.6.2}{Code}{section.6}% 16
\BOOKMARK [1][-]{section.7}{SGU328}{}% 17
\BOOKMARK [2][-]{subsection.7.1}{Solution}{section.7}% 18
\BOOKMARK [2][-]{subsection.7.2}{Code}{section.7}% 19
\BOOKMARK [1][-]{section.8}{SGU330}{}% 20
\BOOKMARK [2][-]{subsection.8.1}{Solution}{section.8}% 21
\BOOKMARK [2][-]{subsection.8.2}{Code}{section.8}% 22
\BOOKMARK [1][-]{section.9}{SGU337}{}% 23
\BOOKMARK [2][-]{subsection.9.1}{Solution}{section.9}% 24
\BOOKMARK [2][-]{subsection.9.2}{Code}{section.9}% 25
\BOOKMARK [1][-]{section.10}{SGU339}{}% 26
\BOOKMARK [2][-]{subsection.10.1}{Solution}{section.10}% 27
\BOOKMARK [2][-]{subsection.10.2}{Code}{section.10}% 28
\BOOKMARK [1][-]{section.11}{SGU340}{}% 29
\BOOKMARK [2][-]{subsection.11.1}{Solution}{section.11}% 30
\BOOKMARK [2][-]{subsection.11.2}{Code}{section.11}% 31
\BOOKMARK [1][-]{section.12}{SGU344}{}% 32
\BOOKMARK [2][-]{subsection.12.1}{Solution}{section.12}% 33
\BOOKMARK [2][-]{subsection.12.2}{Code}{section.12}% 34
\BOOKMARK [1][-]{section.13}{SGU346}{}% 35
\BOOKMARK [2][-]{subsection.13.1}{Solution}{section.13}% 36
\BOOKMARK [2][-]{subsection.13.2}{Code}{section.13}% 37
\BOOKMARK [1][-]{section.14}{SGU347}{}% 38
\BOOKMARK [2][-]{subsection.14.1}{Solution}{section.14}% 39
\BOOKMARK [2][-]{subsection.14.2}{Code}{section.14}% 40
\BOOKMARK [1][-]{section.15}{SGU350}{}% 41
\BOOKMARK [2][-]{subsection.15.1}{Solution}{section.15}% 42
\BOOKMARK [2][-]{subsection.15.2}{Code}{section.15}% 43
\BOOKMARK [1][-]{section.16}{SGU353}{}% 44
\BOOKMARK [2][-]{subsection.16.1}{Solution}{section.16}% 45
\BOOKMARK [2][-]{subsection.16.2}{Code}{section.16}% 46
\BOOKMARK [1][-]{section.17}{SGU355}{}% 47
\BOOKMARK [2][-]{subsection.17.1}{Solution}{section.17}% 48
\BOOKMARK [2][-]{subsection.17.2}{Code}{section.17}% 49
\BOOKMARK [1][-]{section.18}{SGU357}{}% 50
\BOOKMARK [2][-]{subsection.18.1}{Solution}{section.18}% 51
\BOOKMARK [2][-]{subsection.18.2}{Code}{section.18}% 52
\BOOKMARK [1][-]{section.19}{SGU358}{}% 53
\BOOKMARK [2][-]{subsection.19.1}{Solution}{section.19}% 54
\BOOKMARK [2][-]{subsection.19.2}{Code}{section.19}% 55
\BOOKMARK [1][-]{section.20}{SGU359}{}% 56
\BOOKMARK [2][-]{subsection.20.1}{Solution}{section.20}% 57
\BOOKMARK [2][-]{subsection.20.2}{Code}{section.20}% 58
\BOOKMARK [1][-]{section.21}{总结}{}% 59
