Case #1: 15 25
Case #2: 0 0
Case #3: 81 567
Case #4: 181 244
Case #5: 0 0
Case #6: 5000000 5000000
Case #7: 10000 9990000
Case #8: 2693 9040
Case #9: 9588 33467
Case #10: 10719 30258
Case #11: 14363 33183
Case #12: 13027 34543
Case #13: 10832 33529
Case #14: 16246 45573
Case #15: 23635 42477
Case #16: 14935 42959
Case #17: 17670 65681
Case #18: 21560 69011
Case #19: 23567 58239
Case #20: 29704 81064
Case #21: 23533 57183
Case #22: 33148 94417
Case #23: 31477 100098
Case #24: 33231 83656
Case #25: 23836 86251
Case #26: 38383 94694
Case #27: 42212 101741
Case #28: 40575 105965
Case #29: 43592 98135
Case #30: 44758 119943
Case #31: 45155 127102
Case #32: 49372 142161
Case #33: 49749 108122
Case #34: 56266 146372
Case #35: 62202 138765
Case #36: 48606 150794
Case #37: 49087 123412
Case #38: 53240 181538
Case #39: 48537 166198
Case #40: 65028 186517
Case #41: 54864 167661
Case #42: 54867 186368
Case #43: 61085 174964
Case #44: 64959 219714
Case #45: 69698 201719
Case #46: 69729 221480
Case #47: 63587 218693
Case #48: 88187 232426
Case #49: 61830 230900
Case #50: 69129 206357
Case #51: 69690 247307
Case #52: 76162 245490
Case #53: 73283 275564
Case #54: 1612608 4936481
Case #55: 1698581 5068432
Case #56: 1636221 5052198
Case #57: 1655932 4857418
Case #58: 1632213 4944816
Case #59: 1669657 5114022
Case #60: 1627839 5135919
Case #61: 1640317 5042981
Case #62: 1749117 5126947
Case #63: 1692503 4910803
Case #64: 1733890 4913924
Case #65: 1627270 5117359
Case #66: 1679925 5065486
Case #67: 1697074 4841377
Case #68: 1787444 4940564
Case #69: 1630453 4942946
Case #70: 1663025 5058685
Case #71: 1661183 5081213
Case #72: 1695617 4761535
Case #73: 1683856 5098605
Case #74: 1706999 5030536
Case #75: 1624199 4991213
Case #76: 1642084 4893382
Case #77: 1693854 5038169
Case #78: 1701011 4824003
Case #79: 1594591 5049311
Case #80: 1634979 4837576
Case #81: 1694197 4948225
Case #82: 1783163 4924968
Case #83: 1674934 4883508
Case #84: 1676337 4934844
Case #85: 1652805 4948874
Case #86: 1741098 5000043
Case #87: 1599330 5026512
Case #88: 1636936 4940322
Case #89: 1726054 5037686
Case #90: 1596104 5093550
Case #91: 1618903 4948142
Case #92: 1636631 4962763
Case #93: 1653860 5068775
Case #94: 1660696 5002433
Case #95: 1643394 4779604
Case #96: 1678169 5030048
Case #97: 1661785 5080142
Case #98: 1734828 4953105
Case #99: 1666633 4885438
Case #100: 1689448 4872254
