Case #1:
0
0
0
0
1
Case #2:
0
0
0
1
0
0
2
1
0
Case #3:
0
0
1
0
0
0
1
0
2
2
Case #4:
0
0
Case #5:
1
1
0
0
1
0
0
Case #6:
0
0
0
0
0
0
0
0
0
0
0
0
0
0
0
Case #7:
0
0
Case #8:
0
Case #9:
1
0
3
0
4
0
5
1
1
0
0
0
0
1
1
Case #10:
0
0
0
0
0
0
0
0
0
0
0
0
0
Case #11:
0
0
0
0
Case #12:
1
1
2
0
0
1
0
1
5
0
0
0
2
0
4
Case #13:
3
0
0
0
1
2
2
1
3
1
0
0
1
1
0
Case #14:
1
1
0
4
0
0
0
2
0
4
1
0
0
1
0
Case #15:
5
0
0
2
4
1
0
0
1
0
0
3
3
0
1
Case #16:
0
1
0
0
0
Case #17:
0
0
0
0
0
1
0
0
0
0
Case #18:
0
0
0
0
0
Case #19:
3
0
2
1
0
0
2
1
0
1
0
4
2
0
0
Case #20:
0
0
0
0
0
0
Case #21:
0
0
0
0
0
0
0
0
0
Case #22:
0
0
0
Case #23:
3
1
2
1
0
0
1
4
0
0
1
1
0
0
1
Case #24:
0
1
0
3
1
3
1
0
4
0
0
2
0
0
0
Case #25:
0
2
0
0
1
1
0
0
2
2
Case #26:
3
3
3
0
0
2
0
1
0
1
1
4
0
0
0
Case #27:
0
0
0
0
0
0
0
0
Case #28:
0
0
1
0
1
0
0
Case #29:
0
3
0
0
3
0
2
1
0
1
0
1
1
2
1
Case #30:
0
Case #31:
1
4
0
0
1
0
1
0
5
0
1
0
1
0
0
Case #32:
1
1
1
1
4
1
0
1
0
0
0
0
3
2
0
Case #33:
0
0
0
0
Case #34:
0
0
0
0
0
0
0
0
0
Case #35:
0
0
0
Case #36:
0
0
0
0
0
0
0
0
Case #37:
0
0
0
0
0
0
0
0
0
0
0
Case #38:
0
0
1
0
1
0
Case #39:
0
0
Case #40:
0
0
0
0
1
Case #41:
0
0
0
0
0
Case #42:
0
2
0
0
0
1
2
2
0
5
0
0
0
1
0
Case #43:
0
0
0
0
0
0
Case #44:
1
0
0
0
0
0
0
1
1
0
Case #45:
0
0
Case #46:
0
Case #47:
0
0
Case #48:
0
0
0
0
0
0
0
0
Case #49:
0
0
0
Case #50:
0
0
0
0
0
0
0
Case #51:
0
0
Case #52:
1
0
1
2
0
0
0
0
0
1
3
Case #53:
1
2
0
0
0
2
0
0
0
Case #54:
0
0
0
0
1
2
0
1
2
Case #55:
0
3
0
1
1
4
0
0
1
2
0
0
0
2
0
Case #56:
0
0
Case #57:
0
1
0
0
3
2
2
1
1
1
0
0
2
0
0
Case #58:
0
0
0
0
0
Case #59:
1
0
0
2
0
0
0
0
1
4
0
3
0
3
1
Case #60:
0
0
0
3
2
0
0
1
1
0
1
0
Case #61:
0
Case #62:
0
1
1
0
0
0
Case #63:
0
0
0
0
0
0
0
0
0
0
0
0
0
0
Case #64:
0
1
0
0
1
Case #65:
0
0
0
0
0
0
0
0
Case #66:
0
0
0
0
1
0
Case #67:
0
0
2
0
1
0
1
0
1
0
0
1
2
Case #68:
0
1
0
1
0
1
0
0
1
0
Case #69:
1
2
1
0
0
1
0
1
0
0
3
0
Case #70:
0
3
0
0
1
1
0
2
1
3
2
0
0
4
0
Case #71:
0
1
1
0
1
3
0
2
0
0
0
3
0
2
2
Case #72:
0
0
0
0
0
2
0
0
0
1
Case #73:
2
2
0
0
3
0
0
0
1
0
0
2
Case #74:
0
0
0
0
0
0
0
0
0
0
0
0
Case #75:
2
1
0
0
0
1
0
0
4
3
1
0
1
4
2
Case #76:
1
6
0
0
1
1
1
1
0
0
2
1
0
3
1
Case #77:
0
1
0
0
0
0
Case #78:
1
3
0
0
1
4
1
2
0
0
3
0
0
Case #79:
0
1
0
0
Case #80:
0
1
0
3
0
2
1
3
3
1
0
0
1
0
0
Case #81:
1
0
0
0
Case #82:
0
0
0
Case #83:
0
0
0
0
0
0
2
Case #84:
0
0
0
0
0
0
Case #85:
0
0
0
0
Case #86:
2
0
4
0
2
1
1
0
4
0
0
0
2
3
0
Case #87:
3
1
2
3
0
1
0
0
1
0
0
0
1
0
0
Case #88:
0
1
1
1
1
0
0
0
Case #89:
0
0
0
0
0
0
Case #90:
0
0
0
0
0
0
0
0
0
0
0
0
0
0
Case #91:
1
3
0
2
0
0
5
0
0
4
0
0
3
0
1
Case #92:
0
Case #93:
0
0
0
0
Case #94:
1
0
0
0
1
0
0
0
0
Case #95:
0
0
0
0
0
0
0
0
0
0
Case #96:
1
0
2
1
0
1
0
0
1
0
0
3
0
1
1
Case #97:
0
0
0
0
0
2
0
0
0
Case #98:
0
3
0
0
2
1
0
1
3
3
0
0
0
0
1
Case #99:
0
0
0
0
0
0
0
1
1
0
Case #100:
0
0
