Case #1: 507059447 741860141
Case #2: 2 1
Case #3: 56103256 467176030
Case #4: 616614881 718512182
Case #5: 858463859 925866024
Case #6: 914446682 326487736
Case #7: 568451865 402056534
Case #8: 679221065 901403157
Case #9: 319838403 319838403
Case #10: 914956340 949904131
Case #11: 1 1
Case #12: 109667929 662611179
Case #13: 696316964 550429273
Case #14: 238405893 720720066
Case #15: 918270667 185042843
Case #16: 1 1
Case #17: 199657043 899965082
Case #18: 1 1
Case #19: 483725318 646137453
Case #20: 798717050 797874213
