-1
78981
29788
27609
1240
-1
47823
51886
24106
37507
56643
1572
60532
27662
19737
61809
69993
37078
24362
-1
46762
10213
32802
29546
22413
2036
-1
47356
4564
14502
1488
-1
6426
34153
99186
86886
-1
-1
47841
11668
24556
5242
-1
-1
-1
68556
92411
44540
52421
27518
-1
-1
16508
-1
34905
90846
38470
3100
7402
54213
33558
1639
48224
-1
43260
67778
-1
90058
31276
51885
39248
8920
35386
-1
-1
292508246
34411
44340
-1
22523
21529
512
90373
-1
-1
5730
37078
-1
70417
-1
-1
37660
-1
18398
85041
-1
15480
2904
24089
-1
0
-1
2015
1000000000
1005000000
