6474494
4430803
1749735
731448
17725448
4612730
10022
1611064
643022
7383561
14569725
12334
6699383
2083265
2125192
16590020
212047
3510194
6054773
4820278
3779684
1968260
569897
21793680
1806350
18684816
5437
12802920
6517435
9759417
688071
40977
1341400
19732512
872502
9263289
4911298
9233445
268558
8455648
2906441
3215177
1971
15010530
2593514
711074
4897133
100539
1422971
7942814
1778535
13536632
615055
11521104
1941975
9711067
5246444
288985
2750989
47862
9764560
10980542
2025386
24764
9022026
1516673
71644
1556796
6680987
19220497
37290
328022
9233828
2876474
5736698
1596215
214941
2750973
10158041
12863425
2295512
9019156
5022944
1644976
3142456
1915995
1709980
4928027
79618
304363
2695594
462344
8981395
3674746
3491476
2277015
4781732
2475376
5875469
979886
110923
9981
6359984
5436657
79569
65905
10515
309498
417206
998006
20232412
17447242
2608259
12888312
8682854
5808296
75276
673897
2906706
6129811
599767
8357266
3152525
18819839
2470877
1396184
147300
7335150
81581
20397735
21775
8093111
425828
8204
375699
3706872
15945231
1047073
13180218
391439
1029183
843830
5624726
589617
1306667
9358708
3695074
2773029
618491
647734
1445037
1492728
1613479
94016
901568
3333363
5569237
10976043
443239
12306893
7798666
3042
63054
2512301
73920
2013347
20365383
3464945
58194
2693624
3356374
623
38786
6749
1937772
720658
23784556
13442
1553381
4406428
6088272
26651
904420
8794471
21360333
3377668
3337094
568305
279428
2369266
224683
8887871
28612
1920237
4726004
279168
2676413
6655355
195017
10461590
1545357
862367
1902322
6713223
13861684
24859447
23784976
583463
1162002
6080737
7222716
852750
4217765
502150
2335572
1575845
14489362
15702692
3410083
4177638
10831722
8880424
527050
17023990
9650483
1392492
1736986
1630249
9057623
402690
602758
3608779
102384
1787224
2432377
7524888
5071973
1344003
1919002
72146
18912170
1232312
9027788
1448470
129429
3314658
1443033
498926
70591
2474
7992
3097
321079
2217182
20073363
544779
8401696
8508716
26141
4686244
63910
194515
7137177
8567257
146359
404427
15916
10374936
2867307
6750100
11121920
125724
25699
205112
1014452
5348999
8670921
4701128
10338815
16320288
662311
2581
68706
9419285
166115
19814051
10864306
821498
146037
8009489
15425059
4431049
7401213
3880162
1174834
5499832
1347761
9379
3231090
2803
9777695
3396625
4664814
650146
7316722
653145
306695
8529265
1280567
119858
4484999
10988943
1702679
2483937
5003826
10165
63559
2688123
8219030
3344816
166678
1573145
7672038
17542333
4956614
15474421
40495
9203486
109780
394719
9182260
2096521
2907737
6879794
41421
1122084
3336913
1318809
397914
741389
859339
136780
396295
403
3124322
162136
20487283
8248718
1077776
2864725
4209960
21504447
2772455
11679049
1634556
341872
2021649
5526360
7164925
7428150
7328016
2741071
11443402
1718165
16497808
203889
1080403
815834
105284
8439488
2228292
451290
4507057
14814118
22338053
12516190
6088092
7869108
1089
136624
1258844
20314414
7749214
525110
226150
4345222
11253616
18948783
634
17607278
11649933
5343700
3502228
14526976
366606
743051
1521816
25755093
1008086
300058
73650
4244296
10379814
5710279
752842
134657
7347287
12312469
4703124
1022157
2961281
11877967
625598
2966006
37296
7869262
11981493
8204
6532476
2625669
258354
742919
20123581
2142424
62808
3868557
1967256
19425968
2028527
1565457
1172844
3176853
14612818
5295701
2836239
17417922
8146
4111560
100835
5280417
723698
2425500
16277
22251
8836744
8542486
27247725
1973712
5699728
5690515
15197627
211072
326196
5731
73889
41015
9732764
306411
1296224
2623291
1193650
106716
112098
6073516
850204
9178075
529669
274863
16700
2362861
12416535
19726308
761316
4946257
12256985
1646530
7645
897881
9593440
2812277
4454821
3117
1018927
17756
405698
1072507
302611
13448272
2125109
2162468
2761224
2715748
1884882
968626
8753274
4716
905763
9804957
25298418
59070
1612548
78062
876794
380293
17082955
7703800
4395383
593094
7107925
18563716
1751268
2119205
1171108
2586538
12576620
734872
6791380
867009
5452589
500672
5924533
20079766
7366065
9432059
4023152
126798
10728514
7362948
6758314
15236402
5663578
4747362
6174666
22158852
2343845
1314428
3459723
1836987
1177695
4111182
244774
3599117
14803694
11344258
9730330
3537884
12944186
829488
11497127
9844366
8652736
854314
16960651
2310690
26441336
9610767
8262974
391871
15219806
3260879
131839
3813879
56459
6478142
8488829
5509487
259669
5626394
34924
1102312
3008382
2845975
18624609
2860022
359237
868617
107929
1662931
627924
1145213
416774
651775
22152101
5930
25120395
2080173
12605382
19657713
87444
1431472
23524054
746078
1696354
2843831
2769883
7051651
27247345
114567
719553
145202
2240036
12000147
3330395
652883
201799
70382
10554147
4159701
474369
16138029
3364542
10678234
4453962
323193
22970979
2267625
2621049
672519
2575757
55439
8981692
20596425
16849753
356726
1192901
19413726
798092
488643
13242
13681
208727
13365370
1920434
47350
1480913
727157
1975131
67825
365647
6947136
630
7791086
3675883
135663
2191664
1526910
3445210
1077756
1495635
10543
172414
3250090
216196
1916485
537882
4186314
15641698
22638
8041814
2592
6900974
11747544
1567894
1190426
176033
20962
9071300
16716016
10339074
2505985
502607
21727580
89506
151480
2088487
3172136
2470163
8119205
27572832
7134848
4002809
250402
17613059
19934530
1780601
9689053
610260
3245380
173295
5403
10085830
4022934
37686
559579
22553251
62780
1502615
158914
157721
961654
1076992
5483053
13381312
7957182
22224953
9186626
2808653
13608878
542864
1002729
15103843
361063
1878
971398
1092500
4517692
12771598
83383
20175149
4174630
5911532
1778018
340844
5477016
15181680
7509623
1245862
16901579
3814296
458853
3188
2113439
82097
2751184
4950198
15990996
1245800
1944032
2466182
14813255
1540844
1841777
13153885
697245
34810
663616
9387962
12168269
786435
1621221
776243
95651
5681646
356029
11415784
16624127
6052536
18936513
6863812
17223754
6845842
624707
1064015
41493
3852959
5760289
4707787
804856
19382020
8336362
13185001
1081804
2475914
11292140
1736697
172882
378263
3176639
8142388
2809977
9147275
7776739
703330
16337381
1228967
9567283
18933
6485026
1529741
165302
209836
845774
8773391
680030
23331
21688461
1818326
7573
343283
20288884
12242444
3544345
746964
857070
132474
1221165
19196148
421385
1311792
1712600
722420
580134
4194431
194059
11830380
2892025
2814657
363962
4471252
2299854
16400352
954529
16763432
2291869
3921553
2883782
7254
1318630
9715555
12601904
2691878
77973
4194869
8737918
26
545136
1086332
1286047
4111545
11816210
13541612
21386633
3565438
2571164
15098538
16821028
1519771
312548
16331040
11927988
24158844
399
4249881
19022462
14743249
517022
16960511
138391
2031689
123883
3534037
532498
2194
1312
434306
28347
237688
10243501
654046
1587
5768307
10284083
6241667
6821866
1010699
17833191
871242
4726183
3085122
13614920
1856146
3571330
29768605
22011
27019
406179
2905427
11439827
11197574
532489
21015566
13005873
113413
5677200
11182810
3497569
5138388
162323
10599943
1440877
7224546
5422645
14869239
12828211
1612599
14770762
229976
6700198
6161506
2492804
479352
5041135
2732358
2660357
93726
9391895
2382436
872727
1865801
73291
3176200
9147199
116436
49573
553593
131722
4122712
7653214
231689
2068649
2048367
47596
719544
796713
5987006
6158715
6039443
11319333
2621129
5845687
18097005
1089377
6615603
2209389
5367578
18648
2012562
21866293
421088
21041814
7416
124479
728649
299354
3707189
8165833
23297511
16728461
2086215
5414066
1382
3142456
5234467
3858524
2451992
763351
2068455
2439178
3301015
17785817
519259
13635821
13402271
4530867
9105427
17791077
2688528
3205636
105686
11463422
1243282
598645
1782945
261308
19326112
19997
6263822
1511895
5144032
10261642
8587197
9519654
7354498
19041929
8549744
11478311
17065819
13693533
11584446
10882423
9414868
9097049
439002
11377
6199559
1950154
687365
2908269
153739
615404
2371809
922263
2596133
8141622
3358007
16041561
1078722
1669231
3237410
10225692
16618504
2025683
11469184
7195010
5270
649848
8595683
1319251
6765336
13521242
601738
1185016
8985972
20615667
4582831
3284503
2699849
14050695
7416340
18109544
11748009
2433742
4276683
365370
2632741
24242302
6296146
977716
1230476
7228245
208282
847468
253511
26187844
6972342
7735901
257093
1298841
2681154
2366063
5259250
6408399
1135258
1936054
6376
1272116
62297
3176461
26784183
23107083
956479
5529341
5237334
4356707
9510662
2187519
15087679
3583089
7458521
1415857
17714505
36281
2170792
2242081
1445267
6313434
113874
9816761
213001
716359
13128563
403031
399693
12909461
6331508
631713
23304258
7782229
7723144
2869645
16313571
2330812
8218820
1681119
9126862
13697729
19544830
128548
3804589
29194
11197162
16590204
2528255
700477
59747
5212186
4323547
6234588
180392
6148166
53471
2286131
4983626
4789618
3327580
743669
788953
6949523
3195390
1788513
7905124
19270857
15713834
2272199
511248
5175375
3546156
1156285
164704
1699668
774514
3689669
13485191
8808157
24054623
8875752
13798031
7735249
98022
14307465
290608
22923798
1316218
3492987
2737007
1300006
7346569
15016614
491399
8202125
8345430
431266
3417807
8021308
5616117
15563527
1714594
1133708
4320514
10131030
803877
8679092
16098229
232519
5300484
4497247
163803
8150389
6116135
1745241
844981
102982
1642208
21491137
2019413
3005180
604872
1618
62373
5163495
11055880
2652044
770
78148
3644695
2219
13782239
1488925
17791694
437732
5345059
7762357
445744
113504
120424
467315
4418176
2884062
77269
3803802
12242741
3152
854302
7069891
1810012
22485514
9610072
2468535
23881986
17153092
364604
15387
1651846
862800
454394
10192700
29446
750124
4297826
7525189
350844
109887
2952423
204011
15631
7455413
1286743
9111680
1125736
23339004
8465360
3688885
13917
4224926
8199032
8952058
40966
14332651
13097189
1731750
1544094
832270
2801300
2793204
22028
8226510
31510
7563560
28738
826288
1020735
12109087
2528271
291
1160420
9186093
7389797
341296
5374513
491070
1040909
701600
209513
22446009
2846020
8763122
2810
4377684
210594
13313417
654558
220344
24180141
158722
9986989
4790824
1144631
5080078
826982
661083
5941825
5914377
8484534
2082392
722748
10471217
6133554
4930778
721850
2841220
1187427
666393
3663647
1257322
13299014
2482133
68443
11363606
509625
703320
269167
1044130
3768036
4462512
1494735
12545952
2156969
5365837
5216159
2697193
133289
5158346
5497055
5935191
16132208
8977693
10411977
6906738
25798171
128432
5453027
2537049
8109975
11159209
1139860
25141450
377927
3961114
2386180
11392357
4240457
15032653
2248577
4704781
6069436
861926
462331
99401
5530
2644861
31291
5409635
477473
2199903
636544
4372362
9284584
5939511
240667
3749668
553189
2544358
850155
742490
29035
4371780
3374
4067592
909664
8065107
9228620
9020307
310778
3839454
897575
2164571
16642060
15613449
579914
162206
2743918
1898748
1979104
748771
3698081
3998797
1564109
5115093
7384817
5333386
1323502
8766339
160849
888086
131284
6488844
30239
5801310
12124283
5268100
12544843
2499624
4456630
4907017
565843
16102999
203170
4136
7796
3871316
4736577
1070182
6713983
219452
519000
373112
4035
3767977
8459670
17100911
482081
1419
18114733
4080082
5027611
19884224
1873441
62322
9664190
11874567
8619461
980803
18193610
14575898
10701067
1723477
501854
68709
3228377
3001463
8267566
3132582
12874430
12795
176008
755991
1485627
8235042
3123952
448838
22185
2303845
1390915
119699
2271590
353605
3070205
9096516
1831717
8178801
414904
3325739
2655930
20660378
1318149
539179
2120318
1084693
7263530
182745
268162
7941898
5525095
13651451
1104
8123314
56347
10467074
4118872
174946
8438554
17240
5438158
1137028
4476688
12421110
133808
5532292
4585158
6747772
2979269
2415298
609048
99849
15876736
1198690
1538443
35317
524199
12421731
2352109
10727
13412706
4098799
849406
11654725
1782138
92070
5192090
139347
9019993
888561
22836159
7941650
55034
5687029
4330509
17308
2154295
813594
2370514
2455913
6801602
7696278
1602962
29476193
9853513
128993
3226316
6089963
3128763
515235
4897075
1762690
141342
5056118
703246
4687993
3749832
4474581
2082755
715318
9826120
742718
144363
14115145
2910226
626793
4828792
17400254
2958080
18459826
575277
597423
8402240
3182089
6123015
9363393
6976980
1621806
11493090
4187094
618902
1247693
3111538
7613545
2474285
25783774
9095781
4029963
20174250
1299370
951733
14381812
10724169
22620006
297048
27998011
17797204
2843373
7707641
726076
13930366
9746428
1652367
6772177
201502
2019853
151240
485762
2603244
4175567
10234216
5066549
4854615
13329404
2125089
4264874
1506358
7908238
393613
548034
1610397
6014162
18060667
7259361
4026986
4341550
2169128
14755060
559592
25341
9389258
7867812
18368540
4046209
23747
8209853
5233876
30936
1955539
848778
1456786
41442
4400157
3108864
1596492
243258
21807440
38654
397412
2064887
5449688
11941979
1776111
55552
637356
7176054
6845807
137487
23874693
573292
5725489
473197
3692933
23529974
15900425
7791155
3032231
7491138
2896787
645094
23531061
289685
431190
21765
1074610
4831528
4445300
22910115
3350793
143563
1930245
14640769
6193274
14858111
14678357
836615
459859
200003
2576369
8559179
13458317
8092970
3509
2525936
8185847
7324749
3776888
23874557
361499
4510691
13355425
338748
1551747
1590568
32046
4691821
14280835
4399091
3350795
2421485
653798
24539
6894738
22185550
224258
2359
189724
126042
3454612
22325507
602286
17559766
5928468
14057052
2017788
989561
2432453
3444281
16983591
2881524
5673282
7009486
1123055
36751
4328775
610712
2105864
38749
2778009
1017287
218939
844560
702
893560
14088887
4402881
39870
4091167
13307436
464812
10900013
1795031
553594
457840
568953
4814683
4197938
787312
12445999
217455
501850
7339298
2575984
15714810
13993784
300051
13977275
7168358
87428
729669
132280
577491
1565676
14857870
16937600
1430490
757188
8484445
156404
682454
356
46507
18590
13288007
3237768
5047
26281963
3797369
10616922
1920308
144510
6388612
307137
5529596
1681338
22887
1400414
3698556
17697
10499166
1760960
16399495
1036677
2490191
2602694
1856481
3510645
15607436
2292
3464754
17024762
258502
11267287
5887459
3242372
1789327
2497183
3293733
209663
5397017
221655
43287
1882792
3001221
10001139
19105
4521608
3510006
4201007
3573868
4928467
1618575
4463959
6348957
631918
2922441
8222922
11889234
6498869
7301352
3462722
15670005
136343
137753
1598805
4197981
8182435
16879377
1630063
15071008
431322
30152
4793264
416127
5034589
8113150
5646231
5689134
3391709
801169
52696
782777
25233894
556056
4846825
30093533
2802015
10306986
247654
8935237
587667
1298217
16457585
4232833
5977065
11932781
19029313
741889
13143345
19575950
657
846214
4256060
5820915
2531398
1347824
25144
53657
13619
571203
245780
2835842
1556733
20335
8057355
19808313
6024728
19947143
1957212
2026945
2871690
789277
729549
129372
987816
19288659
22184705
468487
15737135
39509
729802
2001950
1871348
25841328
18120704
10750
3939256
575552
16452018
27863263
3660809
2217550
6728819
1628945
7278292
10059493
5136431
2763060
11874485
1011412
914502
653569
4224107
2176991
1340661
6249658
966268
819205
3854489
180785
26491
263871
14072981
5080167
12030291
3603482
7650600
904148
3844621
22109
5729909
580913
2396368
1556499
643034
7687912
1008651
23564916
4504777
2857925
1543699
1900996
7790751
4513502
15203736
199637
668240
2975753
4239116
1376855
131160
6119570
17311625
2034766
10700995
7024732
5279515
55707
428018
9242642
2566502
621653
1086067
2102607
1400794
14780495
15552931
8202199
1414117
115917
202405
2852129
25240955
141067
4915518
13798455
228406
903
3278364
6444543
2088109
1436108
13162
4317261
1436
3184511
8178
4014582
606302
1523766
37420
7081573
24248957
5361515
18857296
27693
206573
405073
8574199
16200651
3412716
691293
998112
586717
2108701
22559223
9667861
1812683
1656215
7817568
22633
5289266
661606
185303
9733571
1008530
1324651
6823657
6059652
11135513
5068886
10604531
9929121
10352739
45668
11117132
15714975
9641820
16532075
1147424
11417
8545105
1648388
11287328
7343035
378670
17964842
21028533
9005048
14977300
4607948
465281
10162265
261179
5416873
6877
1388
1134031
8125777
160272
14738045
4946911
986770
4837654
10148951
232917
868452
9177368
5016427
9531867
25
178973
1507
15303202
42941
8353
1352898
4997425
5144210
10302545
797216
371377
7351299
2397079
6904754
1150726
3915885
256461
29407
681058
11791942
2497582
12081
8678429
320578
3760431
321778
1459739
11540006
229144
15798954
21430
1068035
426
10539974
920703
1501261
5815538
421858
760088
143236
19689375
1095274
2177876
258452
16036254
2586196
15088225
4738524
1239281
2671296
13047184
57656
2450276
9585101
6772608
4412303
114494
1192752
3553119
4624765
1697716
13505704
550312
657890
854867
6596531
9070478
9224832
7561898
3400670
6323360
18459372
5299162
63222
2853
3709
5453
3137727
24738885
11487643
2163237
10208185
249557
7224735
5334028
10727767
2047345
1653939
6363536
1711027
18807852
658165
5268758
3845958
456995
8434606
7553
4084182
339279
12118914
257011
10117331
148654
4242664
8431036
11078133
10113423
83355
12202767
4453542
15441315
48397
1940105
3569184
17070767
9774001
1596255
15630721
6186277
20327022
436820
19550671
731747
22178832
7532552
988002
23619993
121779
5211571
795934
502210
15240998
4158688
4786435
1001450
3907324
166552
8263425
692409
388830
14137024
110980
17211649
12321583
5013562
13966603
18121
4424894
1121237
247953
7296806
1198095
4856095
17259183
35850
5706428
3278764
18764409
4359137
2160217
22131704
467715
17946888
28453
1535527
16314460
5057024
1419673
12868735
1806384
3378954
115389
289281
23937095
11830160
3047841
2172
36931
270548
638730
391702
80141
13112501
7763383
13386664
421181
291989
7551520
3016550
1157444
5351434
205292
12697296
199626
5571737
19130
323652
20847341
13062325
256
168354
2902944
16223253
2202167
53384
2697650
126776
3176704
11220633
5285970
11738331
706283
89874
2835540
29207805
498021
1136790
21054491
1336277
9324232
354731
19245600
5959511
23256550
181496
18887
3370948
1661361
9241698
34642
1120198
364
30949
7400886
4189038
8005
3095765
929067
3418320
1461415
1136810
1562168
396001
3651834
8314980
3465349
1898853
19619484
8565871
12767
3866088
751987
2401242
4934408
8406592
2985396
2729956
2103043
321576
8210980
168272
1166232
4933760
27676993
1729172
17488472
489719
1717751
567717
6359764
3470141
4723077
2181080
1116047
4754
5997055
7543136
4317333
2387212
2774889
9002428
207618
1481767
7969714
12509895
5700239
3243344
6333836
18164
2530318
3202386
4893995
5034063
63128
65797
4529978
419532
73321
4158
341577
23259
7279908
3703430
5429242
4449380
12832731
9871382
19326430
3064280
168554
112067
3749798
109548
5465535
14280196
25148696
1220717
17207
92072
422041
5928656
4587305
9049078
12331755
1581920
6416126
15446700
3457839
211557
73888
23868075
8998231
1391345
639187
207177
137273
2777
11742860
83145
4147881
1747971
26086
5619642
6306377
2505776
1557257
5517
18042835
2078162
12191
4190825
16234135
5104977
810068
5905
2924
471473
897640
252776
32364
1537668
1601800
8842296
7680
3324533
120697
8170268
90538
50497
15748464
16710318
2741211
2109683
4924445
1044942
17619481
3206552
2536934
8136129
22585
2683898
1800604
850373
14863873
45937
4716356
163503
337865
3560021
102430
4301041
4045772
3156713
2194744
12486623
9379779
20238024
6549286
12118086
22546385
54917
100441
13877234
13536423
13324493
3267816
7906156
110784
18453636
12316548
3213923
20628191
4505220
24875
4633021
423496
6998813
259993
625055
25697610
16780
7731690
488802
2548624
5894929
1727507
7814075
605825
13062558
4189403
1425599
221686
6940502
924382
17732339
942689
2389535
3951252
4355770
14521830
983462
9827189
1509302
1865701
3073017
19413660
15799100
1284339
135347
7727742
116798
14746
469353
300436
6174619
13042376
14264368
17117272
721921
549149
17503
35084
762797
833246
3891803
7263509
3991524
358530
262746
2084269
87247
5547424
26637
4679599
6130739
4501263
11183360
294660
2591261
77779
17429200
199580
467371
641010
1770073
12455112
26332470
7781
8795873
1212051
1165882
4458239
1519968
8617189
706174
6669603
25884897
42784
652165
18042954
13708168
26136924
39892
1129634
57466
104870
1242638
9432635
13892544
11243277
9942596
3283531
11996352
14242752
8875762
321203
1844283
205806
10494349
12919406
4102835
4950309
1918156
10588
75903
1947670
20558106
12525013
14194913
2566719
9650867
10872787
4597894
7953912
152265
1170171
2056095
16063655
70607
12001602
5128408
8324747
369571
171971
265815
4282474
21419159
7712403
21906337
4380092
420393
8197917
357055
700618
202250
19488527
485848
1511380
62340
16001887
2027387
1673620
10071963
8202565
1909969
8729398
24669329
16515456
1566958
9341249
2415772
3599207
6186221
1641098
1805859
8370
12984528
6626415
188985
1341214
1158956
10416873
2259316
1203
21972306
9911756
792645
23750237
11112676
7860
3770273
5505479
4181703
90198
4139407
1198658
3518766
5218041
15148420
8821717
101084
7435283
898009
13913728
354504
2301067
774581
20003618
5368
7711708
13846005
6960893
5555840
1266704
1338972
3470363
862938
9836081
1725512
12455028
1661849
13036772
64158
8988886
4771236
487041
15258505
286369
21113209
2671962
53942
1212571
3843455
9821461
6563668
7237
470492
15664817
63308
4025691
3033191
2954
10126677
299999
9410665
22238
5928961
292
562701
35462
22919
17624828
4184236
1899751
4273376
2587064
21886961
3756089
3777184
1430787
1615911
3347187
8550462
21190869
1568251
1639899
98552
5309138
4068905
1170278
5963026
1595624
193138
292179
1055107
14608268
468225
88348
487937
17276277
712621
5516
367722
5328752
10834503
3004676
5130685
4061516
5315361
292427
548195
7217295
465597
14300740
1105387
104463
7389163
3660947
23089
4628071
17779782
20155261
14098286
9336813
4392186
373431
11801314
4559996
1965470
1422513
19370170
1934056
4396274
955045
6090737
6592861
20653318
652736
1781729
12457
15480232
228090
16780487
1537302
2756790
84066
495374
2580498
20679723
4261994
1942614
4037402
2808536
14191
4171
1253025
6692458
16013
13918984
2158346
452941
9336155
237016
3759
2370905
9480416
2550485
70554
6076546
270693
143188
19883356
121007
10854514
189595
9611220
8081679
21859646
2320141
607070
942274
7941732
1787601
5308682
708110
10297665
113985
1076058
9122527
5298066
97992
14969
5061097
34545
4697492
1280094
1842537
18894121
875451
625336
11747952
372853
8732936
3808621
895951
3862649
3074356
10621
14668144
2060412
124919
960209
4029852
18973155
7266432
245963
132757
1973450
5983893
97745
22890574
11972161
4750974
3595
9707735
561778
3193864
26303746
1819723
15346931
10691700
512962
11064478
2508341
428733
6128524
5683480
1046664
3162014
5608540
6695408
7052348
4918063
17578
559525
500952
15142443
441728
1424933
34445
16780548
608246
3204528
2512570
2944756
8603065
3044129
6294708
606138
2780223
12712127
2945459
69182
548956
13609314
7637873
1988900
4563154
7766865
728043
11462952
10348496
14548577
6902249
200785
9143722
1953531
91912
1115121
13005857
19582058
5024316
180021
689054
213106
15575412
197672
20983193
504994
585655
25741155
4024226
369894
6532084
9220513
1031287
18998785
19538447
72791
20590223
19902909
131180
7474882
2527691
7152465
1290036
9108689
8569
5056857
628597
6681820
6214499
3770202
6593491
16682287
4010141
345856
177354
8364741
1124401
18636337
14684436
385708
2619108
20711931
1090747
4584334
29799513
2537696
1240250
2617778
4537154
4131
5184197
20372270
6676
5973582
2978683
1279794
7884751
3527341
20737846
3085145
228060
540263
11704494
25021197
467496
1545985
343595
350439
10407089
1335240
3322151
419581
3110878
521043
969136
87066
1666713
4164884
16620
108865
13882599
25405191
2606840
347788
10484772
23032458
5463161
18350490
2227457
4548691
21282212
8808789
3072783
609636
473942
213287
18574911
14506169
1437943
1942017
1530010
1959551
10110
9519648
986672
14836001
2921231
20851
216599
7382084
2286404
28687
22827
28155495
10040838
336953
487920
45431
3177415
2274103
2739279
2965640
665918
2227682
14420081
5691419
2873028
8102202
750542
4168915
168160
288977
99734
1420880
2017498
84621
67048
5643250
5795813
11362242
12681621
1050898
1556575
213616
1481177
85314
6943036
9024218
2669448
10691912
3031736
69139
1601435
16070345
3287093
11704421
12686
17194379
884
3834031
4846817
45586
14173408
3332470
1151805
8998
10830897
207822
10798288
10018331
184873
652165
131880
1303261
20578
2342929
4703271
17803615
2312584
1740320
74893
24851869
3627702
3611400
548240
977769
12332248
287
12336687
2253360
2628046
2510212
1825531
4743019
181922
27504
4975340
11051309
5325227
710292
7316052
3373616
5141547
16826333
7532577
646501
17095
4900
3499389
6467054
9558349
136217
209271
9323428
347931
126264
24539
1755968
53693
2093985
132186
6430853
2074598
11235359
2995191
16904
1502477
565033
17171180
7810426
9510244
610
921350
2289
2354962
3029446
4515030
11182927
14104599
6607651
3351156
346948
6430635
4461601
4420256
260494
1525551
3766041
1838913
811351
11834167
6549086
1463088
713765
3266910
12416643
3352654
979296
5422790
848963
495967
694465
7108077
7278112
4573774
4010102
3191612
62778
464724
19109420
2144543
2790947
29023
124270
9323981
1925957
16583479
27018994
12148643
8981202
3584650
2672505
603913
904023
3975321
665786
246573
246537
22754659
27402292
69990
5724944
52685
4633573
597432
2372991
8640173
409791
992193
64367
4919
3492625
652767
588659
328893
4650043
191055
1117296
14868986
4890579
69512
218306
8198798
697257
7482267
2152080
13966625
276326
993990
1565611
6092195
6165243
8178312
6721060
2371593
2392776
24619629
2959686
3334962
23709260
1447
2410453
2971930
1072984
8202545
9782530
3044492
6224327
88153
5297
644899
6711120
15737175
20602190
3798329
1150497
1709985
14694944
1073171
1835
9848145
18301693
24640712
494473
512168
1483339
6835196
11415
483304
262837
6294718
2121564
2499272
15016499
14247559
5526771
20143248
17899469
1315172
9876029
20248
1147214
1537292
90039
78275
3800580
578551
5032435
14031
2990539
44576
2798100
19345180
2198407
311098
91357
18629824
630656
3055406
1416543
8307746
406011
1149131
142658
237159
10626858
3491527
11685592
9858749
5761449
1880165
3138840
481700
9549850
4232
15164574
855617
6121526
40442
2245074
2208789
3144519
2532329
5292493
15076647
6098651
15927743
205203
19631840
2018071
1869496
20634828
17141575
4028074
589730
10900694
2985538
10275611
20795677
68709
20257130
13756467
116945
2343026
2280402
54283
252398
5693337
1370440
3758335
7236955
1622766
2341475
26093297
1989372
4064091
7011062
1073798
5904907
1567476
7084777
2080633
9822482
4358754
25983
22006010
1243095
2437299
905028
693026
10604896
14852468
4350051
207875
3071847
68249
7002953
19808312
75165
1716328
2553948
6021879
13490418
840112
10775
12144262
302585
958866
750282
28223061
6731669
687052
10081241
25241
907166
6326809
5048928
3857275
471422
7402261
467076
8571204
10631425
5911622
3691
8427208
11535912
6769834
4010159
13193
1033824
811197
514936
1286494
671761
9901830
9461237
1068502
3427862
6924671
4184610
445616
561772
21774321
677669
8250914
3875410
1111654
12337258
14581
3132820
1892084
5123192
2164741
10530281
2208410
12139100
9756659
456374
20936
205283
3472
3188893
6150208
2832386
148891
12595261
542072
2457117
791426
16902333
8369180
4049608
2564635
19010607
1230548
16838674
2484357
8704613
963419
4657312
1539983
6805468
1737891
17059961
10288226
3832330
388521
10719981
1446329
3108707
3731817
126719
6301609
4022000
639270
146386
17341228
42658
2133362
391521
1817535
4726444
1672537
2373178
3392874
862384
784716
16919676
10131029
1398648
13641201
7096837
193896
5435426
3482674
60117
2587248
20378967
2770019
4685066
98159
734559
459840
2166757
49362
11511439
5064046
9091670
18679663
70849
65
13961480
5682537
14174134
3689718
1786769
2221259
11483321
3824827
146494
646103
3375196
3651489
708411
487632
3256480
4161563
4763059
1368814
666320
263444
168560
797227
2386433
4681754
8771396
6765038
2816869
15564162
1049706
76418
4340581
774999
1326051
8716663
5401070
659150
72423
5385470
25640265
431196
1939062
9052804
13154834
19164852
17635981
1782993
606335
1016850
579185
525266
87800
3630196
12640
69519
347531
1989320
2427380
34202
4943926
2428881
27848717
1615896
11107848
9602420
7403496
9291
11947232
1991788
15900216
209562
1603577
2705776
28675495
94635
259073
5836135
956021
13067035
1585963
5448183
734437
678832
369559
1273086
1644759
409563
383766
132852
6155390
4958782
3977513
1208983
1416
5293180
4549655
72817
1856160
16740347
8504604
2723476
4035605
806560
1162446
4525892
7316056
98272
934410
9738995
1325407
7047903
14440308
1891312
569830
2836012
15402385
1515698
984970
926341
5740288
1631840
156627
1036348
187755
8546433
3470440
602987
220351
16041572
6234847
969980
5302474
16560401
334373
375109
4164
14623842
2147155
2812325
5839640
2097272
4117189
10134556
933343
13500522
9968656
16728456
9624434
219541
6691113
3413405
162338
58111
2150283
13814400
7754340
596246
2603494
2979386
291172
11665910
14216634
10798597
10831229
12474
5205489
7431512
67127
9285426
15491360
6220444
11282407
3252793
153636
587357
11971984
388703
3963710
149749
2408560
1225552
4092226
238972
2372380
8921982
2299581
5182739
2334739
1101962
8946474
18802075
147109
26042804
10612763
313285
15703442
8633216
9478891
36500
1143804
1724357
6772676
11810997
17953391
118967
1200685
2997620
4944145
2141673
7842420
10557332
11064857
201311
20969
3350041
12158855
14088521
2242922
25397651
2478931
853563
312981
5406801
14318067
3869479
6524101
396498
9423824
907407
7029
3251278
43581
1925758
682072
21222692
16186
447354
1157878
16838747
581014
13087967
9389134
831285
79975
16097
17370490
6801994
11354019
5297154
5227425
475920
5133844
3265
1919023
3154133
6175358
9070977
707425
6001262
80573
2092645
873232
8715309
11191319
8482753
28065306
5469997
602880
9483928
1544081
7663427
339567
242547
815534
1546711
194988
1527444
1352693
10457429
52683
938064
35457
782189
1179284
7473571
2805410
7621045
6246446
1548366
3813509
2619320
117417
527358
247541
50955
857896
4255080
415315
1018041
55485
2829016
2416190
4855489
4299246
6534785
51998
125310
6442049
258499
10733779
1852366
9328317
12093
27619
98011
6021004
119340
536618
219502
5393107
16468580
4421
149528
59652
21432166
1062340
352408
10310977
6893996
3977664
3832674
744957
547738
2974282
16555603
5642105
16203
1385724
79531
17756020
1374
242106
6984254
4028794
179310
495875
239346
551081
7857622
4296918
19650819
2166627
6902712
20963791
24147
9858261
3869341
11297477
806683
72320
19657546
13417242
84931
2669130
250558
1682884
22994
262432
970253
3093928
2332758
3728939
80495
63193
2161221
2266357
4734
1205533
5828635
10891793
112854
4172041
173305
2361456
1109885
1439120
13682681
9791695
18486
75799
3372195
15093402
1547235
369360
7197228
3048091
4549493
1895028
74651
96973
131259
102661
4052156
2711780
6735235
20801559
4142595
9631910
16771
8121283
9392937
157042
2864905
5334030
2547340
1370241
2575675
2274102
13500830
4696
437100
66909
15805039
154209
5889236
2471923
12797446
562859
3991481
4174
6535500
122528
13087530
1893178
526656
1328068
10947614
2741639
7497249
2818456
1335472
24507465
590114
888869
2705
325878
118615
23039343
981747
3836325
4558759
4569315
2898452
16047261
6051670
278673
14364
4602478
10840517
4343762
15601890
688033
1705102
19814439
641453
18520523
14559326
7156961
3801921
7533
18887659
3319512
7396512
23846932
15435420
1151202
1697460
7473994
14923595
112733
25347596
30410
11511629
159255
3701376
25675
5392861
12863672
6420769
115303
2351529
8875600
9423044
7929381
2932066
3032843
221557
2737545
10319986
157645
923425
10420816
1429163
14505832
35079
233009
2167618
18139103
13333203
371458
21484989
24423934
20692750
28524278
13257159
53273
940217
21132
2430004
2198002
2213643
7708241
9982999
2052031
92507
33220
1603829
74480
5788501
5256234
15213749
26576
10202853
1125663
102979
78645
1512841
5321673
14873463
15054721
1325189
5021994
8257905
834281
190
1934438
192884
1079
928912
7147736
264969
12551667
196212
361754
13174580
1755754
19463043
10158457
5007250
2328272
2284642
2779153
1225479
8737170
13397115
5683486
7901432
15027738
15330212
19268
829579
3135559
499653
1407115
74530
284496
9431722
10055039
3516816
8087
154923
14592386
1322269
791039
8069926
307047
3657379
5350334
250892
5948305
22132506
26828685
8029203
119430
2516087
106703
6579319
4261235
1247725
4741968
369884
25978434
8036269
358885
2800741
21945746
2041804
74068
348022
4716610
735270
165601
5233361
2819808
658847
39282
8316259
96071
492138
96622
2661743
2809845
3223037
2164494
694767
155539
2367
7602469
21135
172899
6691252
782383
1260878
10654075
26354176
15335016
2842555
1087078
727472
1769772
29161902
9293960
32921
12995783
17904996
14398389
6206542
534755
10539677
12381621
10663880
14312393
4773900
2912847
1708722
1762740
770772
23936959
1954425
2345066
8624982
1429007
3392010
1258515
10453160
1167005
13401782
2190684
3443523
6013842
28481
235041
7516556
304988
16931264
2238963
8304611
17916911
1252937
5703640
131195
790815
902258
808031
144667
5525115
1405293
673864
2222966
7156112
662433
2254984
2605311
2231498
93594
3518828
4389390
460546
16780430
25454421
4549311
4704686
20499411
1147440
2297529
67803
7841721
7981679
3268960
2073979
6221230
1142611
1965765
5893899
393542
4618314
15424666
777375
6861178
2078206
109095
14727298
4695422
1459429
4831454
3021666
67536
2609552
86814
16360132
5378860
3692606
42275
12989875
2654738
1579050
9531868
6521216
7381733
8133
3321835
16902237
390194
20138
86189
14119676
7294053
4747799
5194838
99498
11684766
5996257
22371802
611021
2147070
11549014
204342
5086651
586627
1483318
11957299
10085509
320554
3074684
8128717
198147
10208130
15928218
486812
5670060
10035098
7977206
19973
4289510
3141503
1861995
11611466
657643
1252060
25705491
5747508
3722486
7235447
14683138
24887115
23738
3000704
3181586
5537604
5663314
999382
2381922
3668997
178647
4790504
1659390
15939687
1420985
125847
14322791
11439689
2622173
5812046
5340
1127706
25870200
9441365
7364080
12276935
626897
2427027
31186
13661827
1390222
35699
1230164
8941
233938
3213508
3617637
21256243
5226208
2434913
19190058
460373
3669926
1058603
6659069
111982
240488
2174833
2154182
2366696
3316666
349242
116
4302401
2315457
2298921
19121
5561820
3257208
16768122
641618
453088
5410436
68599
350239
12311053
2476635
89110
3134115
1583812
84655
173905
5945004
14500116
43427
8538227
12732512
3486203
6056338
9961018
701807
74502
1643002
1543742
8381246
13803238
67548
552989
191230
1530957
16172404
6622631
14532747
649848
15535439
2033374
589503
398222
4940730
6118782
594239
6743276
4137455
2806636
853828
999342
19726510
5315076
93143
1829356
25255124
436292
1825303
5092075
5402896
7316180
24570971
26282187
18870
19525871
6356390
222392
6130098
14847086
591674
15850090
692464
85387
2490083
2234997
87525
628105
1633793
449053
3965896
2247020
1176737
12030
7909295
2353545
149377
3818229
1883120
344347
3022017
4781602
11815810
7148530
377383
856472
6252436
45645
2618774
4737433
1354658
5932227
196525
17364315
8737843
22231684
1279003
1049554
2551568
999441
1187486
5247063
3156009
45440
681876
858239
693
14564799
50066
12124492
361655
196210
6067258
366932
1175747
4308
655493
62155
1286097
65252
17147785
3797677
11908036
1364597
11349060
20621846
104650
537725
19245614
562
6630331
2079908
2055815
69568
4443730
12964173
1339464
2685997
1040029
86158
18764955
26339936
230051
12531
7791122
2419347
470804
3917
1098253
3632772
11430438
2175853
80767
777263
8732918
2660386
6879778
335463
3398404
5127910
7481690
2942691
1237109
39071
19776894
413014
594
4991276
5887844
9440817
16229447
3256748
11976530
2694987
11253953
2121373
1819445
3555233
1399053
360033
5075293
1802756
648996
4031293
1447941
688024
717824
1035584
799802
5199485
27
5357657
776686
3656943
4142296
1559520
25812
747135
3236404
242853
5054491
6759
5207281
20156118
8443409
1655485
4925986
2745046
9349099
327783
28915
1203184
15820793
3753495
4867306
6845762
3957240
1810634
23298308
6894457
2104591
12692356
527477
14857996
3500568
349806
1219543
1973144
1044585
8862179
134263
20762940
82867
5719628
5994909
15181267
10645714
1754215
673928
1904596
28929
7665298
4942945
25326300
486836
4051846
172227
412071
17524156
2564399
5502729
24353578
7491359
408506
4462231
385566
21341077
5733731
905804
5614779
20034897
3860266
1425
1890572
2871993
85707
9777465
15547075
6655069
6111629
2191685
921193
600614
1064552
14269211
3270263
810992
15905918
6248283
4677
75272
20026
3446842
4540777
1938985
57102
2225703
4400123
18175698
1069331
11685051
14296152
828749
1266574
8041882
2618776
913690
648368
9584981
2350688
65553
1707451
10658887
18520553
1754264
11216291
18810
1128649
57760
1049044
3492567
708
1047045
15725951
4311704
4940782
1451989
15307
10351499
402881
17719887
2843617
97734
228902
10039388
1040299
2957520
3378873
39200
8443596
2238
3904679
5025357
9177924
2428
49779
4738678
7769936
1159142
1843374
5086312
20550659
5973220
31377
4410168
2426742
859221
958891
5218882
189707
1445
797534
2031878
2061898
2158266
17999
4308272
2090100
2011730
6567114
3828522
8263885
2068624
119900
1910393
7591157
100194
3418582
20212518
1249578
5595570
2907422
4072721
3758070
12551200
136772
8463458
1639797
1620930
555776
2525923
2288911
35349
1037786
3729539
2319708
324
3962148
545099
5539542
19644349
1643556
2035394
105997
17135884
5456095
1659745
5842947
345266
69079
27236
3997267
4065857
1502719
6964583
9618
6565415
4962106
1320165
4453458
5459842
12421156
1135543
6469579
13468849
4260982
2343084
8299809
16457652
355484
8352771
10416353
4820845
12212649
4800618
32685
16509428
1463099
3057375
18453710
23380107
5590631
3296748
51386
1914653
16589946
19220481
4693923
5962247
20685909
8766445
12174045
7458344
1799472
8670312
7664354
4824428
11258734
7533015
7810423
15290790
45008
327131
778359
1070301
227364
8799912
141249
331849
24263421
2130116
25978487
470388
1285936
14928641
838395
6301835
12707586
2752990
19776345
14760123
235502
512901
1878128
2299726
82126
2005
15720896
1345950
16423282
11036563
4956612
435102
4396786
6251609
6302082
1022150
18128
20359462
582578
566863
319698
532254
1565917
11733478
102783
7905613
18441552
339237
24205
2774329
1918393
19314156
2429022
6260208
9929967
5592060
1115501
324091
1058471
294771
3096446
9371133
9266631
30476
6359502
3173773
200658
4255234
412949
700881
407488
3255600
6306461
11942378
2507744
1330037
12745924
626375
1656108
17311960
4515825
4194347
570176
49304
150909
299525
266920
27587687
10706
5951859
84113
1458025
2784515
16394563
5733848
15878010
43477
3686496
1570124
3298607
328519
21197
4227
13123033
8666175
1694276
10863795
85983
40309
15147977
6125805
397398
203329
3418221
21569808
2036812
1846549
4760119
14808738
1127063
3447
23455130
18703743
10899860
1859586
455698
1401966
185999
6199597
669105
661466
4493956
5836035
430864
18429094
11131733
2748424
853291
1340950
2137738
3100
2764640
575721
7548563
1063417
16728442
180555
607854
227165
2954130
16913722
40991
1092233
350
574754
11358
5025238
588211
94259
26499340
432455
2377695
1016735
23943622
5903763
7898102
3619215
902851
112945
2644787
10953041
2682567
25262397
14242853
5618694
3113786
1299333
459900
12333
1007669
105106
11740
17636940
236324
13834304
789601
5438227
35035
949970
1547640
1383918
9752282
3536445
14857387
6355703
23361
12446078
9545012
2599232
5525075
5850455
22012721
6122921
557632
1776280
13329979
2738042
4824658
1737887
169955
20468206
8661686
5670020
17106497
13735429
292396
1379263
12934969
78584
916664
820712
2711853
9558370
623979
1263866
9897513
8854561
940032
132431
92119
1488888
1993840
76661
15524700
13824372
4285032
1007671
633726
6452653
48178
3791095
2173551
9889617
2690895
4014257
1890851
13092855
5945372
345907
3176678
2029273
1367563
1981261
1731048
3658648
6579028
18060989
1023711
3796182
522017
1941136
5900364
713147
164519
5483402
796
1920606
12726954
1180282
3930358
506945
655047
13417791
156075
18844549
682835
7096737
2402658
482146
1674684
13006241
2297509
484060
3523146
18826270
2798135
22078999
1910643
1384815
1759278
12172
6960886
7499988
20013
7497156
4558933
9041512
8546382
2335180
5560209
450040
9345785
23592693
5616114
11259142
11229150
2562480
808986
14414371
383690
7627257
448327
5808939
35870
1136201
17388498
19011
24591672
91388
6238574
138145
5126480
4564412
177782
25104
635209
3763994
4853259
25099440
6671205
89795
22131671
6503269
634849
14285353
760141
3520635
103784
20118247
1037859
1879975
3303815
18538500
13934921
33227
5894472
8633821
11363282
328598
1097430
1957676
20295122
466362
54387
12142552
385645
12990923
10426126
13349977
718434
10577125
13703141
508140
7814415
124064
80270
2892
5510253
28539223
13049
699850
8250643
7634136
3869726
15921866
1305740
8842744
4282252
41406
3536406
17766816
1923789
31821
789860
4693874
4874150
12666682
3015786
45372
1532403
1552443
6837
51850
12178246
14285655
8534398
19109693
1166964
359493
3184053
7657425
9280897
39880
1373723
2423372
2231897
899612
15147848
1217154
2039522
541928
125608
43695
6303268
9384
3708
604775
1482287
14521900
3112718
70808
6680275
19097635
8061746
2980769
5208821
117973
1489775
1476932
21266
24006347
2914050
463
2760085
23923
4896871
361475
3255453
907314
6860107
6062244
9552
682954
997079
474228
5680099
1957348
2678694
23154825
42794
7579579
168745
13380942
62719
27565
206985
12504
3425988
16189420
7610542
600700
14312300
6091659
1156054
15990804
25855763
1158188
23259
2571119
15396419
30599818
1365391
2154468
15647305
3363662
329773
18844547
3878117
663258
20916
3219415
10761389
859264
1421128
545609
15608374
506823
857302
31976
6422652
1357121
3983259
1001849
2753761
19183238
2850780
3234547
531143
3730706
231818
1643097
2799797
11651534
15380641
3599539
595055
347954
4746849
269919
12099545
1215409
5308113
959520
12282
5406087
2319176
119309
4499964
1989632
23688347
3084902
1522251
726988
4379234
965492
1138451
773014
565745
486869
4921693
1980213
949296
9467037
183244
2302916
196398
19863
3403918
7575491
299481
9956048
374105
632917
5877392
975641
19971542
9074999
5060836
15928597
3052711
8766388
246102
12823497
5648940
326959
3174499
7854045
2782114
11913199
10398520
200504
1273454
21872836
10076613
8753824
7913991
302625
165
6373284
4002886
181337
6828178
4664872
2219161
13170075
308893
23188800
2244279
4270453
8156986
3250342
33742
37627
19971735
5702
11470
16745977
4017443
4947845
3807453
6264070
20622362
8134357
412884
2242420
16371456
4965183
1332337
3232943
3775143
3540120
1593919
3147668
2492844
21478023
398343
687381
1912147
19158483
1535727
8691664
4875365
19732568
2363327
41257
11579121
19112
4257710
2251230
2089449
11908748
266060
2767306
1086459
978610
9969148
9383386
2139719
10840174
14009519
3374665
1974015
285735
38830
3807916
6070771
5969258
21425453
62325
18605545
52626
1529058
49630
14376569
9707290
9593279
2841718
2671869
24465381
3044727
5110234
1392023
9039802
18253083
13389
12331789
1473264
11492396
166688
2831296
216646
3946107
3293659
43811
1318125
235520
15792780
10292765
685746
19232996
4282829
5262558
18211258
1037908
177976
2741558
18949060
170528
1954949
9488963
7273
29614409
51155
25092214
5646628
1340430
2280678
13443647
23414341
2074578
2040692
27498910
4317544
44257
2816995
18820235
44591
13316
466584
2081587
9951356
216008
26201951
2749570
4898251
1633933
11063716
1310776
26137242
12173471
5476368
15759479
10026426
7564011
183193
221425
4291127
6467529
11397074
6171314
3324420
155287
250563
706862
829539
29070531
789735
8869
4349547
903805
15832545
7381792
4713853
4794160
16081389
10929459
2535726
12183283
1207355
2258379
2080141
217039
3687170
8097571
4591912
5270725
2047686
8044629
4385185
12661831
9345174
287128
7161179
12985
209775
15580381
23992598
5931315
151597
328134
626965
136102
871811
7278952
86099
3381750
1274273
153779
10724993
8778775
6629112
932121
20092301
15720124
17258702
1993503
326549
1471288
4677524
108524
7052308
10514
19370147
787205
3358846
2910385
20995974
12920110
18175268
288097
10770704
755185
10325430
144172
20499657
2654889
2484230
7201277
2039665
15753444
1708233
6257501
28065400
1016185
3513794
886185
2133399
24654750
188333
2737615
95674
7103918
2862851
1072757
610423
456146
9340031
8558024
4282174
24767532
1322801
5273155
811760
2131251
1870858
13641388
55653
12060652
443800
1276142
92052
820707
7323876
1211293
1884025
9382
3460108
6567825
3023890
10305570
18563366
207441
14040177
20720
10863871
24091
808443
3452232
1011934
8859
148423
276088
3543228
2158269
18362644
5029369
1784702
1070397
5037114
1466401
11874581
7584573
24591844
2464720
8508740
16543809
16595305
899101
1003612
180787
14564133
195683
11894244
9514478
11150533
1542214
6430481
13386199
204602
13457
1063149
25155798
576483
110725
5522693
10600112
133573
18804
316036
471418
3281024
503747
8875534
228024
11042
3735880
11598561
5089896
17053944
8434684
6158691
1767993
2743868
2742408
1102788
8964452
1312138
4052131
7138602
959727
5194
22707885
2351437
202465
1653194
676438
14573
903319
25347746
435571
5845
12307063
70465
261681
4534549
5802028
14918464
6969065
2211406
24424261
20602773
4238134
12426750
9668470
19451624
18417648
24965073
73643
3552837
14814175
8291564
33146
15088230
63334
5832791
29973
190427
63050
10094558
1339721
10330048
6278095
311481
2248893
17566104
859068
29667997
4834390
301792
14387177
20410430
4585
10535442
28491
4228265
265904
3416004
381812
4666565
20711806
309161
122171
301734
658365
20117678
28857555
214998
2432361
3818743
206037
10859231
64788
1934
5523342
4313378
360068
11534
591037
990816
1183638
12471299
11117063
3040054
15956873
12104152
2632705
3208527
6526668
16641914
109249
22747960
9475226
3778558
3389043
11263452
155771
1968355
103
7734306
21285
29660
1692440
29476280
14067373
6890230
14045435
9942705
3411511
11981751
1478793
2890096
8121288
7825842
27393
2082098
5227560
2280652
3734636
731022
815294
9095955
3207053
12335
12153376
984762
4436119
7632961
8003
16728367
9113785
66241
1941704
6220274
825255
1676018
1265220
5540763
8846074
18380473
1735108
88117
13903310
7100675
5981125
125177
1023672
7749193
4629918
1590921
214793
749120
15888970
2912773
59579
4237231
1073127
564739
6028048
144600
1003715
358382
12396626
10836032
4135720
9168846
2029212
22378981
4277163
595131
2449159
561753
4242651
2104994
471774
1398217
73370
8418633
7743552
28916
3850127
1900835
8554193
15108810
1397349
16166207
8500453
12021639
878347
4189667
2378573
1742415
518185
2123704
22172378
61692
12183068
1782757
13391367
2550850
252926
8158504
16815330
10783430
23178
16826837
65674
188238
2025484
991874
224120
2076140
744445
2291129
191064
8872074
65914
2530629
9654505
1868455
1825062
1640956
7481240
2358066
18501839
21008843
50863
6438247
7047909
9101030
1260412
1971640
12406429
6338611
3324923
26361481
3913046
1378378
1191088
5380815
22795867
3296366
2390900
18893809
11613055
1052973
16960634
918036
8178293
38991
2120143
240329
7419929
7075126
8525888
15274830
4937878
15297208
134758
718264
1632052
7406351
1283380
28230624
2001288
1379540
7731489
4053850
785790
16791529
2582602
153720
3109076
1658650
198035
61017
2862764
1175722
947078
376461
463825
24718253
580253
192773
5979661
5422984
111027
2694979
47919
72866
10120697
3963045
7620638
1247610
7802141
5826204
26086285
2716224
14973041
7535891
5315270
6290953
1155796
1425680
6651311
17048163
17785579
53032
3463847
11758145
3365585
4068479
5863515
1282183
3077541
1139635
322497
9083807
3100701
23647554
4881228
414841
532960
22930759
12366129
2465530
19952773
514790
11840276
17886972
95370
9874942
8871821
69746
819673
642
123856
1186689
2246217
21563344
2448165
1291732
4379290
525988
2872379
3031321
28550
15691659
479622
1797155
2874287
10946807
381734
6803029
20879643
2127224
4423867
18514
12548
1896508
12011
3710789
4644076
12329
1772569
851321
656
10525965
1233322
8008956
15574216
7070343
4180695
586297
1960683
8629246
23421296
1382947
109326
550006
6588859
20320806
3390029
1377263
3975607
568873
109764
3525659
8077711
3592900
22438916
2704
11815985
27625328
47266
2452543
102593
4967592
1310389
117110
124471
3960862
533501
11233803
3263020
479039
3285513
1389026
12247894
12277225
8708611
1084661
996750
3520481
5093338
3360529
13914235
3603422
392187
309992
1056725
300399
7517138
27944
10816923
3385299
326724
24971739
4006120
342929
21920022
4504594
405054
6405293
2874208
13298702
730152
3690661
1418358
1113167
9336906
12030597
1027580
293286
5550920
7032058
1483638
10266083
5250287
5983902
4304044
4442086
768418
561808
14467197
707059
983710
12173986
8121728
12701248
2956841
5594459
13335010
9148
192590
698
3181698
7941016
688183
1310096
3585050
2499029
477704
2061443
71972
18229739
192773
25475754
3134486
2284076
6029036
163249
247673
315129
2852690
202604
4197877
16566016
630760
4184261
12178084
878840
1051053
490748
12287434
2349075
642888
6336280
6676775
3846112
912519
950742
5832
9703749
6267016
3407018
7017323
5383132
1995
1337831
7248366
2568332
1235621
3642975
2932888
7031983
7752872
7010499
8788160
6905133
2419821
1926226
2428554
7477860
3068782
1167384
1201327
19513445
3069449
953326
19544767
181540
17153338
3181590
1798664
2002254
6306654
1759465
16434721
6486020
9889694
5914091
1439615
3911849
18108910
10835739
566
18030705
1282052
147358
462203
9528348
2365555
17100540
679407
3085774
6122169
4024140
3179248
2762858
242127
75837
7417757
4044906
629218
306642
31307892
1151935
2992875
21165236
980578
101995
209843
933471
74804
287013
541082
1961664
2077275
2587433
129135
653529
175980
1914486
88899
2487985
8999089
17024878
2546089
1330
355167
11149
671391
12446641
776839
14955329
50868
2223100
5529226
5416967
5519473
33808
9083118
16745549
610581
13141
4681595
2196232
1271847
586637
18777334
955309
4070378
1883045
302993
498987
15407956
142301
1967984
180412
5531088
5534383
5256066
5204644
13231444
21327808
6703076
11074299
564713
4795695
118643
1158014
7754553
3124583
10622720
616943
13164500
389468
1610363
17083202
11945
2544214
14872
10584852
2214887
2656000
1670465
904098
23833471
60544
873389
94517
1089273
5067374
75828
1209957
1433645
209244
4680514
5581819
4744273
233164
2620314
14798114
132922
1432925
376799
221493
5703853
10393792
5230940
1781558
13185734
652
10980741
652787
460340
5375889
3257374
11719016
7034
4098693
594093
8168969
12950109
1361182
331693
3275444
1362219
6666342
6320030
6366899
21465105
44393
3057264
20092381
7921256
12913234
6760655
4048328
2080082
509224
2505851
9611382
97947
2512325
84347
26448532
3810341
285701
22145187
960259
585940
3232105
10479133
728057
1107009
5790924
1845157
8600067
10775122
5117201
968336
43087
4893032
26499996
314509
1815786
7707752
3328
1561080
3151317
1072282
5866306
794988
1919982
458843
57656
4454410
10411085
5008477
40765
55474
3980206
16972098
6434459
4144301
9003330
5231195
142351
1222196
5682474
15580713
565121
222290
1335008
4166767
8288159
336854
4687765
20718680
590844
83128
3012771
8198635
768941
3465366
3117025
1076597
1850970
14972403
12722602
3415410
6162533
2309281
1339758
17164824
1681205
5098439
642674
7039559
499655
8730998
486835
963425
13861398
742694
402732
298504
5246781
678315
5915220
742078
376549
8507776
5136887
3944
2118938
6938653
1710997
1184085
123503
317
1913353
2890685
9610724
2869716
2230913
4433
3865190
157989
23044
541831
7770
404866
10696550
2447977
14103600
2660407
1034510
508
4613297
177154
1271174
234167
247514
2935
69601
564793
3822542
501982
1892
3687
5815832
430708
21086452
3389858
4332348
2558906
340910
1717623
2453669
11220602
4451236
3860476
1828800
26843243
967120
17335
17001178
3111421
3684072
2550658
1390896
13776494
2183281
275504
465539
18764938
3281858
20582920
2637350
1523047
184093
1352864
2157058
500921
3993443
6151066
677986
5904796
32117
4031474
3818824
487795
235136
181609
780237
427760
468603
1230101
2879475
38424
992790
3772187
10000859
5142334
6278715
4799672
1380381
2566560
7659682
24249292
3634351
3779910
850718
2875148
933838
3510817
1368855
982950
1814013
14264223
1644658
26064460
1753460
304809
4090226
584970
5162486
13195616
7070167
9315466
10059189
6061391
3412523
78311
3137662
16097544
10845215
3810292
4137313
724439
3160005
690763
3649180
8333013
3555726
10247976
2777860
6266
559621
15990675
11737
1174484
13510741
111921
5828334
964802
986342
7050704
18447290
3121544
13184
3915637
22747514
413158
5609548
395870
79099
1269343
979103
781409
3185799
194679
371633
6949620
26623335
946286
14950488
17732108
531136
560721
2193152
3151033
7005980
8690948
360521
2883149
59987
3040000
2907882
6544523
909255
4549302
19507113
678399
3428258
834560
8426764
3119522
21769
11315577
10637017
3483576
13855930
1524806
5217359
108799
125156
157865
8246549
2185489
8670955
443837
2589154
10943929
9065543
20346441
344966
441067
22829670
256
26325599
8833207
17453299
2825
13902982
5744395
4343220
1082828
2754236
2593869
4958834
1650204
1048000
5030843
3581844
2591116
10563256
9301261
134427
6630031
17447392
392344
58043
22191740
3493453
11869483
129673
1451424
574874
1285703
6791735
792972
16549637
478723
1796381
81134
15408011
3490171
12666491
8641896
2037558
547809
5386233
292735
28546835
4151803
5605626
9624610
30155390
4364701
15336051
1816276
885801
415000
2281041
14543948
864422
2553074
1383360
798773
2495957
19594791
23868367
17136092
2025724
10230452
69225
14989047
1110513
1326186
114842
5340765
11065631
1546652
1449498
457093
2557071
13756611
9155209
77427
374789
3876853
1737729
1083437
5269803
1959406
1351205
2347777
1771074
931102
6107
176069
4659002
5196288
2276410
20951235
14673405
13267323
18767
19301463
4623
2888650
3576525
16029
2851247
1328025
10407467
53222
1016
5205901
2869333
466750
5476493
19971743
10175762
1684663
10845257
4640849
4370403
11815419
2031164
36144
3428304
3061621
4139431
667043
2958365
1040331
1218382
5473170
2655256
14753677
859985
251455
9965518
1590952
4253131
901721
14398409
9818224
21760968
22045189
5403498
252686
3930150
13495642
14830337
338868
204161
21800213
583377
992668
1222882
244838
226531
5510996
837046
485261
21428
922943
6927426
12163707
2176143
10307268
1120452
685831
9938290
259836
52702
17077253
22653719
20101
203756
16776
11195909
1648375
18054611
7160605
1202021
1355707
11874615
1795093
15049538
1073133
10474777
12256638
681964
1053999
18820052
8418710
170356
8257814
2156108
17500764
37340
32057
1154763
2284897
14852790
606196
357420
7385900
22580415
11622562
115953
1643043
6384632
11554422
3865981
1444719
1537073
10416868
65892
4244388
17311865
5849069
9061791
852272
1355196
6645685
185200
808504
11588428
2021265
177329
1303420
15642056
4308352
678547
157518
11435444
85846
370845
2420788
548127
4177472
76506
6931168
3619
7976932
4582924
146628
8030
25435
4933905
5851531
5589578
6138175
36793
499853
6035122
1921199
1685717
7523156
5596203
15048506
16919799
21491238
6531275
382303
788284
12351732
1781
271312
1538295
21373269
115331
41461
3034761
78008
8296203
18630234
7378015
38877
4397275
10099106
19927904
26601496
6021962
19570003
5109011
10379881
4309845
2246520
13823
460514
35111
2915794
6671950
12692277
11041817
25369609
3541808
12330436
15934001
1697796
531369
11776997
19783155
295602
10952186
14662487
5877
9527330
10289064
2284829
1144608
11986278
14673012
80019
3003263
1690869
10489515
3182132
16647623
7194113
868188
11776947
499034
87609
698353
20124042
7021152
347825
1187992
7567782
5839848
14532655
4375555
3423595
5419151
1266231
5195821
12955699
196305
11320649
9688830
5938521
386408
117476
11245199
18326650
1677545
3795
17264175
1971579
17159097
4619471
195
7861904
128731
9388480
7049980
3134400
1500862
3465770
117675
12000220
8435521
11593627
1153402
4244870
18654636
1456540
1523684
12476163
1949762
453263
4194496
2635039
18132948
3932769
1102304
9698909
5386137
13677617
8110111
3493918
1872754
17844
565210
20436180
760280
244275
2110831
3079689
403042
1169321
757392
1333253
53332
23441747
20892348
1063642
18313625
160050
8480790
2037620
11306201
6760907
1363501
502040
54328
4610124
20358960
14051174
3118
996362
12666609
11627378
7025433
3699842
1259939
17124264
9195084
3576164
502343
1598076
4878078
12951
1485896
768726
29815
38019
2682128
27811472
4122969
2386217
56911
14115424
2458843
270236
9915610
23803
2987997
33158
1921352
562139
15996165
6264600
5360996
20142943
229125
67346
7378137
9297966
3002858
1237837
11396832
7442723
3296742
7146532
3120883
638565
1546056
4129046
2339065
1534851
74770
681020
8251
2459122
15979681
2601561
15220080
5680047
2048424
2796594
3971184
486764
1564064
3372867
408713
1803633
158514
510
9045656
119919
3930077
2118939
5211748
22526459
6029394
5415176
10430006
11415833
1382429
11674995
19015
22526627
6171
3527345
14290
1714872
2413145
5837
625253
1600329
256606
930978
4834641
17803575
3371592
5441668
1655643
20731344
2229391
1546242
249551
11372877
54722
7633370
8194045
2209113
4315110
2198936
13464414
20512441
1768396
6053364
26259656
18102704
1385414
340463
11230026
15501797
4320591
9092307
7363
1108965
15872182
341058
203705
14542568
2602786
1690630
234717
2995512
8538160
1926533
4192175
1158632
2612483
592695
7273
1876602
5699325
130391
4161116
490055
456110
771332
583236
203226
6439536
1380652
12696760
1324392
404957
1390614
3726479
856335
4533633
17264635
76925
125875
2139737
299592
8666618
7755171
13165036
3178935
4443512
4412249
8093162
16126721
1274724
1703257
6702619
564158
2344993
18223295
104722
12586416
319114
9271425
4047509
2263278
5592428
12935
2484221
2885954
8136
45853
30906
34940
3396233
15441205
25862952
1894895
157769
6607946
3201865
3201325
2051688
10166898
6471252
131252
182577
8922120
3277643
2783034
1400360
17188381
95311
5330726
5525617
6157873
3120462
3832310
485909
473
196973
2956342
4456890
561008
12336912
32900
11410765
3365816
1901815
9186
8304091
1434967
456036
2465778
4510645
18875520
10868142
2826545
387791
6634693
2966035
298776
15496645
2769725
3176733
580186
805765
7447702
865714
11136310
7343814
4573179
52210
6557810
294267
564741
178824
4081559
4029898
9964745
7948978
18906199
3771767
18447572
6931942
48577
2394919
9379620
9310991
268528
4157460
23335
2129444
13123651
23156
359204
734726
4097051
5327788
3056825
17500436
6854543
3230630
1640811
12556449
3078860
8285
15711
6701618
1873630
2927412
6436002
1328986
20635182
267316
5127865
930719
436097
27729168
191149
14317056
1099003
2157533
15684
547234
16549998
4125753
5710521
7889297
4195705
3459935
7397496
23775
3041007
12192497
280
3041415
61200
27826053
1445826
853075
8578055
3581890
1526935
1483627
84533
9319231
3001521
2035563
10501986
18967813
4088241
1970081
3445617
6703177
2668626
31440
1792472
15457678
2393034
7494
8567520
407368
10388581
1492621
2367
2784984
181707
17827663
1813888
3580529
8337191
888194
2281371
2137515
3662525
18734616
1096430
4943745
3185065
7418878
87376
33967
18826067
14694680
5928587
3415
1040336
4068520
7567819
12581754
504936
4215221
2187858
217345
356129
12717051
12651834
162515
13946079
6946864
8905168
1801255
9942328
10365211
2411220
11593606
9987109
1938352
2760573
1227064
14534
4402
152336
10821911
10739
24110624
37559
690182
2821141
372868
395984
4495588
31991956
55567
1603467
1653658
7830003
8300
691638
2585196
11884196
4273415
3364462
13314002
19783331
13132564
2760334
6178
1246056
6557617
16647199
12327061
9707462
15263970
7393332
1060620
1267755
3775530
7965046
1599795
85988
8044898
517061
9059
6289710
2309201
3898784
12854127
12007
5555816
1151333
45455
605771
9977660
6862056
318254
27975489
3902703
372899
105901
7130717
88561
662048
16234080
12873638
2602883
835365
132578
6503
831292
11344012
649851
208327
11767614
4954817
4976198
3005204
3441472
1986044
7905397
616766
958223
9769933
1663988
47976
1319583
330945
924630
1003904
314457
623299
4685351
1018750
1515027
14918102
520246
8480644
6090825
11482569
920464
8029653
811469
879005
3368455
3452043
16109519
7451436
4111374
1437213
204150
10872229
22694093
8206823
303472
815862
25177414
10171062
2204818
8558215
3358151
1233089
454301
3810181
1529697
12118337
363819
11898762
5733204
3512475
1142
118579
5189193
12238180
175168
10029
8538320
2516887
3703214
350877
4792365
173387
2098426
24902
1846431
7869537
22673799
61200
311583
4864826
2850901
1084222
2784930
1889330
5838676
2841315
5828368
6980466
70636
43825
4852475
409693
52374
3668173
6402742
833155
5821685
7390953
12315754
64026
333461
1906356
12222610
9519472
17851100
1827146
10144485
3415271
554386
156448
11002970
1747791
1355935
3285730
103310
349415
774857
2543987
483115
3738445
2862303
19538008
801199
206062
21754047
278851
4456707
15236801
15601993
135428
286143
2862433
869462
22138759
16698674
17370816
4180557
6081243
3118974
1029265
1464952
21945471
10971385
1172013
7559994
28963
4657883
118311
957277
536723
7548156
1749870
10234232
68835
7324726
9466458
112576
174370
1362442
1262333
1481751
2233523
14857
579240
9729488
213826
1255103
3186599
1116125
1542890
3341167
7397359
171378
1449045
4881301
16930837
467666
1205581
11616671
6684704
525869
10086425
7224420
24123882
15071216
285726
853828
26130239
474791
9925146
2650580
13667738
3904814
30889960
896951
761473
747964
154484
10910157
12960764
351823
972099
3737402
1335627
5725346
47722
8413959
14581261
9549794
122375
12535946
268459
218305
18752467
6677320
3128950
14291002
8009766
2015910
6913554
9440552
12686519
61472
13122451
7000257
3698984
262470
9540976
6504025
100706
1985285
13772
806412
4492621
4102834
27714094
2640598
11568203
5124789
1338689
1133548
278767
7814468
1008832
29262
87010
2979262
13278024
24578040
15005551
782006
922225
892380
5371671
330
52038
3623072
255721
3054279
3826628
12307174
140196
23923121
106930
2605191
189776
15469521
1506466
2552
7913764
16618849
267176
1523952
25719051
2640997
3148916
9091973
1541765
213606
1651315
22943877
4223440
6865758
2026565
1260512
6455483
18320260
5901149
9314752
5263361
2862094
2508623
261707
6464216
9121484
50415
10673294
13528
6324021
41080
7373808
444772
8643
423510
7148546
242891
3257649
83923
7779011
5987343
14912
5601688
5207593
983722
575485
7443502
15126377
40770
617102
3699553
1362964
93977
13751294
200803
3199701
2088819
28945
2914763
11748
13309048
3398322
1292635
22900
5086714
12586741
1796566
379051
6424018
1068443
2096583
8624725
29791
9131269
7605624
20551316
15618944
920264
877062
17335353
2736525
22660783
693918
14543539
28584565
17406111
2609195
3358018
1569338
180584
787440
12652293
405015
57104
7432385
22259031
17726177
14830819
59351
13468315
13898098
18630462
738449
14173040
3478888
15054620
745005
130008
4091429
1641198
86939
675155
5198386
2121828
18007249
40091
21235923
1000926
17447018
3923246
19432266
9028122
3742147
568821
272418
398642
7638180
1169280
11089298
5576140
8443313
3681583
