348148455494153
942504353280594
1372837751683763
1150251345049796
825771114028875
945613698003790
27369539664794
339673062689689
811858331643473
1251725618273618
1241694852323150
856454048481220
1193934172700901
1021734707632955
1144534580343469
910796407088428
1020949427258702
885516016195054
1225954030000295
573774120094684
1182706219186143
939046876012281
431217517164803
121260698504534
1279246088871747
938371043232235
1338218729595938
909075859968204
647464748675611
853596512034260
659351356507221
1257810511580393
1367536819824901
1051723118204114
1085854832155534
1131785327237766
1352283537727677
1368567051625309
1150251138836987
1083171620247088
529228555815593
1340302354604620
1243168560704235
1038309185487792
1204010595151364
1314579283267243
1154576511147343
1295460092215101
1343585091458100
1055897620104918
197354128513943
983153878304372
737270315306529
772425225799544
413057963054114
1152067900540091
1361830093659373
1185236004890691
942636115680805
1196665263312663
478636863259267
615856082449201
206445180663669
660301878795116
1124328004608540
1081804081776360
467299549093402
333431147534221
49696075791623
516474335126650
477574181079609
286068930023373
96980006329415
675469964985851
1265726070802475
60558737107934
1156444656963529
750833749723583
1334968343920838
807162018610531
321810207589942
898985466160339
1118917700722389
147202934621014
291320227576237
687545759889787
63717712617309
1317909855624365
853502666203962
119144466012103
322721609262427
1251250106463556
1335113885146242
569953766768305
1089374273231761
567876500352834
1158395347411920
159155152497650
907440731548789
1090613534570603
159154020853925
932982493497761
805644494292742
702123573100041
45635224012530
1335114402025190
601746550994720
879046502463855
516473609999752
389909747408932
561167367788838
1298932147066959
1103556202343043
996947860840632
1340301209973010
1068828386284657
1325891129110075
1299517961835001
885006179355416
1161356511842844
853597149814731
577445394956613
854881088514987
1197427098579554
1101592726238982
224693500616312
889357439805804
604831020859083
535325650576919
1267114325908610
1022407237510161
663233956115771
269928188018778
1136002318842882
1274307001862491
923453631218660
895954991824052
867684128600726
114190888781435
1301527792040723
1228070288221225
622400932462682
842655700382630
450013885416039
1358696897212926
941557697682962
1316338768679177
507702851663709
1281065341701103
503339748480807
440781266325783
1133750008827106
846539665282822
1021084927444343
445899226207626
790704545086132
221065989298350
1367987616605415
1335943985308223
1177327067154403
773753927634777
221936955492230
1278047167708938
530102388749516
501572495046516
818123283632777
714519274441491
893474233039753
615136778359894
1192045292247026
570184483660637
124833623762564
733479519601360
1234265117941441
520839545646558
496986696054461
1142904277212936
98557350085279
223688300627300
605173700053691
355834633318685
1353965159850765
32111458877675
638102599442564
667879011408899
940873331745885
1036851628427481
733707109365118
212189097840699
1359400713498538
1362927780722892
1328318766985225
1218632778493186
1282470835824652
685295238646474
329775982117053
1187060391358813
1217455273748272
673160652893435
1302853569982961
8369809684113
1159553166887968
32813008824320
963474997478927
365469729009378
1122815180835095
392273207819831
1176397506617494
810856262037536
355268040205208
326666634375000
296993076661909
1337018980975068
338316922747140
1114149779675973
167858770443261
210772106549855
510798183782962
1164638802357039
422561017003356
631589477120246
1092989722122368
1223453226454263
557825585917516
685945236056361
926338794349933
1313538416409121
723702732967114
975050855040776
1048847765586553
130334577069160
358024361380894
909825225799589
959335272938014
252704008777038
151301642694717
814680487482169
1109214564634056
1275534130197779
1316341413687581
663489214537342
73137128291674
1175306930777339
790579643951988
809090673407289
1365787716686872
1282918301831292
1269476020002567
979184827460690
164669290374844
2797511762643
1192315229750792
1036957817842588
792907842920236
1193449540202372
1369390112867836
1108346680323500
1371087341228826
499473278732930
1296177505430473
1071427462515084
272831635647426
1237849538267695
891749004391434
573774967227400
943681818985262
1362504699346339
988870817288461
629984502971838
704178877958424
635912433098073
1337483622445151
731935298892359
832939984496773
1330939826028563
81838183780479
1275532970163913
1342730436469940
17816739135544
1322102068605584
770356277118126
182736258523415
124452554283410
1052091883369996
409945023873261
676864800297310
1243484510402449
1088621902082475
1338122024537740
935900537257761
52337925675632
859493511916747
92825564593907
1339803332627021
1312994065437510
613713166363135
746347736243953
1249459062263005
564423884677983
1372094938057682
469163315438710
227228002399397
172760964877143
238084578374269
1063416547089002
125896231947221
85189828968262
183782088401763
1318299463223989
1127861199276108
887028510343335
1361233330574152
1116445784055642
996358293442801
1371308247083072
1282892981665801
1068828344205777
1364555864270009
265320931519380
94334325146230
472801806988605
485558791034180
45634260586331
945928055233705
1347184165269759
56021346411287
689401332540786
974842164617458
533552456338414
391547726251042
1121796317788653
994092577920495
1156476140624356
1236033777989147
1289412759003232
1057900529046657
1344602933549499
1046841470932746
343398890350901
1270030235760477
238293759206666
96819808748092
110329253593062
1254978568134464
1347561879313678
1200852990045644
1265174827397176
829473944932201
616726803293050
1119790588838996
202528561372818
1014678521797861
814679165573391
897848301674315
139146504363029
934074628095327
389910897456812
979184936172748
1350490358679422
1261313811812988
976634912247522
1209447165929676
544758148650613
1081062742483648
1254199674315662
601748428137857
1097103969227472
995168604110977
935900431495877
899097139062403
434953693819384
1288569584867145
1265292094894979
689401184892156
815891825732302
1356355260333879
1150252281668082
414177986844220
767488046280747
1155557080619058
972455825886145
367375802386542
1349548834483484
152873595941566
860810440301499
1366280865865635
1152935761341337
1212257426058403
648340314244248
484126951647316
1145594781448670
1327602006886322
450563290683320
723239008604170
787667659940962
1316339530676314
1271972132175936
1365109666813901
836302968769610
1372095009764723
1373129750717756
201366952891945
560630381430414
1259950818757181
259521168347438
1178086498295571
773489215114549
650071910575610
1302852006476909
427624574409459
1077707588933462
230236939857779
850471647412819
37810479016271
1290407069651297
664179332290440
745238292808946
80654214537654
758100824619891
1102010683831149
1334588886293601
809091222716315
1263251118025177
535207633048964
62034884723445
990787899290930
675469807224417
1271994734548640
730983469822575
405964882585519
1205467748813530
1346172622731372
87163608611904
1042695782288708
328978062912094
1338354782056510
872410821267530
1288568306576049
1350489480791063
120006025283724
1046087096116265
930886967174504
692085743378994
1054418298057522
831336748392646
526637355176908
393591727870593
756230920104493
976636436197650
194794852754025
710458766746225
1206901501241481
1315974574611041
142815483624974
37811042243943
1316953073493326
58251078378693
738881172282073
1351170304556607
779288262866983
30120698364044
564861174708976
104922429825519
1164586209270922
303880138294716
1225955300133954
1034395596474702
3336700178565
1372027643700975
1332518314422383
523497575551372
1259951253786821
1247934815023875
1155077390185060
567596380430623
1351387779170933
489068406994262
1309979116161569
1206900014335960
338635006643975
1279246631257214
1344597694967913
567596457070427
720593451297618
983153453246958
1298830754750756
569138824740300
735554385540542
354223469513704
1333037932678272
1117937355496502
1254201173361318
1155557655970784
1241694585391334
988870557497214
597197713866783
1279246064277574
1351171571387065
378306494811103
263556201153089
1222174887651335
100899438044548
820527797781767
209953183402615
1028128694274819
1145520224580144
1309497791134260
1092989931822070
188418683669189
951402691269917
1068828756904927
445869002794387
1222174501458523
1173968690379982
238658436631570
856453141052675
678781170559729
389635861778476
586230106850440
1157845847567347
1255365731462680
915616436588435
383051690161280
1320225905903057
1018174429829508
631589776251005
979184898593785
1117259395584321
1098433681235116
1312217052015409
1192315390709334
1369940482196862
626371251163920
881487160122032
1153169162967586
15219967443404
132225676707298
707607972025297
465402937608800
1369716247873069
418188869750413
301752050355825
642687349001127
1094966806258078
692517454521397
1002835429047096
1364690091851451
31128664100674
1236205072336741
908460652613436
124834700207179
1228835383065446
278987461023506
1051453257007716
795293195332187
1122654017299867
1344925323918148
1264086162318223
1321291461674856
1371307604378283
792486956154853
1304052573129557
477574598579787
921005224838533
1189401458602629
888608855100081
858963559674975
1016233630979329
810857642195160
889163800393934
499473170648061
1203107061304888
1042694913247691
1081248300829560
1037226102550503
687546116872162
1256245601008432
1294302012458831
632630678025316
1241200555584274
1156475618129953
223128773733757
431217037181294
175605928290097
31129036323725
526429659070038
1126230521527570
617092177717994
1373218437316298
704179406908809
1219975670965994
122156412072442
210769768994347
358201087449870
598880773426678
1333037933949764
1312994727458554
1057955704832596
232143853741220
626221550447054
43794762271149
1077706406063994
1307946743733570
800451188932248
221300083241358
667877296443190
691529249737089
762102345751366
1215280175378658
24918724416875
963476033819477
1285206311350125
358284658374020
313643496885340
164628701469646
97954143008259
1337068952101767
1337069135405992
150629646018990
689380451124157
1363695119810665
1226833869334603
790379825832223
1306788003375319
1312216315978111
539856889010198
810440274589471
1143328716034992
948130886611480
132225117571204
553484838089086
238315797056754
1075005634516975
877312655490880
1198725596420265
299172588022116
1092254842116178
627057248099738
1116446422547184
999390848368823
1023170722378420
658399225169139
723703454459394
954356842874741
733419157003268
1208763011038518
1264084872761820
313893831460888
1164622504790581
588470953351249
629986177296491
1370857610208755
1289412682196538
114887710630789
875060166416790
1045133027281056
672336936996702
96980330532674
426027569398904
1373128942357159
332495151709743
940873579197379
912811037388632
106772532180431
400499680537139
232554267906778
515030187725291
1046841463817177
858963960548870
1089030171279183
1093747896940979
380360266728586
799653289931319
7901964565170
1352080409979099
1204011057412665
146424455155889
992406507495260
372139097391465
1367011893440040
221937273697845
679506216699464
537951973813610
206423117198384
312534086775939
950328825166338
1164584416294692
1363909672452410
591188170810435
1302490146024625
448482948418286
399747239170092
629985005499536
1021734419477573
897848825850287
1365788830807437
1055898092060384
1365775084183341
153630210848453
1331486236654190
1081804753088552
1365108596608320
1206250960171566
1038603256157308
1145593033394858
1268666508802229
338316846861109
11863546776044
1358169558580332
751559908900890
161187755359642
1364689870659425
294374984114221
1211819303094810
619881054046097
1314050748670794
712146490177504
1298831115698922
494144221117322
301271635881891
224771115621615
1366557251582625
1360637184584011
1002814621791153
855334988113080
613233676682581
19353864136756
1180963237064885
912811481394496
1294302202817592
1361234207348902
37809289306461
667877268787649
175606276353641
33510805134611
743050402035312
523499025252429
246762953275593
1338217626596167
1372558475014203
341235265559044
1268666626795885
139147338002486
89254421930295
833534974188165
1140876571827226
645950766282176
1152324440737933
1337960061995149
1009313386768857
1367537847720730
160524303035035
176408703255002
811858939972992
588161527384989
1033438990536231
1268282957263316
837988489923024
1073007115106978
820903361263968
1197427375145132
1000638464520535
1331720563055959
55504402902797
808441895971735
547942218022562
1305467876411156
940757213795445
333431753746347
1257811431678999
1336514408326992
823619921145153
814679437334901
983731367915682
910796179015042
1356046170166187
361204976030080
246763412586107
1236869618422480
1111663404553926
304857147389665
1275168032245783
178186688192865
1214991137502205
1132771528325308
942505898441236
487478018159308
89611360891132
256679963796116
529228217277644
881486579576767
1347372033671667
67234161294244
1258649307881945
856652789961055
1156444993142034
640634531331974
829296561563459
32812044473325
930885824333850
310854119482192
1289412693756047
710458872765599
250253402416440
1085855064685217
872410736487642
1281172761328826
860845091427366
317628319745948
1371770020959239
111427374570019
1152744574879185
1016911178392511
977738952321727
837988257014904
295469384430000
325651277655609
405964385086088
204296880106798
1347560982852445
1326916533356660
52682123510907
905577166080255
1224781059670687
1101594361544978
786613179350120
1337962376626752
369749006691177
241302818872255
1178086222817939
990788940956419
1078626085854537
191108802122933
409945294214349
1094966208602230
833534305027078
355834354256448
272516519467094
1288225386758763
972456331328758
402190499702497
818122123242456
1138953913791520
482032184839944
230583062736684
122193924341395
1186620894275039
1290409060548499
1138953774441914
1005689964158127
649196766971134
1330939628555615
1335923230140277
420346627306130
214203294442287
279095870027390
1372838345466955
1372659491270479
1060092567621347
463088848601145
685295600467759
1208062375500299
772424234491069
345345185638290
1128698273646662
987724434103560
69900548583087
1286147642537921
1196672245427409
1002932767170163
86000081809095
819494854440137
81838124880658
1273949316401930
649964672290688
545264935364110
1246823123708508
895955518193443
61804035734273
1307946643777489
826079218980795
1030204394215115
789872687762480
1090612806179902
1166520477645038
457645756298352
1367987900977582
24918108953541
1324513863357494
1199002440611820
779290151790264
1105314619321823
1261314780085448
880631694499755
1284814750723083
158968895485529
613235803199051
134986549271167
572187760412852
508586350015673
368620288005143
1068017753681568
1287558882429350
1143328342621924
286068628599075
1057955924905982
1314049949639224
655119467230519
754600984604906
817275169820185
1356807306282453
1210478801588721
1246824583357623
955336037996923
1155637615116761
1309495765643847
653335150003649
1109214642433451
1331514079809618
950329787001606
976184614397189
336218265596316
1321292972901067
227229056252923
965719492038199
166719042509137
1256563651857566
458418651106889
275121637492369
263545412717811
578796250828536
567623872295923
754600056214109
1103556196369625
1036230939407840
1014235531433636
1282917363768466
716467879457048
786611703542926
1058158442721680
782330290334974
1359925839695662
185997336768386
639174771064685
1356046619520535
1329644314489954
1180963422004796
490864956043914
1004990531353109
350869842321133
596216202696640
1083173302612836
1075004272846438
858962810640276
866173732396416
1164584756932345
1219975677467145
913882041382647
245336517180902
122155315200442
426026536318678
1212255868129986
733679414303493
851593133230420
1283856044699211
106772768651863
397456972950375
1302851803674423
1092433032303686
236584939650782
812560718820793
341220631035347
1280920947583482
210654329358128
146668407254218
1229858001066554
467299046766648
1186620897781443
1319312924806474
172089871366533
871396119079311
1046841899526166
1306319223164534
375401311365220
592955927641603
1367987806359787
579930570183231
827459803426948
1271602842233171
795293620033516
341233793495081
1009437042362647
952199105893504
1158927159283055
1217534257746698
1263227521017084
723705026173694
1332517911469774
1302491515063489
712041628171822
194450884529886
1341710737697925
1318299561390312
717649054812399
1268493771772442
371807015147435
1311338591003723
794490864471711
362123718639255
241725076905615
1297576568167897
1168629909280442
1318370980026360
903376322974887
1307946037962730
148348696656310
103617597151840
958085295569083
1337069018311905
591970787794579
848495624041689
199549521049770
981471220486354
453935460650235
1120645671936451
1011131013405489
820361797965493
512426970594442
1098433975812598
734388682710208
1043413595963482
671146820864739
734388232888118
197354368104880
967443875292980
322721985734789
755455152727672
1358293795580742
411423528015940
1251470159690579
52661960093850
726655229469002
3347290567556
202527180821498
1002991733262022
1044341919906692
1341711585853173
1271972824635839
280789588174216
1072105055547766
162551282469666
869653729379872
499472371860003
191108228967404
1031875550141043
43027508539467
901895914277926
398225932557331
125895580575655
1198086162061379
1053590280700884
1345686479438391
1121132649957758
799653631403485
554935372600347
675469947077147
1263250979542642
440782563927932
603087962140519
1276816198157578
1081061650072014
1257202945752320
386062812489700
1369015731945707
517492810504315
561166603755492
740095712177026
1227048822982332
899206527392322
301226197847716
901445519452974
889604267508418
141516320083560
1150250663175274
1356354212709086
807706326956240
177645775072667
444752316782516
877074236777827
215356160372922
546179091203037
1056988167188625
1002990454326891
844641629324150
1118917908584100
1016910252401718
851594397770542
1304053121106610
957174679653810
584937801107996
1269584712422494
1110084286353218
609538853547568
272831529218136
1347562242599740
232554279857357
719021314766686
301750599137577
20330214688451
1170378644585396
908459704048756
759179840681536
1195636577835459
145188280580274
900864762809169
1200851772762176
840003197246481
722677843852459
1142904501252211
921004642289072
246761844432668
217171923116526
525831305082478
1092488916786125
31129070849410
1363695166605565
1332517483215415
975050130609853
588161332228958
30120670583630
1196672679550871
1286146869953337
988870702984858
1358293818426827
267663701443529
953589740805822
1359018553968215
1183583815099416
1272489426820212
964787123531848
312533490325192
1335922242480740
1352588001502460
58251142817961
86035405735386
692085495293502
1122652701780242
847871062513924
795292866607245
397112870868834
1372930131410918
1328317552457084
671577127115956
1360056195645803
918259386742548
402189546106143
27368366233621
1211561596538456
1068829017403106
805045292878563
350868464041014
1040225349789826
1235585201082283
930885319652108
1322460429767489
1323441975688822
776542317900804
161187392062152
607043484755507
1218539226093332
645963673306559
1017147192150299
831064777513005
802575811250723
500814183330210
151300371160701
389911339350368
968928848302998
1369939858489094
1327068189697486
1036956679127533
1009894731127098
98557585968457
1223454077899307
869653189352576
1348406355912831
329777437929308
241301892949140
61937393381138
1028647684663769
354222916895088
1071427524818598
683700234718753
549983750075022
1202665878316159
1161356908655063
1133749640776152
869241491217111
164668496096263
96820180240545
1346172812726655
486633447906170
1152744524786536
1366558438556224
655119268052257
1023799093488935
912570982664825
1209740673602711
1049002516188952
230636555902459
1327302337121970
581482642741021
1365109178208853
23022524229286
1309310914173502
969364844452387
1348406846862112
1141207735917725
1157845875726238
242937457504065
500813709184721
1178086201855404
713657113576609
253487424989911
32812715958556
235541316163227
1338218113567306
1284815319867781
619881922778039
263492583912674
506333619612253
489172892073744
1364041366062129
701276614123287
1372297826481026
667878455984881
199549567201957
1068830058488461
490864610704162
347586359353204
515029701427965
940874244795150
609538295466300
1065669288329684
885004726817237
346910614751249
1321291913604560
819599518672229
395802069939235
69900680164015
1039787783981293
719021729205818
1247934882327773
1147977771710439
1250058733820711
1257811396131864
172088236016304
325651261442830
1353291615894739
284379576826139
1046842157146029
1246824408969097
103618558312172
503338575854814
369575193426716
1288359983430690
56020799389379
1319951980919759
372674884687896
725660774874972
883638435024182
793033034770259
994068140887247
724971528975845
1208063596893240
822278273543868
1363077237562136
1240715950442534
698657228099367
945926855675089
380360353015604
1296176507112274
970636185065346
278987758776931
227572269321733
1054419929919277
1306960336667738
1281171526997982
608650319841043
1113282399080268
89610882507591
80317344025135
1168249211467030
1023170773651615
931357490293430
1355192746102415
141516756344938
696238395802130
86780766001045
435789383178332
726655230623831
1316423574651353
1324885543548346
749824564983764
1187059972294434
1099487802200301
275121948745882
1300243616596765
1221598144363951
275121035714320
1175307714499166
1357493718472772
1237849907481211
1057576828502393
1210478797960026
880633022010688
1309978328658212
1073007596009918
872410792606530
1065669316271555
1129432836119877
680855838613388
537951362226637
1292505370733490
185508813077097
1163048042509602
745764735005599
954719680669571
696789585556944
1218058042937198
185997028363307
1227048251335983
204889401526825
297952844056693
372675080042766
128029539278979
612688136108766
1295856739180863
681440342924052
1306318526048590
1225955951756672
765363959878174
1358037869281742
805645271330631
968929240315320
1052427691847903
1342145058211643
1223454542422401
873488930168142
519141300850006
554313099598471
577351236903513
972962891129987
901444645945198
655121183186592
1357493533244723
607151667639206
1339803533569181
1282471029079200
1250056975365574
1368566438166319
1263444873673763
822167923412236
1201955849263931
1328785903612717
829473951257502
224769990688208
1363172825308950
1179841144940596
619188598437760
1354607780220101
473625941996706
1269462990490712
1028128490560253
98967715612827
986714090913620
1234143838031616
376673372953202
1166519949352012
1168628972043160
690125170818193
1357961259851649
659951745838652
923453019569404
413058855806368
169909618466543
1360174416396209
263556687339426
823620820900397
1335767018498877
1259951355083279
299170595318490
767487511158989
539857314616487
998674773127771
805645111692491
1259215119109161
1353291616904574
664179033213120
191410515032078
1044257600217836
1370363451514061
519141049682859
1087301766914437
199972141785762
1300244986714008
369833595913847
1314594285901337
1000638776918381
1115028305057700
951402186798015
465403164627135
496986514129818
990375639462074
1270454509521755
1316952049366280
872410907457886
743026104060857
1145420938402050
383051747567678
825505055562774
598880455321946
295840859168830
1363910810794270
754599840715328
588162038132942
338489436152049
921004693580461
1256115279243263
1322175908653296
49696045758976
1272195487912304
730687284160831
855335570373330
1056076171186182
1258352515048389
666966331114725
1112490768652496
604831554129075
535111000108031
178316518393107
765363823943854
1370857833927680
415174994290305
1337620295924212
35193327137040
1123628785760058
918258844384319
365469634286376
1072989974824777
180096637546765
214871839341191
799652730786991
1192633035721806
1155839999221844
1239275476254965
912478625637525
1357589933971703
1360636037270330
461071560874563
1163048249220474
1179841550364923
782329984095527
1009313278726601
228952289990851
1348406209767596
420345617865742
5407686170167
1307946229656804
397456340912852
269926215631906
10789105141461
181363509803903
304855013440733
67070901728759
425441123394800
958105038226505
1316352993651276
395322662080032
1271971947616187
178185670986206
901444043700484
1041568552812088
1311338486436709
1192314708721858
652337024531906
63717873275209
658398604478331
202528565226342
477003558222767
1232632495647341
1187637500571223
470466723599377
848496229390667
763034010889580
169910475640364
1327966534286628
999898116071804
1020948845397158
945926642358806
1312216109685496
1063829550081206
1208076243554579
1094971655800998
649314021578488
508586748555307
581484363871323
998675005750520
887027167781819
7409553378438
1191208235545414
720593631132719
866172287616962
961441912964825
615855122983832
1145519280144829
350181053819023
1175166206658805
1290405219132311
889604491867429
222464769966711
1359401461102214
435789751884811
995669736019080
135782194100675
742497772208314
580636889981061
1342145003945807
295839877868322
1326915667400119
348562842240519
1005689329208560
1146953029376457
1112339786831109
1015813931033754
297260343458675
831336667546568
1137195825153698
58870785109075
206424388763803
535110381868433
873214636168712
328979253668939
1370419519078569
252702876797311
1360636011183499
869652619562387
383051722540703
720594610591945
570185140249902
1255364666797445
129743807808411
1244560937762668
1191943924702088
1112490732952634
1272194661597915
1249171835636426
1349548645551816
1304053343885763
994514555566908
955957970015476
301915963927014
313644610266759
642687689905582
1370857127374171
244746845097916
258286006326016
1249922255839286
727206030503166
120006530051168
1346266906640710
782329623839610
846539548282232
1240710069161822
1292504996962813
134986006065384
386121612436239
448484313471884
756231898237409
1353964573584162
1372892089200907
1271972579930844
1267153065402778
839781342406729
1114150394327885
624714572637448
616840356762952
431218368922285
166719585752234
1079146755276563
1208763201664373
260278032931105
655276064564014
450563190992611
1358696998304179
1012183009082983
1212255058871188
560802412989080
934075232807523
212087650114874
1362645092920792
587140543619749
1364040431462639
1111172287813456
317628094508834
38884927260624
825503399697297
33510448903592
486633096591809
972962842130645
744600559556009
647941922269817
741314617462106
1224781423114997
160318293069666
1213946380746737
945615035191041
817753510385366
753702010647118
398225480992851
1355191535638914
1275532513178564
728002910616211
100898623969781
578797052128267
1024968382728083
111902464635192
1217456285736018
1198519274655329
510035510918195
594221721296242
92150075615426
881424747006500
1018874914673392
361205985817174
1041567910302597
538161608581008
116094718881896
1048848100336483
1038603782119022
1329939335703607
161148847047986
1258469670894785
988871873715393
408566380151318
1301528207832233
1075545853977144
1009894487669565
986306702381875
1229858528923576
899096830949553
1371308285053355
1131785480705064
1146951797674406
590418367218004
1061800888271583
490258587230271
336220572239873
236584457526083
13039518700767
1363909899043387
1201241037037216
594031922311153
1179629934939828
594031978024158
776539893158338
426413731160061
584938268494608
999896731400131
862773838762829
527243782428764
1018876129556919
308524002908663
1327602405886896
1360039007858598
763035047627390
1192046004753920
310855044156277
649196912996373
74105827477643
62035230870714
1180963079139687
867685023347173
768619486187553
807162823111338
676287044674765
771476094901009
1348335328321390
868391192690928
645038472393242
1292904131338991
306678055421816
753607104670146
905575790944382
109762937904086
1213944751012246
713372386126337
865115147474735
1221596976308350
1339803560319881
1068017714419547
661713695962783
599886705244125
1061800476731063
640633745169092
218687529641948
1178741948441714
1338333335529730
960914455213555
1363666056586086
546559625557795
948131301536977
728003751214209
508903033749178
1347724928261522
485557302827763
1356354924213147
77096617161348
67415552002772
810441023475107
1367536110793264
959098567945807
291840617506378
732904072007534
893473883349175
968929307576058
1136001672395142
1313391413345425
1358293997350928
683776911767687
1307782825890031
80316630109110
1267115940277130
1231372017506282
1100410351447669
1198725142776852
759695610960294
926338706740936
363636673616381
561167634112654
1068108611065763
527242762309672
1130983354218290
862765398632201
568556840087015
1192715706852272
316642895385029
970636257302350
21189097562439
1029436115271862
1110011763415632
1148172619470863
1366558130151190
547943746308146
1249575166250781
197285146675879
444752905364891
1227618377199117
1195635984642141
318700825411801
683865312914292
1095538501267614
1323440454804360
1315975552265025
1085409109846960
321260497074525
453936868626307
594031328872526
1261865101570906
842655570876378
369833485369341
169910710598395
676134918066187
1371770269831057
1316342094587919
1008438849324668
1364039573607433
1072103829662305
486959188246274
215356470322391
588664469604858
1215279706911045
338316846014617
1359918494984964
649964215818703
1358169675876231
1127300279821927
1129432274992282
1046170720608488
1029436241142423
49694977695644
995062740212955
1337961051099930
620942742884147
1206250044025889
938371617799480
375401715540243
427625443972056
1329938862180609
358283963129235
1369390163244234
947117559087206
1343585178175203
1060092990467435
1035527849629599
1305466943112052
794489970312681
1370419641528955
972963476321103
1163865222481491
1036958297329733
868391401598058
1177327252932863
809181828151491
663234867069522
250408276872664
672337236511704
52661639594940
827459977642664
1125305077032072
1081804695308103
875319169088849
903799286170259
746348728630800
1373129373468459
847870915618174
1034395325507804
629404430568884
1314578698044871
1344945343871357
386770484245304
1244732847080379
649314273431974
420469881727397
635063876397021
1309309886316349
1223454306971074
1252835059126972
1359089007922756
212405312822307
1094911012424092
1092434643120452
1219976334169212
588161295792586
898985743691129
21778343599915
622399839275978
963474995428146
1047977489065146
1292989993173578
1258353289919671
244747086145265
1098433721623890
250243349944248
1273948508805874
461071256103465
1015932229743041
891749594768784
577351243008483
178548368591539
1335922530717749
862767036788911
1369716825991148
751779856628442
1236205639606259
1192715502666871
1362928883573016
114191311479373
129743544863821
368619627157525
992405262906584
964786485643260
107250020992738
861755294631280
658941368726983
1230911604871252
299171714756958
1345149284435333
394329907076436
773489314062025
865115818036215
224770408096345
1014678247708310
391547060842201
1016235164926123
965720650551811
1312319494349854
77096717086043
1323441042748274
928280386533012
866792822677956
475749147856808
1249575302142464
566384897773731
1343585458230586
150629120943398
1345147420293519
269927123453332
627055725202679
354973981860271
1324885621265180
1050454572388067
812561575193896
1078628531610954
938399443072452
1097104192011399
1219494389479017
1014233505536924
438206809630896
1357493699909435
671577476944834
1366280366521814
653333866978483
14197871717670
1346172909285328
1075004886469624
426027894141091
800452769700245
935908519501749
1300589844072107
1357560886141232
669829937694641
619188997600919
434412955207889
1276815957222980
1367875686933354
112036795587132
733479621740263
1108346524768251
994514646634989
744599415725671
545263931321433
1358169777244087
1085409599915177
693603871345916
1239276138276472
14990701164001
204889550147351
1364555115605464
389309178553476
1191208970127256
533553377082515
1351517356011755
35193957173709
1077708021559246
515063899373737
827980689404706
784033334403530
1106589056420090
1356806822906182
825503891711228
73136773423012
1183583432416620
1119790992604410
38745697430422
474355941087630
1210479255396542
861755700937326
889358090060176
958371921236880
897670860730208
1372297515812452
1362645986604237
1026460820999540
1010898324818897
456011561756949
526636431709055
677082080623336
707118583741184
844936203228446
957202818444900
631589512289371
943683448722873
1364721973754300
1080547958532325
1359089012522841
964786260692898
452189082908538
1304053802745811
417037061962648
693604962812401
676498773671367
62687044556894
1317861987606392
817754457063724
1274307839005259
697049394658828
941900495571283
557831961723588
1067353926060150
1252835748275996
931357499893108
762100348178513
1195806167157007
1057954800883945
313643209131621
1065037832692413
1089092053239679
986305515602300
1287559911507227
1222553549901616
573774778303192
1264086063195050
638104046297947
1367011647863762
564861166137922
364528407114499
1051559939756685
573774100816362
629561058123022
1283857115678212
355442479814232
1222341724687466
506333766333419
340835543977046
669829414782025
773488961263161
291840311495505
840002513179451
1234700503844161
977738640302327
1036229682991568
1120646962797842
755272060949620
774415666184090
548200918269535
1166064488010909
807707915786406
99602145690840
1168249818819726
445552445985137
294375969816764
1103013894523256
712146562224896
1337960190144683
1205888570185023
759179634664098
932675613986620
624714789933016
1239305105876729
607152176928241
1315974321890120
1111425795093591
816351517763515
1028129285900416
484125581981049
1237848806075746
1341258854397229
312533637718433
1004990516254339
932675464846956
1201955938032339
782646216174239
1115559094049369
1080550312697040
182717484846343
1170784881348447
712039988549649
394328777662039
1365788352382145
1172836049760502
7409332130748
1313538306283374
450417905996500
1344597672887651
363777990759138
1314594330250309
1181147582004157
369014507495257
1209225520432749
967443842176287
1120645232624318
1360038658500768
1331720364379963
130968243938012
508587337656302
961440045418892
63834427835623
1347187703322095
512426206932903
457646879636127
908473459207031
1357202255054762
112966766352964
1325890789075879
1257809999240771
1172811182603962
1304052436415638
111427073504373
1004530226681291
1047976445594814
67415874779836
975094353835351
883638033717104
1023799050745920
417036235241183
1228836489767959
712126290123163
1294302726202155
1180964811096284
746348324860387
556500313511927
983731924479946
951401325936563
907148158441905
244930458428667
932629376165003
683776947043884
1243167505257976
1234265318853173
1000627641729839
869652664521605
1367820267757587
1230912494656857
3496771111155
1189400488335499
751777696581194
1232633034369164
1186149596260226
90819475054773
1088622073431009
698658460949242
632631381693557
996947830754679
1371087036464490
1229858269752101
945613740594597
737271321256261
1321291954328279
473626518172153
784033705154979
54821466725346
541416431505645
1173197737397541
1071427334552103
1202704697186341
91482212192743
145189039183929
1055899055045680
687790380355527
1045133261750753
1367614776426674
470466191626757
372605063922532
1368566854610840
854881203080636
1351701687556920
1371307915835605
183392577673677
3336445096615
414852385439987
156548163148632
318701126693536
1299518041737963
370897458424054
1287559537732355
1199945077546435
54820174164223
1291439939977694
501797942034374
358284517947806
1094910565442283
696789682329586
835087468775540
116093382638031
1300244053906805
903798640972770
650493162343139
45633117803474
431217688057805
635063377904456
1075545622209703
953862481760739
170374473739180
453937021840785
1340088133160348
438207343219159
1339343620137884
230637711783800
1347493726900364
1217927174952304
1223017250706185
1009894767567526
716467996545217
1148171806224760
673160899946736
848495672055423
1281525350188581
1198081751642640
549983402869979
1299510731776909
389067465865146
1144535231522908
1334587865799665
1319313520270804
187516088601573
1271602469239716
118387214462665
809091870485493
959336535965089
999151445716861
261901871526744
1163820016596092
658089565614002
835088399563240
484382983764877
771475570654340
376672853970000
77097414630299
444752159067601
948131581472799
878112861614774
958104112337155
757666580463641
678780313161346
1249459766625878
316160213423264
1360038751041967
435316369804255
61126812012041
1198894718533062
344343706734938
1038603353790118
666966678145112
820360736230168
1081805125538907
1346175489371847
520840623493121
169525633333224
1320226930227794
770355932492580
1092989944633715
1235684698843481
1317909986272916
803480915767730
322880543538838
1172835597154082
629014168017551
61937599027799
1126228657967382
869469635700055
1065150916165719
578678757610972
256680147407648
1033439639760821
631815226041514
811171701559161
919949579011799
410223344064863
1106588029234955
1031157004184012
1333830132564692
1211819082366735
1034788648116387
553484693362019
250408849999168
546178092113789
1084471012743328
1119790395606144
1168247786408927
1116446570528099
104237503386369
878256916444543
1228835762056763
1179630024960832
434953051666119
1127301973238271
958106070189085
661470226717180
1039789208200499
1325209444062972
1128087247674707
134985694506296
86781206145314
1345148019191173
893474520651135
1327068142436723
910795282557472
1065150239420131
1114148919600682
773177310965400
1294753164092785
1292990866213804
148332269287749
1029437544005218
730983153289644
87533036625496
231742756298994
1256563334955010
873489379995809
1372297283655162
1360203984962145
1312994273828015
1282471571949389
702841253032312
332495897302842
1351769991078990
91977081915646
455477953851888
1263250910628501
1351171101598090
1163864194131214
1329912912402005
1089374447817239
1241200966838487
1141208568449459
1166521716660545
1347371674474235
998675187991351
643243701047801
1292279975718143
529615753730117
443568749985192
594031188563401
1336638752234149
1031156510511163
259522254506443
1352915457038501
344344122853924
210357532523675
1112491233445506
206700984998611
1318107673117969
1361626943688745
1352283777061110
350713979242958
1052427558499830
380027181325213
1292904599454933
1016232807153895
915615948656340
10787316979950
1193932852097001
702124707664173
613235111100490
608648770701554
767196855688557
591189441300706
1325890996051358
284381205071748
183783126626405
124452292305832
1364688135093008
510035116116094
474355420552873
348562127154026
1361828722232440
352623762653784
880905205036896
352623124255044
928281586124366
955959597490475
638103175585322
1008439150124270
1111173257961903
1245895709286979
745764090657302
182732049018338
1024968529234212
814678742115986
280788246727566
1085854981010247
1218539555184469
879046463856147
1057576811803575
1372659658333744
85190751431841
1152324201274008
1120646501358842
1372839426435882
1050453914750191
1173968045328247
949094830341451
1090444935012303
134023230393562
1189400633365116
1051560127128425
1266624729124426
1048510001734623
953862944545046
1368064661372166
1228071315586868
482032102921702
668365814888680
326474009676710
470435199040109
749825573115870
1093973525813646
1333830448509891
1285867448041640
1002814077173392
407046639909577
948132227794123
743850889078854
654477290216611
716323576844003
279096168062902
612688461792953
441655269268804
143815094459946
194552222852070
551024410853934
128030245643311
1269585317847756
1117937968523670
156548060346791
1087186489370286
821343865348770
879046231048875
1195805814429307
410958705405368
961440232823671
490864791268402
734342437632233
1165503997101336
548203306169459
541415715689033
635912487294838
827992302148112
968996542752949
721903830616672
30121603191284
1092858763337923
1319302734544665
975094739236892
289256005111931
848495669222434
1364041078779718
1088622343413117
148331741917026
1154576140893165
238658928386952
1297576871781498
1369016582127891
1355037509085470
990147869039922
560414713978745
959336001894073
658096159331535
742498240307128
616727247541713
1251251054210994
1151556618195810
1201956326800040
139146609135407
967443207391064
489068536245949
95659010142100
597197610462027
792907189765911
1341259896332536
836372123433881
1254979128515707
238316213301245
1099488344390462
805524155922191
844937421215604
1026461278806056
1120503023375278
1192715927233300
386064707636390
1331474097854379
1334967717644257
802575547801431
823931013324536
422561317017165
1336515472313641
91739222167888
1306269188188457
343397706883874
38746082139414
707118222940833
1199945806638089
992146742983841
289255309989483
1231911665127457
1275167327740020
832839783609970
1257581584528757
456938505397510
286068345853997
1265726579133194
789781797650961
554934058215731
1281172253588297
445868402306671
998490636893149
861660605832747
795294364891900
991320164281108
1339343705824717
557824932729995
835616929685371
1250712330815380
935899787840510
544757938628660
1157845272693445
258750765872083
1106589018517019
20329415404870
986715024500283
1322137035042174
1306269635859037
1185235586316695
345344743364824
709658352622396
564422337005188
296994288923947
831337717962651
1370364175040679
1270455062246500
206445070627285
757665931610194
1319302477627417
967444192613057
913883100107457
1299517897055086
291841390692817
648117255319480
1352587940020679
1267114751375132
781339257027969
1373170914146547
1182705963473678
722677176909675
1094966467142458
494144668547271
1327966330568548
1267114318570071
1318300041727112
1295856336408058
253693165372554
544136388329519
306677854640315
1175165396309986
1244733123421843
1125305448991979
167213614342752
187515686535639
1228835643838087
1017147375417665
1079724826123695
796862360782199
363636849376286
218687053562249
500814268630542
1284814510886771
1373229587870914
1099099318739024
313644013427260
1313392641101302
796815846555661
209951446367727
1363666106486206
1152744712776210
1105314950688358
1323440656635394
15219922225991
1087302664504336
750222621953199
369014586192457
17816989763588
1046169985071831
942948515627501
110329428098194
1359400050032973
928280454152795
1031157206040893
1291439670539929
67232143905958
729973308676762
1012182978416915
1328786120046535
43025741292023
1239275834063996
789872996404225
861660956096088
875060010551665
529227865557002
430273031547313
877074491103209
1280921237199894
1251726174111228
1089375081093091
1063415726120195
221936907242148
791358397087418
1168628482543088
1122817149680004
952376817830147
1306270107806616
1240714798174439
981470602721017
1188555527707905
463823392715048
153631938150906
485557979179783
743850999822911
681441067819968
478637791051208
740095503241770
796862962539722
1342730565727512
11862275281098
1292280415425137
230636897970247
176323985020871
57504450260759
188419669316501
1205467292002444
1275533666824100
664179358046346
1205467079318767
463822911679196
118386438336837
1236033711672616
21779103262135
28220391510204
1261791704911936
1275169331690562
570184749071200
222464100959373
157132934418414
261900976911498
1020948868415799
1269462876574385
378306898435564
1164636773799281
730982687006345
231897892400358
821344697017840
322477980361474
1210478488355073
1179629753088222
131608130343964
1278046562584724
1354607807686968
598881056537881
192750979996928
155742747154435
1361830093277807
1241201807700519
279693176222771
507703370088486
932674491016201
660301199040483
191410926507342
352624149008236
676134785161041
1162967980585220
1322136598856975
142959198308232
181364916263769
1236732386382196
494143782261637
1000639745847734
119144815604507
1193449646246424
400499157611593
176324470150749
1288225422133313
1370441784024690
1300590096084816
253486812631247
503339182297020
1002835486985174
689823758550127
435921564326811
217171020517731
1205887425055137
1317891223590777
796862072704334
1159553200832315
1042492720066935
1311338522674673
530101097599721
728004581046460
163279117625913
714518953958723
990788942080535
1352283949407865
214873628157002
1322459653842328
618885075741832
1243484428206482
645951999343612
747406729339035
261900901620970
1137195291519715
961441880645303
267663966449607
1170378308051464
535110593872551
194795665544937
87163506873448
92825601199049
1091156202673128
3348074488519
1036228868696596
126678186987228
156976669590121
130986033235315
102695635800128
157340030068017
115631593243024
10841192036813
49713331148394
144503857791409
156062213559237
136969247334610
82349301870184
156976669590121
40575363869190
98387486327689
157340030068017
62214796872551
156524746695686
155361756881431
7100684854982
146172290019995
78719431272735
59871045120957
157340030068017
156976669590121
156976669590121
152857883936936
49963419860558
142808181550808
157340030068017
56269023874241
142808181550808
119941379816820
157340030068017
157340030068017
143464162941768
156154054102766
157246197408272
156976669590121
155177614338407
157340030068017
145151503950096
152875194650951
156269483565045
156062213559237
149352487954981
149352487954981
156524746695686
157340030068017
96820681981183
139925702859106
156719426657469
121437332596346
107732439807086
107732439807086
156062213559237
16115062259935
150705211084023
145151503950096
157246197408272
157340030068017
74559464220271
131005065730491
157340030068017
156719426657469
69985769835886
157340030068017
121452305945142
157340030068017
157340030068017
129981724120084
154310536811561
145151503950096
157340030068017
152562835382072
156976669590121
157340030068017
21985934686422
157340030068017
153902891831168
155655233410011
150705211084023
25711050450042
155655233410011
126231171525792
151732176557670
150705211084023
119920375335009
152875194650951
142808181550808
25768701957344
150705211084023
53882064663136
156719426657469
149352487954981
157340030068017
136148387440294
152562835382072
145151503950096
157340030068017
156269483565045
146172290019995
156062213559237
104800728787879
156524746695686
75971019428107
157340030068017
156976669590121
157340030068017
156154054102766
156062213559237
157340030068017
156524746695686
155361756881431
155361756881431
157340030068017
157340030068017
147817255598314
105938906749187
153902891831168
156524746695686
157340030068017
149177502236853
150705211084023
151732176557670
104952637136922
156976669590121
132486774725785
157340030068017
157340030068017
151732176557670
156269483565045
157246197408272
78009313083449
142808181550808
142808181550808
142808181550808
112173950130366
150350549097097
157340030068017
156154054102766
17394826778572
149177502236853
147090606738650
117319673306393
156976669590121
126141543570106
132778089451129
157340030068017
137897604088427
149375862562502
156062213559237
157340030068017
67660029694589
95476451464179
110200330608411
76037387549844
135450586245135
157246197408272
145151503950096
64334359380495
124052037950412
150705211084023
49963419860558
72012629896065
157340030068017
98387486327689
154485008196277
157340030068017
157340030068017
139897804162746
157340030068017
157340030068017
64287929650077
157340030068017
156062213559237
139199307799851
156976669590121
152562835382072
154310536811561
156531168013492
157340030068017
154310536811561
60715653619483
137897604088427
151732176557670
47841641893483
156269483565045
154310536811561
157340030068017
154485008196277
155655233410011
156062213559237
147090606738650
129747212067093
8867455198845
75123006592104
157246197408272
156062213559237
157340030068017
156062213559237
74581866298074
157340030068017
149352487954981
117302973213294
147817255598314
155177614338407
157246197408272
155655233410011
154310536811561
156976669590121
156524746695686
75991401950562
157340030068017
25768725951922
133800807123819
132634515377470
117874987477337
156269483565045
157340030068017
76665771024209
144004613050330
157340030068017
90451307019751
132634515377470
157340030068017
104168895315061
157340030068017
156976669590121
156719426657469
157340030068017
21985934317826
129747212067093
153902891831168
155655233410011
154310536811561
155655233410011
77647402177714
154310536811561
113972356831735
145151503950096
152562835382072
77654729632850
157340030068017
111135835770116
156154054102766
156524746695686
157340030068017
156269483565045
128612488338432
117928494155559
157340030068017
157340030068017
148053631770932
154310536811561
154310536811561
150705211084023
121437332596346
149177502236853
156062213559237
139897804162746
156062213559237
157340030068017
135450586245135
155655233410011
157340030068017
156979940011099
157340030068017
156062213559237
142808181550808
157340030068017
157246197408272
144503857791409
75971019428107
136969422193464
157246197408272
157246197408272
135450586245135
117928494155559
157340030068017
157340030068017
157340030068017
157340030068017
157340030068017
37962941994752
102840651363104
157340030068017
98387486327689
156976669590121
90848270044178
157340030068017
142298479578907
156524746695686
145151503950096
144503857791409
137897604088427
154310536811561
156976669590121
119920375335009
129747212067093
157340030068017
100047530045456
136969247334610
142808181550808
128612488338432
119920375335009
110250709225553
157340030068017
135372836634805
55991227964060
66375999036996
156524746695686
134448878556588
152562835382072
142827531584513
157340030068017
156062213559237
156719426657469
157340030068017
157340030068017
137897604088427
156062213559237
138534626683025
157340030068017
152875194650951
34237923482624
145151503950096
51232950662708
73147888820930
148495283972913
157340030068017
156524746695686
157246197408272
149352487954981
149352487954981
30444476473815
64141134676579
115631593243024
126141543570106
141359814743249
123510002395712
157340030068017
156719426657469
157340030068017
37345850799971
154310536811561
156062213559237
141359814743249
157340030068017
144503857791409
152562835382072
74559464220271
156269483565045
133800807123819
149352487954981
156524746695686
157246197408272
156062213559237
157340030068017
156524746695686
107032742724975
157340030068017
131800933022413
96820681981183
120314672378010
149352487954981
55991228258312
157340030068017
156976669590121
46673280443264
139897804162746
157340030068017
124050310236915
135372836634805
157340030068017
108656028986625
9525674200182
157340030068017
156719426657469
86354275316055
157340030068017
157340030068017
157340030068017
131800933022413
157340030068017
157340030068017
157340030068017
130986033235315
157340030068017
157246197408272
156524746695686
157340030068017
119920375335009
152875194650951
157340030068017
142273452526076
157340030068017
124050310236915
135450586245135
123503070584202
126678186987228
115631593243024
154310536811561
150345117128213
156154054102766
145151503950096
142808181550808
144503857791409
157340030068017
157340030068017
139897804162746
157340030068017
96827621541619
157340030068017
156719426657469
25768732100312
72782494447146
155378104927722
157340030068017
154485008196277
153902891831168
8867455227581
154310536811561
80719918931257
136969247334610
157340030068017
157340030068017
104168895315061
142273452526076
117302973213294
149177502236853
144503857791409
157340030068017
152857883936936
156269483565045
156976669590121
137897604088427
129877307378794
156269483565045
130986033235315
149352487954981
152562835382072
121169293722179
156269483565045
157246197408272
157246197408272
153902891831168
157246197408272
156062213559237
157340030068017
142808181550808
133800807123819
149352487954981
136148387440294
32574560723160
156976669590121
147090606738650
156062213559237
139897804162746
147090606738650
139897804162746
103531454779106
156720310037439
157246197408272
129088108443569
157340030068017
156524746695686
157340030068017
134448923293460
154485008196277
150705211084023
48660875199622
113972356831735
156524746695686
106481948556420
156284382000318
157340030068017
156269483565045
86354275316055
142808181550808
131800933022413
133800807123819
156154054102766
82349301870184
154310536811561
150705211084023
135450586245135
121437332596346
150345117128213
157340030068017
144503857791409
151732176557670
119514316203197
156524746695686
135372836634805
114207963174087
149177502236853
78730547818347
156976669590121
80203829566128
150705211084023
98387486327689
134448878556588
66304326086994
137441634401387
157340030068017
156269483565045
91014805268015
156976669590121
156062213559237
104975384640391
156976669590121
157246197408272
157340030068017
71393556506098
102840651363104
156524746695686
157340030068017
104168895315061
66450305611734
141359814743249
142936655925269
156976669590121
102695635800128
131345892205257
154310536811561
142808181550808
156062213559237
40105072731377
157340030068017
30444476473815
43161745123006
156976669590121
135450586245135
156524746695686
156976669590121
126690680461237
157340030068017
150538170411070
157340030068017
157340030068017
154310536811561
55287710605157
156062213559237
34639365435198
156976669590121
157340030068017
152874872096903
157340030068017
152562835382072
90675684620697
157340030068017
135372836634805
135450586245135
139209168925397
157340030068017
157340030068017
157340030068017
156976669590121
139199307799851
149352487954981
132634515377470
157246197408272
78719431272735
154485008196277
33521922841692
117928494155559
126141543570106
58777402690823
152875194650951
156976669590121
156524746695686
157340030068017
123593575062800
156719426657469
154310536811561
156062213559237
150345117128213
152875194650951
157340030068017
156062213559237
151732176557670
157340030068017
151732176557670
51232950662708
132634515377470
107031455430986
135450586245135
65145264882983
137897604088427
126141543570106
75971019428107
155177614338407
147817255598314
153276628886184
157340030068017
69963128141751
147817255598314
157340030068017
34639356093799
142273452526076
157340030068017
128612488338432
110200330608411
156524746695686
157340030068017
156719426657469
148053631770932
149352487954981
156976669590121
154310536811561
157340030068017
88505866655614
80719918931257
82349301870184
34639356093799
139897804162746
49713331148394
63074182655451
142273452526076
139199307799851
156269483565045
123503070584202
156269483565045
126678186987228
150705211084023
155676566230583
157340030068017
111163453107786
156719426657469
40105072731377
156062213559237
155655233410011
139199307799851
51232951018818
156062213559237
104952637136922
133800807123819
34063997453228
150705211084023
153902891831168
157340030068017
156524746695686
157340030068017
99597801043396
104168895315061
59871044763688
156269483565045
76898361984567
157246197408272
132634515377470
143464162941768
154327949382803
157340030068017
97743104913377
144503857791409
157340030068017
120008496438865
149352487954981
134448878556588
130489112051104
156524746695686
156062213559237
33521923143761
156719426657469
149177502236853
156062213559237
75971019428107
133800807123819
157340030068017
107732439807086
47638755482496
104952637136922
130986033235315
151732176557670
156524746695686
157246197408272
151732176557670
155361756881431
124050310236915
156719426657469
157340030068017
126678186987228
150705211084023
126591830327177
151750338743964
157340030068017
157340030068017
142808181550808
156154054102766
69331419308258
157340030068017
156524746695686
77647402177714
156062213559237
157246197408272
145151503950096
156524746695686
154310536811561
154310536811561
157340030068017
90508158548151
123653286121001
156524746695686
146172290019995
147090606738650
145151503950096
123503070584202
119920375335009
157340030068017
157340030068017
156976669590121
157340030068017
150705211084023
147148137987729
157340030068017
156976669590121
156154054102766
145151503950096
155655233410011
148053631770932
144503857791409
74559464220271
34424559755701
147817255598314
102695635800128
121437332596346
155177614338407
101120051707836
150705211084023
157340030068017
156524746695686
123503070584202
156976669590121
156269483565045
123503070584202
145166752200267
157246197408272
141370418748276
157340030068017
134448878556588
4806899785699
84324597237818
156269483565045
129747212067093
142273452526076
157340030068017
123503070584202
112767566866074
157340030068017
144503857791409
108656028986625
156269483565045
157340030068017
156976669590121
156269483565045
156524746695686
132634515377470
144503857791409
150345117128213
121437332596346
86354275316055
157246197408272
156269483565045
157340030068017
152562835382072
156524746695686
157340030068017
156976669590121
157246197408272
154310536811561
151732176557670
99597801043396
156062213559237
132634515377470
101551686622006
156062213559237
156269483565045
144503857791409
157246197408272
111135835770116
135372836634805
119920375335009
124050310236915
7100685126258
154310536811561
117933968493884
144503857791409
151732176557670
157340030068017
154310536811561
155177614338407
134448878556588
157340030068017
154485008196277
156269483565045
28204533019967
156269483565045
157340030068017
157340030068017
150345117128213
82349301870184
156524746695686
157246197408272
154310536811561
24143735363944
155361756881431
156269483565045
157246197408272
155177614338407
139897804162746
157340030068017
95476451464179
149352487954981
157340030068017
144503857791409
66761167988184
155177614338407
149177502236853
111135835770116
31539160172164
156062213559237
157340030068017
16999709452886
150345117128213
156062213559237
151732176557670
99597801043396
154310536811561
156524746695686
144503857791409
138029089204057
155177614338407
90452378011456
130003761251014
149352487954981
152875194650951
124050310236915
152857883936936
119920375335009
148053631770932
101120051707836
148053631770932
133800807123819
104952637136922
152562835382072
126141543570106
136823796594993
155655233410011
150946744379046
157340030068017
157340030068017
150345117128213
157340030068017
112767566866074
152875194650951
102695635800128
34639356133456
152562835382072
137897604088427
101120051707836
78719431272735
149352487954981
156269483565045
130986033235315
156719426657469
24853067900569
156719426657469
157340030068017
136148387440294
155361756881431
157340030068017
136969247334610
150345117128213
157340030068017
150705211084023
147817255598314
157340030068017
111135835770116
148053631770932
152875194650951
156062213559237
121437332596346
112767566866074
128612488338432
62404805089149
133800807123819
129747212067093
157340030068017
144503857791409
82349301870184
156524746695686
156524746695686
104168895315061
157340030068017
141359814743249
157246197408272
6484186095087
137897604088427
80719918931257
130986033235315
144509970963083
156976669590121
147090606738650
151732176557670
111150571059265
151732176557670
156062213559237
121437332596346
157340030068017
157340030068017
151732176557670
151732176557670
123503070584202
147090606738650
149352487954981
157340030068017
126141543570106
137903277903620
157340030068017
157340030068017
157255696706218
157340030068017
108656028986625
156062213559237
152875194650951
157340030068017
64730247783608
88505866655614
156269483565045
149352487954981
113400410221788
143464162941768
156062213559237
58160013019167
156524746695686
142808181550808
130986033235315
149177502236853
135372836634805
98580098095625
157340030068017
148053631770932
157246197408272
150705211084023
134448878556588
156062213559237
151732176557670
149352487954981
136148387440294
157340030068017
157340030068017
43161743661693
110200330608411
149352487954981
89675903555220
156524746695686
135450586245135
157340030068017
147090606738650
157340030068017
157246197408272
139199307799851
157340030068017
66352977392315
152857883936936
149177502236853
126678186987228
142810815494879
157340030068017
156062213559237
157340030068017
80719918931257
157246197408272
60189280089148
80719918931257
30444476988325
157246197408272
113986084075640
150705211084023
139897804162746
157340030068017
62214796465237
132656338912695
152875194650951
157340030068017
133800807123819
137897604088427
32238420922640
157340030068017
88505866655614
104168895315061
157340030068017
157340030068017
110200330608411
150705211084023
134448878556588
146172290019995
119920375335009
51232950662708
47156018385080
156062213559237
4806925772870
148053631770932
145151503950096
135672583125838
149352487954981
154310536811561
148053631770932
135456887353323
144443940173129
156976669590121
156719426657469
78719431272735
139199307799851
157246197408272
157246197408272
157340030068017
154310536811561
139199307799851
156062213559237
107744081148701
149352487954981
155177614338407
157340030068017
47156021404194
150345117128213
14426306777452
127702840940836
154485008196277
144503857791409
156524746695686
146598697297244
157340030068017
156269483565045
83638107056116
144503857791409
80719918931257
156062213559237
93095913624916
155655233410011
141359814743249
149516790332693
155361756881431
154310536811561
156976669590121
40105072731377
126141543570106
104952637136922
136802592995183
157340030068017
4806926548219
101120051707836
143464162941768
44392104179881
1810288255125
157340030068017
148053631770932
113972356831735
156976669590121
145151503950096
157340030068017
147090606738650
74200221469763
157340030068017
157340030068017
157246197408272
157340030068017
157340030068017
86354275316055
102721544245772
157340030068017
150705211084023
81713057360462
142273452526076
156976669590121
80789534769629
157340030068017
150345117128213
139199307799851
143464162941768
157340030068017
131800933022413
157340030068017
130986033235315
54222107082885
132634515377470
150705211084023
144503857791409
156719426657469
143285889881448
157340030068017
153902891831168
157340030068017
155655233410011
143464162941768
109182522408995
157340030068017
155361756881431
77647402177714
156269483565045
137897604088427
115631593243024
147090606738650
156976669590121
129747212067093
157340030068017
150705211084023
157246197408272
155361756881431
149352487954981
156062213559237
147817255598314
154310536811561
124050310236915
136148387440294
157246197408272
144503857791409
107031455430986
149352487954981
101120051707836
112769863454701
157340030068017
66596435322949
151732176557670
13158168694856
157340030068017
156976669590121
157340030068017
135372836634805
82349301870184
157246197408272
153902891831168
157340030068017
107732439807086
155361756881431
154310536811561
155361756881431
157340030068017
157340030068017
157340030068017
147817255598314
142808181550808
134448878556588
16115062416296
72793846324556
152857883936936
145151503950096
144503857791409
112767566866074
154310536811561
129747212067093
157340030068017
103409621408806
135372836634805
31539159931642
81532203307367
157246197408272
143464162941768
70093369024286
104168895315061
9525649263625
152562835382072
153902891831168
156976669590121
143691744874573
154502615271764
157340030068017
146172290019995
157246197408272
156524746695686
17394826266049
49713337725234
145151503950096
155177614338407
156719426657469
67754701910928
135450586245135
156524746695686
151732176557670
156976669590121
157340030068017
133836792234887
156976669590121
157340030068017
156524746695686
112767566866074
136148387440294
78754589662608
156976669590121
49052912415701
157340030068017
157340030068017
157246197408272
156062213559237
156062213559237
117302973213294
150345117128213
156524746695686
136148387440294
10841169155010
8682892712200
66444229001775
30444476473815
133800807123819
157340030068017
90451307019751
157340030068017
157340030068017
156062213559237
73779577853004
148053631770932
157340030068017
36726217967239
99602714725989
123503070584202
115631593243024
138643350821510
155655233410011
67679684317496
157340030068017
157340030068017
157340030068017
126678186987228
155655233410011
157340030068017
136969247334610
49713331148394
47156025072442
157340030068017
110226522303708
156976669590121
130471409215082
157340030068017
104952637136922
157340030068017
157340030068017
157340030068017
139199307799851
97065421871098
157340030068017
156154054102766
59871044763688
121437332596346
119920375335009
96232059800291
156524746695686
16115062795766
156976669590121
157340030068017
150345117128213
157340030068017
133800807123819
113972356831735
148053631770932
155177614338407
79688131861156
115631593243024
142808181550808
155655233410011
83638107056116
150345117128213
151732176557670
151732176557670
36165935943885
149177502236853
127792258279677
157340030068017
156976669590121
157246197408272
103045314833337
157340030068017
102695635800128
114782577954563
152875194650951
157340030068017
157340030068017
156976669590121
146172290019995
156524746695686
126678186987228
149352487954981
49713331148394
112767566866074
157340030068017
157340030068017
130986033235315
156976669590121
144503857791409
4806899837853
157340030068017
135450586245135
117928494155559
102851576097057
147090606738650
144503857791409
152857883936936
156719426657469
156524746695686
156062213559237
128717105434756
135450586245135
117302973213294
90451307019751
150705211084023
136969247334610
145151503950096
155177614338407
156719426657469
157340030068017
143464162941768
155361756881431
93095913624916
144503857791409
60110321395200
147090606738650
157246197408272
157246197408272
157340030068017
153902891831168
151732176557670
1588057008299
155361756881431
156524746695686
156269483565045
156154054102766
157340030068017
141359814743249
153902891831168
157340030068017
149177502236853
143464162941768
156976669590121
156269483565045
119920375335009
95476451464179
96820681981183
133800807123819
41018796753515
136969247334610
134448878556588
147817255598314
157340030068017
37366721649768
156524746695686
156062213559237
157246197408272
149352487954981
144503857791409
155366480548397
156524746695686
34639364073746
157340030068017
152875194650951
157340030068017
62841375099752
119920375335009
157340030068017
155655233410011
157340030068017
143464162941768
141359814743249
156976669590121
73138897563459
153903531131042
157340030068017
135450586245135
155655233410011
37366720766004
149507794648813
156154054102766
156976669590121
156976669590121
157340030068017
146172290019995
126141543570106
152875194650951
117928494155559
110200330608411
156976669590121
107048647337163
156719426657469
65132805639860
157340030068017
115631593243024
111135835770116
156524746695686
151732176557670
157340030068017
144503857791409
156524746695686
138078319926187
152562835382072
119920375335009
157340030068017
64141134676579
155177614338407
128612488338432
110200330608411
157340030068017
133800807123819
126678186987228
80719918931257
154485008196277
152562835382072
104952637136922
49713331370654
143482076336997
155655233410011
144503857791409
110200330608411
151732176557670
157340030068017
157340030068017
49963419860558
47917031483691
82349301870184
64141135010033
151732176557670
65822463215323
152562835382072
75035647366199
139199307799851
156269483565045
93222215368067
157246197408272
113987107977634
156976669590121
155655233410011
80662071396945
147090606738650
157340030068017
133800807123819
67660029694589
4980719593133
117302973213294
156062213559237
156976669590121
156269483565045
156719426657469
144503857791409
154084314367330
157340030068017
22949478430732
136969247334610
157340030068017
149352487954981
60715653556039
1810288436710
46673280443264
109098466623977
131800933022413
147817255598314
104952637136922
157246197408272
36224829965806
156719426657469
155361756881431
152562835382072
128612488338432
156719426657469
142273452526076
154485008196277
155177614338407
72813437938311
156524746695686
101609892909508
152562835382072
157340030068017
157246197408272
130416985366883
154310536811561
113972356831735
113599263165578
151732176557670
135395016516520
156524746695686
102695635800128
128612488338432
157340030068017
117302973213294
157340030068017
151732176557670
156269483565045
74559464220271
101122692141055
156524746695686
115641763021491
157340030068017
46673286127126
146172290019995
147090606738650
124050310236915
156976669590121
149177502236853
40105072848048
157340030068017
152875194650951
49713331148394
157340030068017
157246197408272
84214842423643
156976669590121
150705211084023
110200330608411
157340030068017
130986033235315
149352487954981
157340030068017
156976669590121
128612488338432
149177502236853
110200330608411
156269483565045
104168895315061
119920375335009
126170813134035
157340030068017
17394826579246
149177502236853
81356341376718
157340030068017
64141134676579
156269483565045
152875194650951
156269483565045
157340030068017
157340030068017
157340030068017
157246197408272
99597801043396
129747212067093
133800807123819
136969247334610
156524746695686
82349301870184
119920375335009
149352487954981
157340030068017
156976669590121
150345117128213
157340030068017
107031455430986
107732439807086
33521922841692
155655233410011
156524746695686
156062213559237
156719426657469
143464162941768
77647402177714
155361756881431
131800933022413
157246197408272
143464162941768
104469176707893
157246197408272
151732176557670
157340030068017
157246197408272
156062213559237
156976669590121
47156018322231
144503857791409
150705211084023
149517212041368
156524746695686
104168895315061
156976669590121
137897604088427
156719426657469
2032830748524
98387486327689
104168895315061
157340030068017
157246197408272
154485008196277
25768730176895
143383611001525
157340030068017
149352487954981
157246197408272
155193290612693
157340030068017
156719426657469
117928494155559
53882064051988
157340030068017
146172290019995
150345117128213
148053631770932
156269483565045
157340030068017
152857883936936
156976669590121
152562835382072
150705211084023
99983440183979
146172290019995
88505866655614
126678186987228
147090606738650
113521973182860
155177614338407
101120051707836
24143735897890
157340030068017
156719426657469
135372836634805
139764424732144
157340030068017
145151503950096
150705211084023
156524746695686
123958788817445
142273452526076
152562835382072
156719426657469
132634515377470
144503857791409
142273452526076
144503857791409
126141543570106
139199307799851
142808181550808
150345117128213
16884038227301
112767566866074
157340030068017
157340030068017
137631566249125
156524746695686
154310536811561
150345117128213
157340030068017
156719426657469
156524746695686
104952637136922
83658693727048
149177502236853
139199307799851
151732176557670
112767566866074
46673280443264
36165942794110
156062213559237
140082597278738
156524746695686
80719918931257
117302973213294
147817255598314
144503857791409
156976669590121
117928494155559
143464162941768
156062213559237
156524746695686
157340030068017
157340030068017
145151503950096
128612488338432
108656028986625
28204552022506
104168895315061
149352487954981
47789018241627
156976669590121
34058561070675
147090606738650
74559464220271
121437332596346
157340030068017
157340030068017
133947809620480
149177502236853
48660875102749
73138897563459
82349301870184
133800807123819
84734193046488
157346038395202
157340030068017
155361756881431
126141543570106
111627968787560
157340030068017
123503070584202
156719426657469
151732176557670
102695635800128
130986033235315
149177502236853
155177614338407
142808181550808
144503857791409
129747212067093
157246197408272
112767566866074
157340030068017
129747212067093
153902891831168
151732176557670
151732176557670
1810293113139
147817255598314
49248703247701
113188869690603
148751422097125
157246197408272
129747212067093
113972356831735
86354275316055
43161743661693
152562835382072
135372836634805
156524746695686
157340030068017
58777403243734
157340030068017
157246197408272
136148387440294
119920375335009
8682892859531
151732176557670
157340030068017
156062213559237
149352487954981
104952637136922
151732176557670
104952637136922
146172290019995
108656028986625
157246197408272
156524746695686
150705211084023
36306931619262
141359814743249
50184127243693
157340030068017
157246197408272
98399571927495
157340030068017
142808181550808
36165935920474
150705211084023
146172290019995
148053631770932
157340030068017
156719426657469
148053631770932
156155350075549
156976669590121
153902891831168
121437332596346
156062213559237
157340030068017
157246197408272
34529658613047
157340030068017
156719426657469
143464162941768
126678186987228
117928494155559
131800933022413
157340030068017
145151503950096
150715499175354
157340030068017
157340030068017
156524746695686
156976669590121
155177614338407
146172290019995
156062213559237
130986033235315
69538986987852
156524746695686
35023760913601
157340030068017
157340030068017
107732439807086
157340030068017
157340030068017
154310536811561
139897804162746
157340030068017
145151503950096
150705211084023
55991227964060
98387486327689
113972356831735
139897804162746
157340030068017
157340030068017
156062213559237
156719426657469
156719426657469
152857883936936
154485008196277
154310536811561
150345117128213
153902891831168
132634515377470
155177614338407
157340030068017
121437332596346
107732439807086
85020844913921
157246197408272
157340030068017
157340030068017
4980719682612
150705211084023
152857883936936
156062213559237
123503070584202
156086303202411
157340030068017
151732176557670
157340030068017
136148387440294
143464162941768
156976669590121
24143755203750
139897804162746
24143735363944
28780436249272
156524746695686
156976669590121
155361756881431
157340030068017
156524746695686
152857883936936
132634515377470
121437332596346
69360457435098
152563720690261
157340030068017
139199307799851
149352487954981
156154054102766
136148387440294
139199307799851
117302973213294
82374480332970
156154054102766
146172290019995
117928494155559
135584025385364
155361756881431
151732176557670
98051444492655
149178042930712
157340030068017
66444229001775
88505866655614
139897804162746
114946510316289
156524746695686
156976669590121
149177502236853
153902891831168
104175976735780
157246197408272
145151503950096
121437332596346
104952637136922
107031455430986
157340030068017
156976669590121
79688131861156
113972356831735
129747212067093
117302973213294
82202115842225
150705211084023
154310536811561
149991938228160
157340030068017
101120051707836
133800807123819
135665737880485
156269483565045
150345117128213
149177502236853
66009143661773
157340030068017
107436111388282
146172290019995
113667931289692
156524746695686
156976669590121
157340030068017
151732176557670
135450586245135
156976669590121
150705211084023
157340030068017
73138897563459
135450586245135
124050310236915
110433479282403
156976669590121
157340030068017
131800933022413
157246197408272
156976669590121
154310536811561
88998878979428
139199307799851
157340030068017
157340030068017
133800807123819
78737283544695
156976669590121
156719426657469
153902891831168
139897804162746
143464162941768
156524746695686
156524746695686
156062213559237
71217767669527
142808181550808
149352487954981
156976669590121
156719426657469
28204532583708
117928494155559
157340030068017
150705211084023
156062213559237
156524746695686
18958934991433
2032830992897
157340030068017
156524746695686
155177614338407
157340030068017
126678186987228
149352487954981
156976669590121
154310536811561
156524746695686
152562835382072
157246197408272
156976669590121
79063149968926
146172290019995
150705211084023
149352487954981
157340030068017
90451307019751
145151503950096
13745712921158
104952637136922
73138897563459
16115063543316
156062213559237
133800807123819
39149692270200
156719426657469
156976669590121
157340030068017
150705211084023
157246197408272
101120051707836
107732439807086
157340030068017
16115062201753
71195770865027
129747212067093
145151503950096
156154054102766
146172290019995
69963128141751
142808181550808
157340030068017
156524746695686
88505866655614
157340030068017
153902891831168
156062213559237
156524746695686
157340030068017
156976669590121
157340030068017
157340030068017
156154054102766
156524746695686
135450586245135
156062213559237
155361756881431
150705211084023
96820681981183
116274487614336
156976669590121
154310536811561
148053631770932
151732176557670
157340030068017
107031455430986
129758859489908
156062213559237
55991229956650
154310536811561
113972356831735
156524746695686
121437332596346
132634515377470
43161744173035
157340030068017
156154054102766
141838177377204
157340030068017
156976669590121
150705211084023
98903900579390
156976669590121
156524746695686
25768702193840
157340030068017
156524746695686
141359814743249
149177502236853
139897804162746
157246197408272
133818411560316
156524746695686
117928494155559
131823221229943
157246197408272
155655233410011
157246197408272
155361756881431
13745713433957
157340030068017
88578499433682
157340030068017
157340030068017
157340030068017
47789018437709
154310536811561
157340030068017
150705211084023
154310536811561
154310536811561
69963128141751
58777402690823
126141543570106
6484186498754
142808181550808
147817255598314
157340030068017
182347458517
147109368611908
157340030068017
36165947295270
93560106832509
157340030068017
157340030068017
157246197408272
150705211084023
157340030068017
59543162427163
156269483565045
157340030068017
102695635800128
151732176557670
80719918931257
147817255598314
149177502236853
156976669590121
142808181550808
157340030068017
157340030068017
156976669590121
156719426657469
151732176557670
117928494155559
156976669590121
72782494447146
93986725887323
157340030068017
48867761864138
155655233410011
157340030068017
104168895315061
36165935920474
46673280443264
62843864227108
101120051707836
149352487954981
157340030068017
80747495613590
139897804162746
156976669590121
129872985368469
154310536811561
150705211084023
157340030068017
130986033235315
157246197408272
144503857791409
157340030068017
157246197408272
150705211084023
74559464220271
157340030068017
152875194650951
74559464220271
119920375335009
121437332596346
53734992561510
157340030068017
108659046720742
156719426657469
182347297783
95476451464179
38326329008801
156154054102766
157340030068017
157340030068017
156524746695686
136148387440294
10841169625551
133800807123819
48660875102749
142808181550808
156062213559237
150705211084023
37366720858524
149177502236853
144503857791409
156524746695686
157340030068017
157340030068017
43161743661693
139199307799851
156524746695686
46673281009654
157340030068017
156062213559237
157340030068017
132634515377470
157340030068017
156524746695686
156269483565045
47789018241627
157340030068017
150705211084023
156154054102766
155177614338407
128612488338432
132634515377470
99482473597895
156719426657469
156269483565045
71195770865027
156719426657469
157246197408272
152893464306989
157340030068017
107031455430986
156524746695686
131800933022413
110200330608411
157246197408272
79703911331171
149352487954981
142808181550808
157340030068017
102840651363104
156719426657469
152875194650951
157340030068017
73138897563459
94097096130651
157340030068017
155361756881431
85834590180093
157340030068017
124050310236915
152562835382072
137560890364695
156976669590121
149177502236853
155655233410011
145151503950096
156062213559237
99602011608391
156154054102766
156524746695686
157340030068017
108723676047486
154310536811561
93117401938539
157340030068017
157340030068017
123503070584202
119920375335009
93497043238149
156524746695686
157246197408272
149352487954981
150345117128213
33521922841692
156524746695686
156154054102766
17152307199422
129747212067093
149177502236853
157246197408272
156062213559237
128626820967874
157340030068017
157340030068017
149995734196497
157246197408272
157340030068017
147817255598314
126141543570106
156524746695686
123503070584202
156976669590121
142808181550808
156976669590121
150705211084023
149352487954981
152562835382072
150705211084023
42150191618941
157246197408272
133800807123819
105487989135738
148053631770932
18958935206533
148069991468666
156062213559237
44973431565773
148053631770932
48660882819942
135450586245135
142808181550808
152857883936936
156976669590121
150345117128213
152857883936936
55812187691300
153902891831168
146172290019995
102840651363104
6484186095087
98905615844147
156269483565045
141359814743249
117302973213294
157340030068017
157340030068017
156062213559237
147817255598314
26268390950738
102186524335943
157340030068017
86363359963479
157340030068017
83638107056116
86354275316055
9525649462506
139560244257978
157340030068017
155361756881431
95496166677742
157340030068017
154310536811561
50743050946893
157340030068017
156062213559237
100626580370101
154310536811561
155361756881431
47789022238779
154310536811561
118311007888528
157340030068017
126678186987228
134448878556588
73138897563459
157340030068017
157340030068017
51232950662708
157340030068017
95476451464179
144503857791409
156154054102766
154485008196277
156269483565045
88505866655614
157246197408272
157246197408272
152857883936936
144503857791409
154310536811561
152875194650951
153902891831168
154310536811561
143464162941768
157340030068017
62188940312678
151732176557670
157340030068017
157340030068017
1810288634014
157340030068017
93468061769422
133800807123819
157246197408272
156976669590121
141359814743249
157340030068017
37433052624365
102695635800128
85417445595686
157340030068017
79688131861156
150705211084023
83799495122792
139222944929035
157340030068017
157340030068017
157340030068017
104952637136922
60015199335885
147817255598314
126141543570106
157340030068017
95476451464179
117302973213294
157246197408272
152857883936936
156976669590121
117928494155559
152562835382072
67660029694589
142808181550808
157246197408272
157340030068017
143464162941768
156524746695686
152562835382072
133800807123819
62467352387905
152875194650951
99597801043396
49713331148394
112767566866074
157340030068017
78719431272735
80719918931257
102840651363104
157340030068017
147818602069043
157340030068017
154310536811561
156062213559237
155361756881431
156269483565045
135450586245135
157340030068017
156719426657469
156976669590121
157340030068017
142808181550808
119920375335009
157340030068017
49963419896443
111135835770116
157340030068017
156154054102766
104952637136922
156976669590121
157340030068017
124050310236915
44392104345118
13919930779