9
507463111
453148131
522935793
5
989257486
634037794
561169722
803272621
16517728
402478127
4
704916542
121708274
685226766
78206038
85952214
311781985
3
388103903
62929164
540925241
531148494
260679898
185460996
10
7
766771249
184151741
847711798
970343196
435071876
523273277
103772513
52960189
578361656
974381421
866330716
910306097
396312578
340372943
993516148
658497890
850753276
27665769
158868926
4
757367307
976042980
825367952
1
1
797922656
86814837
8
