395
389
426
434
418
391
409
408
414
406
68
73
57
74
64
80
74
72
315
335
287
28
47
39
29
36
6
16
10
13
17
147
148
147
160
139
138
151
154
148
142
35719
35375
35528
35455
35461
35805
35476
35474
35399
1166
1202
1257
9945
9850
9922
9759
9701
9913
9771
9859
9934
9861
12628
12764
12630
12571
12567
12569
12705
12515
12688
625158497
625104511
625026936
625026936
624968816
625026312
624968816
625104511
625104511
625158497
1250085647
1249996037
1249996037
0
1249971922
1249971922
0
1250085647
0
0
1250001801
1249998174
0
1249998174
0
1249998174
1249998174
0
1249998174
1249996350
0
0
0
0
0
2500065129
0
0
0
2500065129
0
0
5000050000
0
0
5000050000
0
0
0
0
4881628
4881807
4884096
4883281
4886347
4884055
4883485
4884177
4882030
4881167
4880364
4885253
4883362
4879758
4888627
4984719
4882708
4883599
4886759
4880321
4883204
4882612
4877279
4882241
4882001
4880685
4880227
4880494
4887945
4883583
4880481
4887034
4886021
4882448
4884081
4883545
4884769
4882824
4885827
4886059
4882778
4882932
4881084
4881301
4881950
4883274
4885651
4886673
4883834
4883154
37950
38140
37963
38174
37975
38042
38490
38115
38189
38261
38163
38164
38410
38280
38449
37955
38206
38171
38239
38232
38275
38202
38399
38010
38189
38049
38078
37990
38571
38318
38448
38021
37753
38118
38327
37858
37942
38267
38202
38040
38181
38278
38302
38024
38239
38373
38344
37900
37995
37965
