9661
9965
9965
9965
9965
9965
9936
9836
9965
9965
9965
9965
9606
9985
9965
9788
9965
9965
9965
9936
9936
9858
9985
9749
9661
9936
9282
9844
9986
9965
9936
9965
9985
9965
9909
9965
9822
9965
9965
9965
9965
9882
9965
9965
9965
9985
9965
9754
9965
9965
9965
9936
9864
9677
9654
9661
9710
9965
9936
8250
9985
9965
9965
9936
9985
9936
9965
9606
9965
9936
9981
9936
9965
9936
9965
9953
9661
9984
9965
9965
9936
9109
9965
9677
9965
9917
9965
9936
9965
9985
9965
9965
9965
9985
9965
8461
9654
9588
9953
8981
9827
9965
9936
9965
9980
9965
9965
9936
9617
9965
9965
9836
9965
9965
9965
9965
9936
9936
9936
9985
9936
9820
9965
9965
9936
9764
9713
9965
9965
9965
9638
9965
9936
9953
9936
9965
9917
9965
9985
9965
9965
9936
9965
9965
9380
9965
9836
9985
9936
9788
9965
9985
9107
9985
9828
9936
9985
9965
9713
9965
9965
9965
9965
9965
9965
9965
9965
9936
9965
9965
9659
9965
9965
8791
9844
9965
9661
9936
9936
9654
9836
9936
9985
9965
9183
9936
9948
9965
9686
9965
9836
9936
9606
9936
9965
9661
9985
9936
9953
9836
9965
9965
9965
9661
9965
9965
9965
9546
9965
9550
9965
9965
9761
9936
9965
9965
9965
9836
9844
9936
9936
9965
9965
9996
9965
9965
9965
9965
9985
9936
9965
9985
9418
9977
9936
9844
9981
9965
9936
9836
9965
9936
9936
9965
9965
9965
9936
9965
9980
9965
9965
9965
9661
9936
9749
9965
9965
9936
9661
9965
9677
9965
9965
9485
9936
9788
9844
9965
9661
9965
9980
9936
9985
9917
9965
9985
9965
9984
9965
8777
9567
9965
9985
9677
9965
9965
9936
9836
9965
9936
9965
9965
9606
9936
9965
9936
9820
9936
9965
9651
9936
9965
9965
9965
9936
9985
9965
9661
9914
9965
9677
9936
9965
9713
9936
9965
9965
9965
9965
9922
9965
9936
9965
9965
9936
9917
9965
9609
9985
9965
9965
9981
9965
9965
9948
9985
9965
9965
9619
9965
9713
9965
9965
9985
9965
9965
9984
9917
9936
9965
9981
9965
9965
9836
9965
9985
9965
9965
9965
9185
9880
9965
9713
9965
9965
9965
9965
9985
9965
9965
9965
9654
9965
9965
9965
9965
9965
9965
9936
9713
9965
9965
8815
9965
9965
9438
9965
9965
9936
9606
9965
9965
9936
9661
9809
9965
9575
9965
9965
9965
9777
9713
9965
9965
9965
9965
9965
9965
9985
9936
9965
9965
9654
9544
9965
9606
9965
9985
9661
9858
9936
9965
9567
9677
9965
9677
9965
9965
9965
9936
9965
9965
9965
9965
9965
9788
9996
9965
9965
9654
9984
9844
9380
9965
9965
9953
9936
9965
9965
9965
9965
9965
9965
9965
9974
9965
9965
9936
9965
9606
9820
9661
9788
9985
9965
9661
9946
9820
9965
9965
9965
9661
9965
9965
9936
9965
9677
9457
9936
9965
9936
9677
8848
9965
6609
9965
9965
9490
9936
9936
9827
9965
9850
9965
9965
9974
9965
9965
9965
9742
9965
9936
9713
9965
9929
9965
9661
9936
9606
9880
9999
9965
9985
9980
9922
9985
9985
9965
9820
9965
9936
7731
9936
9980
9936
9936
9936
9965
9965
9677
9836
9965
9965
9984
9567
9965
9965
9965
9788
9936
9965
9936
9985
9965
9520
9965
9965
8820
9953
9985
9936
9965
9965
9936
9836
9844
9965
9965
9965
9965
9965
9965
9965
9233
9985
9936
7813
9457
9917
9836
9965
9965
9380
9965
9965
9965
9965
9965
9985
9606
9965
9936
9985
9965
9965
9965
9965
9965
9196
9965
9936
9965
9384
9965
9749
9965
9322
9936
9985
9936
9948
9965
9965
9089
9713
9965
9965
9606
9546
9216
9836
9965
9965
9841
9985
9936
9985
9985
9668
9677
9742
9985
9882
9965
9965
9965
9965
9742
9965
9965
9965
9936
9257
9380
9965
9965
9965
9193
9965
9844
9909
9380
9965
9917
9965
9654
9170
9606
9965
9965
9948
8875
9965
9965
9965
9776
9619
9965
9965
9965
9984
9302
9936
9936
9677
9965
9912
9936
9965
9985
9936
9936
9965
9936
9965
9985
9558
9820
9965
9936
9985
9654
9436
9542
9965
9936
9936
9965
9965
9936
9965
9936
9965
9936
9929
9866
9820
9936
9654
9936
9546
9936
9965
9985
9965
9965
9960
9936
9343
8600
9965
9965
9544
9965
9936
9938
9423
9985
9965
9917
9965
9677
9965
9965
9809
9936
9965
9936
9985
9985
9661
9192
9965
9965
9936
9936
9985
9965
9965
9965
9661
9965
9713
9965
9936
9965
9654
9965
9985
9965
9836
9965
9965
9936
9965
9965
9668
9965
9836
9097
9965
9965
9948
9965
9936
9844
9988
9567
9256
9677
9844
8682
9965
9965
9654
9606
9936
9929
9936
9965
9965
9836
9965
9654
9965
9936
9936
9985
9965
9943
9965
9936
9917
9606
9936
9965
9936
9965
9965
9936
9965
9914
9603
9965
9936
9936
9965
9965
9677
9965
9965
9965
9965
9844
9936
9965
9896
9999
9985
9965
9965
9965
9654
9965
9948
9922
9965
9936
9677
9661
9965
9965
9965
9929
9965
8296
9965
9965
9661
9936
9965
9850
9965
9936
9844
9776
9985
9965
9985
9965
9965
9965
9965
9661
9965
9996
9677
9965
9544
9965
9936
9985
9985
9965
9661
9936
9965
9717
9965
9936
9661
9302
9965
9929
9844
9844
9965
9965
9936
9936
9965
9984
9858
9713
9964
9985
9965
9713
9965
9343
9661
9820
9820
9936
9836
9965
9965
9965
9887
9953
9965
9965
9965
9965
9965
9965
9433
9836
9965
9606
9661
9965
9977
9965
9936
9936
9965
9922
9371
9436
9731
9328
9465
9965
9965
9713
9953
9965
9936
9902
9936
9567
9936
9936
9965
9677
9965
9965
9677
9965
9936
9936
9936
9965
9836
9677
9965
9638
9965
9985
9953
9965
9999
9965
9661
9965
9965
7246
9985
9965
9965
9965
9936
9776
9985
9936
9936
9985
9965
9844
9965
9965
9965
9936
9980
9661
9965
9936
9965
9343
9965
9965
9965
9938
9965
9936
9965
9936
9965
9163
9986
9936
9965
9941
9938
9965
9677
9965
9965
9836
9965
9661
9965
9844
9457
9965
9893
9380
9661
9985
9965
9936
9999
9936
9606
9936
9325
9965
9310
9965
9880
9841
9654
9936
9965
9936
9859
9965
9965
9965
9985
9936
9965
9985
9985
9936
9725
9965
9661
9965
9742
9965
9936
9654
9661
9980
9661
9936
9965
9936
9677
9936
8835
9965
8992
9476
9965
9965
9936
7778
9936
9965
9965
9713
9965
9965
9965
9936
9965
9965
9965
9985
9965
9999
9965
9328
9685
9965
9936
9965
9936
9828
9965
9953
9965
9965
9936
9371
9936
9965
9936
9936
9965
9965
9965
9936
9936
9936
9936
9844
9985
9965
9965
9936
9936
9965
9836
9965
9929
8335
9965
9965
9836
9850
9936
9985
9450
9936
9436
9564
9836
9965
9965
9936
9943
9965
9519
9522
9965
9936
8964
9914
9844
9965
9965
9965
9855
9820
9936
9936
9661
9965
9965
9981
8682
9965
9936
9965
8273
9654
9965
9965
9965
9977
9965
9965
9936
9965
9936
8992
9713
9965
8965
9965
9936
9124
9965
9936
9965
9725
9936
9601
9929
9936
9936
9965
9965
9965
8250
9965
9936
9965
9936
9965
9936
9661
9609
9965
9936
9703
9965
9788
9965
9965
9564
9965
9965
9936
9965
9936
9985
9606
9836
9965
9936
9965
9965
9567
9965
9999
9999
9965
9936
9606
9661
9965
9192
9606
9965
9965
9965
8992
9965
9965
9936
9936
9362
9985
9677
9965
9985
9936
9986
9343
9965
9965
9965
9965
9985
9965
9965
9567
9836
9965
9726
9999
9965
9677
9965
9965
9661
9521
9965
9965
9606
9936
9965
9654
9844
9485
9196
9965
9953
9953
9616
9948
9965
9929
9362
9936
9362
9965
9965
9965
9965
9985
9836
9776
9965
9661
9953
9965
9936
9878
9809
9965
9936
9936
9965
9936
9965
9936
9965
9936
9917
9965
9936
9368
9965
9985
9936
9965
9965
9917
9965
9993
9965
9936
9965
9742
9107
9936
9965
9965
9946
9936
9985
9965
9936
9965
9936
9965
9929
9965
9985
9544
9936
9691
9936
9965
9965
9965
9965
9965
9965
9965
9965
9844
9936
9965
9946
9880
9999
9642
9965
9936
9936
9965
9965
7361
9965
9985
9985
9965
9965
9965
9965
9965
9965
9965
9965
9985
9914
9985
9445
9965
9965
9965
9965
9473
9965
9936
9965
9606
9936
9965
9965
9654
9677
9661
9936
9836
9965
9936
9567
9965
9891
9985
9965
9965
9965
9914
9965
9965
9965
9691
9985
9965
9936
9965
9699
9985
9936
9936
9677
9869
9546
9965
9751
9965
8981
9965
9985
9435
9965
9936
9965
9965
9677
9880
9965
9965
9936
9985
9661
9965
9985
9936
9965
9965
9965
9965
9965
9965
9965
9936
9965
9661
9992
9936
9965
9965
9371
9936
9965
9985
9936
9965
9965
9985
9965
9578
9965
9965
9936
9936
9836
9936
9985
9936
9922
9936
9981
9713
9965
9965
9828
9965
6839
9936
9965
9985
9300
8964
9965
9654
9985
9980
9965
9936
9310
9917
9965
9965
9936
9965
9891
9936
9965
9936
9936
9965
9965
9965
9742
9965
9610
9953
9965
9936
9985
9965
9965
9654
9965
9965
9965
9965
9849
9302
9965
9936
9965
9965
9965
9860
9965
9980
9965
9936
9935
9567
9654
9965
9965
9362
9836
9948
9917
9965
9965
9936
9965
9938
9965
9936
9965
9965
9965
9936
9965
9756
8701
9985
9751
9936
9097
9936
9685
9965
9965
9965
9936
9965
7453
9985
9965
9965
9965
9965
9936
9965
9965
9661
9985
9985
9965
9965
9965
9965
9936
9965
9985
9965
9936
9965
9965
8266
9965
9985
9965
9965
9965
9828
9986
9985
9893
9936
9965
9965
9965
9713
9965
9936
9936
9965
9988
9965
9904
9936
9654
9985
9936
9917
9965
9999
9713
9917
9836
9965
9965
9965
9965
9936
9965
9567
9981
9904
9661
9742
9936
9606
9965
9965
9904
9965
9936
9544
9936
9965
9965
8992
9965
9965
9904
9965
9936
9930
9965
9609
9965
9820
9936
9936
7547
9986
9965
9936
9977
9343
9936
7900
9948
9686
9965
9936
9965
9954
9980
9606
9713
9948
9677
9914
9936
9965
9936
9965
9904
9936
9965
9965
9661
9914
9965
9965
9936
9965
9965
9965
9965
9965
9862
9850
9985
9965
9965
9936
9965
9965
9965
9985
9616
9713
9965
9520
9954
9948
8335
9936
9965
9677
9965
9820
9577
9661
9713
9965
9412
9914
9936
9936
9936
9965
9936
9948
9936
9985
9965
9544
9965
9917
9985
9661
9965
9965
9965
9985
9965
9965
9965
9936
9954
9929
9936
9606
9677
9936
9965
9936
9965
9965
9965
9965
9954
9965
9965
9965
9965
9713
9555
9936
9835
9936
9985
9936
9953
9965
9965
9936
9965
9965
9661
9965
9837
9953
9749
9936
9965
9965
9936
9965
9965
9936
9965
9965
9965
9965
9965
9985
9936
9985
9936
9917
9965
9858
9965
9965
9936
9965
9936
9936
9965
9985
9965
9965
9936
9965
9965
9965
9965
9965
9661
9948
8683
9965
9677
9664
9904
9965
9677
9661
9362
9965
9965
9965
9985
9965
9965
9725
9761
9809
9936
9661
9936
9936
9917
9606
9713
9965
9686
9713
9836
9936
9936
9917
9917
9917
9936
9965
9996
9654
9606
9097
9965
9936
9776
9965
9985
9977
9965
9981
9936
9965
9965
7960
9936
9965
9642
9965
9965
9936
9936
9282
9965
9965
9985
9965
9954
9965
9985
9996
9965
9965
9371
9936
9826
9936
9904
9965
9936
9936
9713
9936
9965
9965
9936
9965
9965
9107
9936
9965
9985
9965
9965
9965
9965
9965
9965
9936
9965
9751
9985
9238
9965
9965
9936
9965
9965
9965
9965
9985
9965
9343
9638
9965
9965
9965
8992
9985
9999
9936
9936
9965
9965
9965
9965
9544
9965
9965
9713
9965
9936
9661
9300
9661
9965
9741
9965
9310
9368
9965
9965
9691
9343
9936
9965
9606
9965
9948
9965
9999
9965
9686
9936
9965
9965
9749
9936
9965
9965
9957
9953
9965
9965
7778
9661
9691
9713
9965
9965
9999
9965
9965
9965
9965
9717
9713
9936
9343
9965
9936
9965
9965
9788
9936
9965
9799
9713
9965
9965
9920
9965
9606
9654
9685
9965
9936
9936
9661
9954
9936
9936
9965
9953
9936
9936
9809
9965
9936
9953
9953
9713
9953
9661
9953
9713
9936
8701
9936
9953
9936
9953
9936
9713
9953
9836
9936
9654
9953
9836
9953
9567
9726
9936
9936
9936
9953
9935
9953
9953
9953
9984
9110
9936
9985
9936
9936
9362
9953
9953
9985
9953
9956
9953
9953
9654
9953
9953
9953
9836
9936
9953
9953
9932
9953
9654
9546
9936
9985
9343
9742
9953
9961
9936
9936
9985
9985
9953
9953
9953
9936
9985
9953
9936
9362
9936
8981
9953
9936
9985
9954
9953
9936
9567
9953
9953
9259
9953
9953
9936
9953
9953
9936
9742
9953
9938
9953
9661
9936
9936
9880
9479
9953
9953
9661
9936
9936
9953
9953
9936
9953
9980
9953
9954
9953
9953
9953
9985
9953
9954
9989
9954
9936
9936
9713
9879
9904
9999
9953
9953
9953
9953
9981
9606
9936
9953
9953
9953
9904
9953
9953
9654
9713
9953
9917
9606
8303
9936
9730
9544
9806
9953
9820
9953
9713
9980
9820
9953
9953
9809
9953
9936
9466
9953
9985
9953
9953
9906
9936
9960
9936
9953
9953
10000
9953
9953
9953
9936
9948
9953
9953
9713
9953
9544
9567
9953
9985
9953
9953
9953
9985
9936
9954
9961
7960
9953
9954
9999
9985
9713
9953
9936
9953
9661
9343
9953
9936
9953
9953
9953
9515
9362
9953
9936
9936
9852
9999
9953
9972
9953
9953
9953
8813
9953
9953
9953
9953
9606
9996
9953
9953
9953
8981
9936
9879
9953
9936
9985
9936
9953
9953
9953
9954
9953
9936
9936
9917
9713
9936
9953
9953
9953
9616
9948
9953
9953
9936
9936
9936
9953
9788
9953
9661
9985
9936
9985
9677
9809
9936
9904
9953
9809
9661
9936
9953
9953
9953
9904
9833
7505
9985
9953
9953
9936
9953
9836
9904
9953
9936
9677
9953
9953
9917
9936
9606
9936
9929
9953
9953
9953
9936
9849
9953
9953
9606
9713
9850
9953
9953
9953
9986
9953
9953
9953
9953
9677
9953
9953
9457
9362
9953
9713
9936
9904
9836
9953
9996
9985
9677
9936
9953
9953
9985
9953
9953
9953
9999
9368
9953
9882
9953
9966
9661
9836
9953
9953
9953
9985
9953
9936
9936
9953
9936
9677
9953
9343
9936
5924
9953
9953
9953
9936
9953
9985
9953
9953
9713
9953
9953
9953
9985
9953
9936
9953
9985
9953
9953
9936
9686
9953
9954
9953
9917
9953
9953
9953
9999
9953
9936
9995
9953
9953
9879
9953
9953
9985
9953
9343
9977
9953
9953
9980
9985
9879
9953
9936
9954
9953
9996
9713
9953
9953
9936
9953
9953
9936
9953
9953
9953
9368
9989
9936
9985
9985
9954
9953
9343
9289
9953
9922
9691
9953
9953
9567
9953
9953
9936
9820
9953
9936
9953
9936
9953
9936
9936
9953
10000
9606
9953
9953
9661
9953
9954
9975
9368
9953
9936
9953
9953
9948
9936
9904
9936
9879
9953
9953
9936
9836
9954
9621
9953
9953
9954
9661
9935
9936
9953
9723
9989
9954
9953
9953
9953
9953
9985
9936
9985
9953
9953
9953
9953
9953
9936
9953
9836
9677
9546
9953
9677
9820
9936
9936
9677
9954
9985
9953
9985
9936
9844
9904
9862
9909
9927
9985
9953
9953
9438
9954
9936
9953
9953
9953
9691
9936
9953
9953
9740
9953
9953
9953
9953
9953
9936
9936
9953
9936
9948
9953
9953
9935
9953
9954
9929
9953
9953
9953
9953
8981
9953
9953
9936
9661
9936
9107
9953
9904
9936
9953
9953
9836
9953
9713
9953
9953
9953
9606
9880
9861
9953
9953
9953
9664
8381
9953
9953
9953
9936
8981
9836
9985
9953
9953
9981
9677
9953
9953
9343
9953
9953
9836
9953
9953
9438
9953
9713
9953
9732
9953
9953
9953
9953
9879
9985
9917
9953
9836
9936
9953
9953
9948
9713
9953
9793
9985
9953
9953
9936
9953
9936
9953
9953
9836
9954
9953
9385
9917
9985
9953
9953
9954
10000
9953
9953
9953
9953
9953
9953
9936
9650
9953
9953
9953
9953
9953
9936
9953
9953
9953
9953
9985
9960
9953
9953
9935
9298
9787
9953
9953
9985
9985
9929
9751
9936
9953
9936
9943
9757
9953
9606
9953
9953
9985
9954
9904
9936
9936
9985
9713
9953
9960
9985
9953
9953
9192
9953
9953
9954
9936
9868
9953
9953
9953
9868
9985
9690
9879
9953
9936
9953
9936
9972
9606
9953
9606
9953
9985
9954
9936
9985
9953
9953
9936
9953
9985
9754
9836
9954
9936
9953
9953
9953
9917
9985
9953
9953
9953
9946
9673
9544
9953
9300
9936
9904
9904
9879
9953
9371
9953
6401
9953
9953
9917
9953
9953
9749
9953
9661
9953
9953
9953
9936
9953
9936
9953
9953
9238
9936
9953
9953
9953
7960
9904
9989
9953
9836
9953
9985
9936
9936
9985
9953
9985
9917
9953
9953
9713
9740
9936
9686
9953
9953
9936
9953
9936
9954
9953
9953
9661
9953
9943
9936
9677
9887
9740
9953
9953
9996
9904
9953
9904
9953
9953
9953
9904
9953
9371
9985
9953
9953
9904
9985
9917
9953
9954
9953
9936
9936
9661
9985
9936
9953
9936
9953
9936
9953
9953
9713
9936
9953
9606
9661
9936
9953
9936
9954
9953
9936
9661
9953
9953
9904
9953
9936
9936
9936
9953
9238
9904
9999
9936
9999
9953
9985
9953
9936
9953
9953
9953
9346
9953
9953
9985
9936
9953
9953
9953
9638
9904
9862
9953
9953
9677
9677
9936
9953
9154
9954
9953
9742
9953
9953
9917
9953
9869
9936
9917
9953
9904
9953
9953
9761
9936
9953
9714
9713
9820
9953
9097
9820
9935
9953
9953
9985
9553
9740
9929
9953
9953
9988
9999
9960
9953
9717
9740
9953
9904
9953
9953
9953
9661
9985
9953
9677
9960
9953
9936
9713
9936
9953
9936
9904
9953
9362
9954
9953
9544
9740
9953
9954
9961
9936
9953
9936
9953
9953
9953
9961
9953
9936
9953
9953
9936
9953
9953
9542
9985
9904
9654
9953
9953
9953
9954
9953
9953
9953
9953
9953
9457
9849
9985
9985
9953
7473
9953
9953
9751
9953
9953
9862
9936
9642
9953
9953
9936
9985
9546
9953
9953
9953
9960
9960
9904
9953
9953
9953
9953
9953
9857
9953
9606
9799
9953
9936
9908
9936
9936
9788
9936
9953
9953
9953
9953
9953
9953
9857
9953
9546
9985
9953
9953
9999
9953
9544
9936
9216
9936
9936
9936
9683
9714
9953
9836
9985
9544
9953
10000
9896
9953
9936
9917
8981
9936
9953
9936
9953
8901
9936
9953
9904
9953
9836
9936
9953
9953
9953
9960
9953
9936
9953
9936
9936
9953
9953
9936
9953
8981
9677
9953
9936
9861
9953
9953
8674
9790
9953
9789
8981
9980
9985
9953
9936
9953
9953
9904
9936
9953
9864
9953
9999
9953
9953
9953
9936
9953
9953
9953
9831
9917
9960
9936
9953
9809
9953
9953
9936
9953
9953
9368
9953
9953
9936
9809
9953
9953
9953
9677
9953
9904
9985
9985
9953
9257
9936
9953
9980
9953
9677
9953
9953
9953
9985
9953
9953
9953
9953
9953
9953
9985
9953
9650
9936
9936
9953
9945
9936
9953
9953
9936
9953
9953
9985
9936
9953
9953
9677
9954
9953
9953
9936
9690
9953
9936
9953
9953
9936
9953
9953
9953
9953
9985
9953
9953
9953
9936
9953
9659
9936
9953
9936
9953
9953
9953
9953
9953
9953
9953
9664
9544
9567
9950
9864
9936
9661
9953
8844
9953
8629
9953
9953
9954
9953
9686
9936
9953
9936
9953
9953
9953
9953
9936
9953
9904
9953
9713
9953
9936
9606
9936
9953
9953
9953
9953
9953
9985
9953
9953
9953
9683
9953
9954
9677
9953
9936
9730
9953
9981
9953
9953
9953
9343
9904
9953
9936
9953
9809
9953
9954
10000
9953
9904
9953
9936
9936
9836
9936
9936
9664
9953
9936
9544
9954
9936
9661
9954
9879
9953
9981
9438
9954
9953
9936
9936
9954
9953
9879
9714
9936
9980
9985
9953
9904
9686
9954
9936
9953
9362
8701
9936
9985
9595
9904
9917
9936
9879
9936
9953
9757
9953
9642
9954
9936
9749
9714
9953
9953
9953
9953
9936
9629
9960
9809
9985
9936
9953
9953
9953
9740
9936
9650
9936
9953
9953
9713
9953
9936
9661
9953
9985
9936
9936
9904
9936
9936
9953
9953
9953
9953
9953
9953
9953
9953
9936
9953
9820
9953
9953
9677
9953
9836
9953
9953
9953
9953
9953
9953
9953
9953
8981
9953
9677
9661
9686
9953
9953
9953
9554
9544
9985
9820
9904
9953
9984
9690
9936
9953
9953
9953
9879
9953
9953
9985
9606
9904
9879
9609
9953
9957
9985
9713
9936
9936
9953
9300
9936
9343
9936
9953
9936
9936
9107
9999
9953
9953
9953
9661
9742
9953
9953
9953
9788
9985
9909
9953
9985
9953
9936
9953
9953
9953
9936
9953
9844
9936
9904
9953
8654
9985
9953
9953
9953
9661
9713
9936
9936
9953
9936
9661
9953
9953
9953
9936
9953
9953
9216
9953
9953
9936
9953
9936
9953
9953
9887
9953
9953
9953
9936
9936
9985
9892
9936
9953
9864
9953
9896
9864
9616
9953
9953
8981
9953
9953
9953
9654
9985
9985
9661
9985
9953
9654
9936
9936
9953
9953
9953
9953
9953
9725
9954
9904
9936
9985
9953
9567
9985
9954
9953
9953
9713
9953
9936
9956
9985
9999
9936
9713
9936
9936
9953
9953
9677
9953
9953
9917
9470
9985
9953
9936
9953
9622
9936
9936
9953
9985
9664
9953
9936
9936
9953
9953
4683
9953
9953
9953
9936
9953
9953
9857
9980
9953
9953
9953
9953
9953
9953
9661
9368
9664
9953
9953
9864
9622
9953
9953
9953
9953
9953
9954
9954
9953
9953
9985
9953
9368
9879
9936
9953
9985
9567
9192
9953
9936
9953
9661
9936
9953
9936
9953
9953
9936
9857
9664
9661
9836
9936
9985
9953
9567
9664
9953
9953
9954
9953
9953
9705
9857
9985
9622
9953
9953
9953
9844
9953
9544
9953
9953
9936
9544
9936
9953
9946
9809
9879
9936
9622
9904
9936
9544
9936
9985
9953
9953
9989
9953
9742
9954
9936
9953
9953
9953
9953
9936
9936
9936
9936
9936
9953
9953
9953
9953
9953
9953
9936
9953
8981
9953
9300
9836
9954
9752
9953
9986
9857
9953
9953
9904
9995
9544
9904
9999
9936
9936
9953
9380
9936
9880
9752
9904
9953
9936
9879
9936
9953
9953
9896
9863
9713
9953
9960
9936
9953
9953
9904
9953
9953
9936
9953
9953
9936
9622
9661
9216
9622
9953
9953
9677
9936
9953
9985
9661
9936
9936
9868
9953
9953
9953
9985
10000
9936
9879
9809
9836
9752
9836
9953
9904
9953
9650
9953
9661
9791
9985
9953
9936
9985
9981
9953
9980
9749
9953
9936
9985
9606
9953
9953
9404
9917
9953
9953
9936
9936
9936
9936
9904
9936
9953
9953
9953
9953
9954
9936
9917
9953
9953
9953
9953
9985
9936
9953
9999
9953
9953
9936
8924
9936
9936
9622
9953
9852
9936
9936
9953
9953
9953
9936
9953
9953
9836
9953
9879
9857
9661
9953
9936
9850
9544
9936
9953
9953
9677
9953
9985
9960
9917
9953
9809
9936
9954
9999
9953
9936
9953
9953
9661
9953
9953
9650
9953
9953
9836
9936
9953
9953
9977
9836
9936
9936
9953
9985
9650
9661
9622
8632
9622
9953
9929
9999
9985
9953
9953
9606
9953
9953
9985
9936
9953
9953
9917
9954
9170
9936
9936
9936
9861
9661
9985
9879
9953
9953
8632
8335
9953
9953
9906
9960
9953
9953
9985
9936
9938
9677
9953
9343
9953
9985
9953
9953
9953
9661
9936
9954
9953
9936
9836
9953
9537
9936
9936
9953
9985
9880
9752
9953
9953
9868
9953
9892
9985
9936
9936
9985
9953
9953
9677
9999
9953
9953
9953
9953
9953
9936
9954
9953
9936
9969
9172
9953
9622
9904
9936
9953
9654
9953
9834
9953
9904
9953
9622
9936
9953
9953
9936
9936
9953
9953
9953
9917
9752
9936
9788
9654
9953
9953
9836
9904
9954
9904
9953
9799
9953
9936
9953
9953
9953
9860
5378
9985
9953
9953
9368
9953
9606
9953
9953
9953
9879
9953
9936
9986
9953
9985
9953
9953
9953
9936
9953
9936
9953
9904
9953
9936
9863
9953
9953
9953
9936
9953
9953
9953
9985
9985
9985
9953
9953
9936
9546
9654
9953
9953
9850
9953
9954
9953
9752
9953
9936
9686
9654
9347
9953
9298
9985
9917
9710
9936
9857
9936
9868
9953
9953
9936
9953
9953
9953
9953
9904
9953
9936
9929
9953
9985
9985
9953
8260
9953
9953
9953
9936
9953
9836
9809
9989
9391
9936
9936
9546
9544
9953
9836
9936
9936
9953
9936
9953
9980
9985
9953
9953
9985
9606
9953
9936
9936
9953
9953
9953
9809
9917
9953
9661
9953
9953
9879
9953
9954
9864
9857
9954
9777
9985
9362
9953
9953
9953
9936
9953
9904
9954
9985
9904
9953
9936
9904
9985
9864
9953
9953
9809
9834
9953
9777
9851
9690
9170
9953
9936
9985
9953
9953
9953
9953
9953
9953
9936
9953
9936
9953
9953
9378
9904
9953
9953
9904
9546
9953
9953
9953
9953
9936
9953
9809
9567
9953
9953
9904
9606
9989
9977
9953
9936
9203
9953
9788
9985
9661
9953
9936
9953
9661
9953
9953
9954
9953
9936
9953
9863
9936
9936
9985
9999
9953
9936
9347
9820
9776
9953
9953
9953
9985
9844
9904
9985
9985
9936
8924
9953
9953
9985
9879
9897
9936
9654
9953
9936
9879
9936
9953
9971
9953
9953
9936
9953
9904
9917
9953
9953
9844
9954
9953
9936
9953
9953
9640
9685
9953
9868
9953
8650
9953
9612
9936
9953
9954
9953
9677
9953
9953
9953
9953
9953
9953
9954
9953
9917
9953
9953
9953
9953
9953
9936
9879
9953
9954
9953
9999
9954
9953
9953
9863
9985
9904
9953
9953
9953
9917
9953
9936
9953
9936
9863
9953
9893
9953
9953
9953
9567
9936
9836
9936
9936
9953
9936
9836
9953
9953
9834
9954
9936
9953
9954
9971
9985
9836
9836
9790
9953
9752
9828
9936
9953
9953
9989
9954
9953
9948
9936
9936
9954
9985
9368
9953
9259
9828
9864
9752
9989
9619
9953
9953
9009
9820
9904
9544
9936
9936
9980
9936
9953
9953
9953
9936
9691
9985
9936
9953
9953
9936
9953
9953
9953
9953
9612
9953
9836
9953
9953
9953
9953
9953
9714
9953
9953
9985
9953
9985
9953
9954
9953
9985
9457
9546
9849
9953
9893
9862
9953
9953
9953
9953
9677
9953
9953
9936
9953
9691
9953
9936
9999
9985
9953
9752
9953
9985
9904
9985
9953
9953
9985
9953
9664
9893
9985
9953
9953
9953
9893
9953
9863
9985
9953
9953
9936
9953
9953
9953
9936
9953
9936
9936
9953
9953
9953
9953
9971
9908
9654
9714
9654
9936
9936
9953
9936
9936
9953
9953
9985
9953
9957
9953
9953
9953
9984
9904
9752
9936
9904
9654
9661
9953
9957
9904
9953
9836
9957
9654
9936
9993
9929
9900
9953
9953
9953
9953
9953
9936
9904
9953
9971
9953
9857
9904
9953
9953
9953
9953
9691
9957
9953
9953
9985
9953
9809
9861
9953
9801
9985
9971
9953
9953
9953
9954
9852
9917
9343
9953
9953
9329
9936
9953
9677
9953
9953
9953
9953
9088
9950
9661
9953
9857
9953
9953
9857
9640
9953
9936
9953
9953
9936
9836
9953
9936
9790
9953
9713
9691
9953
9953
9936
9936
9953
9953
9953
9953
9953
9879
9953
9977
9751
9661
9999
9953
9953
9936
9953
9860
9936
9953
9953
9904
9544
9929
9904
9999
9936
7758
9953
9985
9953
9936
9661
9953
9936
9953
9542
9879
9953
9936
9953
9985
9110
9683
9985
9953
9936
9953
9544
9879
9713
9619
9917
9936
9936
9953
9953
9977
9936
9953
9953
9887
9880
9953
9953
9953
9953
9953
9936
9960
9686
9957
9953
9971
9953
9953
9953
9957
9957
9953
9954
9953
9953
9879
9953
9953
9953
9957
9953
9904
9879
9936
9661
9936
9953
9936
9654
9985
9953
9788
9936
9936
9953
9999
9953
9953
9953
9980
9953
9606
9954
9953
9809
9953
9904
9929
9820
9953
9953
9904
9953
9953
9953
9661
9971
9850
9985
9953
9957
9953
9953
9936
9316
9953
9936
9953
9661
9609
9319
9953
9936
9936
9936
9936
9992
9954
9801
9953
9953
9953
9640
9862
9836
9957
9544
9677
9953
9936
9869
9953
9606
9953
9936
9953
9606
9936
9936
9879
9953
9836
9985
9880
9957
9936
9946
9953
9864
9953
9953
9996
9917
9936
9936
9740
9936
9953
9957
9836
9773
9953
9953
9980
9996
9936
9985
9954
9936
9953
9880
9953
9953
9953
9836
9936
9836
9954
9953
9985
9936
9952
9985
9953
9904
9857
9953
9999
9661
9953
9953
9953
9953
9953
9953
9953
9936
9904
9936
9953
9960
9953
9985
9953
9904
9985
9953
9953
9985
9362
9936
9904
9953
9640
9936
9752
9953
9953
9953
9953
9953
9953
9891
9989
9953
9953
9985
9686
9936
9953
9936
9953
9936
9953
9953
9606
9936
9953
9980
9661
9661
9953
9953
9981
9240
9936
9936
9953
9629
9954
9953
9661
9629
9936
9683
9953
9985
9953
9936
9936
9936
9904
9985
9936
9957
9953
9953
9936
9957
9677
9629
9953
9953
9953
9936
9936
9953
9953
9936
9629
9953
9836
9936
9953
9953
9713
9953
9629
9936
9629
9629
9953
9936
8854
9836
9953
9302
9953
9953
9857
9988
9904
9936
9960
9713
9904
9953
9941
9953
9936
9836
9936
9953
9953
9957
9953
9953
9309
9953
9953
9936
9953
9850
9790
9904
9953
9953
9953
9953
9953
9936
9953
9752
9194
9953
7520
9749
9936
9953
9953
9953
9953
9953
9996
9953
9936
9936
9606
9953
9953
9664
9946
9953
9953
9953
9677
9953
9953
9953
9740
9672
9957
9953
9953
9954
9954
9980
9953
9954
9683
9904
9936
9936
9953
9936
9953
9953
8924
9953
9936
9936
9677
9820
9957
9953
9953
9677
9953
9953
9985
9985
9936
9957
9953
9953
9953
9954
9953
9661
9936
9953
9953
9311
9960
9049
9953
9953
9953
9953
9953
9953
9936
9953
9985
9836
9936
9904
9985
9985
9953
9640
9953
9677
9259
9953
9953
9936
9953
9936
9936
9953
9953
9957
9289
9904
8152
9953
9953
9936
9936
9954
9936
9953
9797
9936
9752
9953
9954
9953
9838
9953
9953
9677
9953
9953
9953
9904
9953
9936
9957
9567
9836
9953
9953
9567
9953
9936
9936
9917
9936
9953
9066
9654
9879
9824
9930
9156
9821
8211
9821
9729
9821
9869
9821
9821
9821
9821
9821
9631
9973
9889
9754
9453
9821
9799
9821
9821
9821
9309
8858
9799
9698
9821
9374
9821
9698
9821
9698
9849
9888
9821
9998
9821
9975
9849
9821
9796
9451
9821
9698
9164
9959
9889
9729
9790
9979
9698
9821
9821
9959
9035
9869
9821
9832
9821
9821
9821
9418
9832
9799
9941
9821
9684
9799
9952
9821
9966
9896
9968
9832
9502
8420
9972
9869
9859
9832
9972
9968
9821
9815
9959
9698
9821
9790
9821
9821
9821
9959
9959
9821
9978
9799
9734
9821
9821
9631
9968
9845
9832
9247
9585
9631
9849
9698
9799
9968
9821
9801
9224
9832
9831
9821
9975
9751
9968
9544
9821
9979
9832
9961
9799
9818
9972
9729
9928
9821
9729
9821
9821
9698
9035
9821
9831
9631
9821
9821
9821
9987
9973
9849
9631
9156
9959
9577
9821
9232
9821
9684
9970
9948
9821
9928
9821
9734
9821
9821
9821
9861
9698
9986
9968
9631
9821
9869
9827
9224
9821
9821
9849
9586
9821
9968
9979
9821
9821
9375
9773
9631
9869
9849
9869
9821
9821
9631
9972
9698
9698
9821
9821
9799
9717
9821
9821
9799
9544
9379
9698
9805
9869
9821
9888
9972
9959
9888
9794
9773
9970
9975
9527
9796
9734
9861
9821
9821
9821
9846
9821
9930
9798
9821
9821
9821
9821
9888
9849
9864
9978
9464
9821
9889
9849
9821
9821
9577
9821
9698
9959
9266
9698
9821
9821
9247
9821
9729
9821
9960
9941
9821
9631
9799
9889
9975
9609
9821
9849
9747
9698
9717
9869
9513
9495
9751
9299
9859
9821
9418
9849
9821
9821
9464
9821
9933
9821
9821
9799
9698
9821
9821
9986
9796
9821
9277
9821
9799
9821
9821
9631
9933
9734
9889
9881
9821
9821
9970
9968
9821
9821
9968
9869
9224
9698
9739
9815
9035
9889
8993
9978
9986
9821
9821
9821
8984
9821
9821
9959
9941
9889
9970
9975
9820
9811
9821
9797
9986
9734
9978
9418
9502
9751
9968
9815
9936
9327
9773
9821
9821
9821
9975
9805
9773
7667
9821
9821
9959
9979
9978
9729
9975
9821
9544
9210
8432
9975
9821
9959
9821
9815
9849
9821
9978
9968
9821
9570
9821
8843
9959
9631
9959
9821
9495
9821
9821
9821
9821
9799
9277
9859
9821
9889
9821
9856
9821
9754
9821
9846
9799
9821
9734
9889
9821
9631
9889
9869
9975
9247
9970
9821
9821
9502
9821
9632
9944
9821
9821
9821
9821
9266
9869
9821
9920
9889
9975
9972
9734
9502
9799
9827
9821
9750
9970
9926
9821
9970
9821
9849
9821
9821
9968
9978
9734
9544
9799
9821
9799
9886
9831
9464
9821
9870
9821
9827
9821
9821
9821
9804
9815
9888
9970
9986
9544
9794
9808
9869
9821
9739
9821
9959
9495
9821
9821
9821
9339
9821
9970
9821
9920
9821
9984
9845
9698
9965
9821
9849
9821
9821
9928
9968
9821
9821
9827
9941
9799
9959
9821
9821
9864
9183
9821
9631
9821
9577
9846
9979
9821
9960
9857
9821
9821
9799
9698
9698
9804
9978
9979
9247
9821
9959
9972
9821
9941
9968
9968
9821
9734
9698
9821
9930
9821
9631
9821
9821
9821
9978
9821
9631
9869
9630
9801
8021
9821
9821
9821
9821
9309
9821
9976
9920
9849
9698
9821
9821
9799
9889
9630
9697
7710
9821
8679
9821
9992
7601
9799
9821
9849
9972
9820
9979
9734
9821
9769
9821
9729
9821
9821
9972
9869
9805
9975
9959
9630
8858
9717
9975
9941
9888
9734
9799
9729
9630
9821
9698
9821
9722
9821
9821
9959
9968
9922
9821
9821
9948
9773
9954
9415
9821
9698
9944
9821
9821
9808
9965
9698
9821
9821
9972
9751
9821
9698
9846
9698
9941
9936
9570
9631
9827
9698
9959
9821
9799
9794
9544
9821
9542
9821
9035
9821
9821
9369
9889
9821
9698
9821
9849
9849
9821
9821
9975
9734
9821
9794
9631
9821
9799
9970
9266
9821
9888
9586
9224
9870
9979
9277
9698
9821
9959
9469
9670
9495
9849
9821
9821
8961
9821
9821
9734
9941
9990
9968
9959
9941
9804
9799
9821
9821
9035
9821
9959
9821
9641
9542
9849
9821
9097
9799
9930
9978
9799
9969
9821
9587
9968
9849
9799
9959
9968
9859
9944
9821
9881
8569
9698
9821
9773
9975
9821
9970
9941
9799
9820
9968
9849
9729
9734
9631
9821
9986
9808
9979
7852
9698
8383
9827
9631
9941
9948
9210
9821
9972
9698
9527
9979
9815
9821
9821
9883
9870
9821
9210
9992
9799
9224
9920
9821
9577
9922
9542
9889
9734
9859
9544
9808
9697
9970
9821
9979
9869
9821
9968
9921
9968
9968
9968
9821
9799
9979
9821
9722
9986
9821
9821
9821
9821
9799
9821
9821
9944
9986
9698
9821
9968
9975
9830
9811
9869
9698
9729
9544
9821
9998
9544
9035
9869
9979
9970
9799
9941
9799
9972
9799
9821
9960
9821
9821
9886
9697
9849
9799
9979
9821
9821
9773
9821
9751
9979
9821
9821
9729
9889
9821
9631
9821
9773
9799
9277
9849
9821
9821
9886
9821
9889
9742
9968
9978
9684
9631
9734
9975
9857
9979
9821
9821
9960
9821
9979
9821
9959
9941
9698
9889
8625
9889
9630
9933
9936
9944
9968
9698
9821
9979
9799
9979
9821
9035
9889
9992
9821
9799
9380
9968
9978
9815
9944
9821
9930
9577
9821
9729
9821
9821
9698
9502
9870
9968
9821
9518
9544
9920
9821
9933
9827
9544
9799
9821
9821
9821
9821
9821
9774
9959
9811
9821
9698
8364
9979
9799
9954
9014
9987
9698
9821
9669
9907
9941
9545
9889
9821
9495
9798
9696
9821
9821
9870
9753
9990
9889
9821
9544
9698
9921
9978
9821
9631
9821
9975
9959
9734
9821
9035
9631
9821
9492
9869
9820
9820
9821
9799
9645
9959
9821
9821
9821
9979
9968
9821
9960
9799
9799
9979
8807
9959
8551
9821
9105
9821
9821
9821
9631
9247
9821
9869
9821
9849
9821
9821
9472
9799
9729
9630
9821
9914
9767
9889
9751
9631
9773
9171
9224
9821
9912
9968
9888
9849
9986
9631
9418
9968
9821
9821
9544
9821
9821
9821
9861
9968
9140
9821
9821
9207
9888
9936
9811
9821
9821
9869
9821
9979
9821
9821
9986
9799
9975
9869
9930
9970
9821
9821
9821
9959
9979
9821
9742
9975
9821
9805
9630
9035
9978
9821
9698
9821
9944
8576
9734
9992
9453
9930
9883
9959
9805
9979
9734
9734
9849
9513
9742
9821
9821
9631
9821
9821
9821
9821
9830
9968
9821
9631
9821
9968
9634
9975
9821
9979
9827
9821
9979
9224
9631
9323
9706
9821
9821
9869
9821
9821
9821
9684
9788
9886
9849
9140
9502
9972
8946
9912
9989
9821
9972
9821
9698
9821
9959
9035
9888
9544
9821
9820
9849
9799
9821
9821
9821
9739
9920
9930
9821
9631
9821
9729
9849
9734
9979
9821
9821
9959
9986
9978
9821
9631
8284
9821
9308
9821
9978
9821
9821
9799
9978
9941
9821
9978
9990
9686
9961
9983
9631
9889
9980
9577
9698
9857
9979
9968
9978
9821
9888
9968
9224
9983
9821
9224
9698
9631
9821
9968
9824
9440
9814
9631
9275
9759
9821
9544
9989
9698
9821
9821
9544
9983
9631
9959
9979
9821
9631
9631
9794
9821
9968
9734
9889
9920
9757
9734
9821
9941
9979
9970
7289
9821
9799
9698
9904
9975
9821
9698
9631
9773
9630
9821
9869
9983
9821
9477
9904
9983
9821
9577
9930
9821
9821
9156
9821
9224
9631
9821
9979
9983
9035
9739
9821
9821
9888
9753
9983
9970
9975
9821
9630
9821
9698
9734
9821
9821
9959
9979
9934
9247
9734
9857
9821
9821
9821
9140
9821
9821
9821
9983
9706
9544
9821
9821
9979
9983
9859
9978
9944
9889
9986
9954
9698
9821
9799
9975
9156
9821
9920
9821
9983
9821
9035
9729
9821
9821
9941
9698
9773
9821
9849
9846
8509
9869
9821
9801
9544
9889
9975
9889
9418
9859
9821
9869
9821
9821
9821
9849
9986
9799
9698
9979
9821
9821
9808
9821
9944
8754
9698
9986
9821
9992
9821
9821
9959
9992
9983
9968
9889
9821
9983
9684
9983
9624
9799
9888
9856
9992
9889
9821
9978
9857
9833
9821
9821
9821
9821
9808
9698
9968
9849
9759
9769
9821
9729
9821
9684
9886
9821
9992
9970
9886
9331
9821
9930
9983
9502
9799
9186
9698
9631
9631
9774
9815
9477
9965
9889
9941
9869
9869
9815
9495
9986
9821
9929
9698
9804
9821
9821
9821
9821
9936
9941
9992
9821
9979
9821
9796
9954
9630
9904
9821
9821
9821
9821
9979
9972
9821
9821
9827
9698
9979
9889
9983
9631
9821
9821
9979
9698
9983
9247
9821
9888
9577
9960
9821
9821
9983
9317
9968
9978
9968
9631
9930
9944
9978
9821
9821
9983
9698
9821
9698
9978
9821
9821
9889
9631
9759
9849
9920
9869
9821
9502
9849
9266
9821
9849
9821
9889
9821
9975
9729
9821
9888
9821
8150
9907
9888
9986
8854
9765
9035
9965
9889
9739
9821
9983
9983
9948
9698
9827
9544
9821
9975
9630
9959
9821
8149
9889
9968
9821
9992
9821
9869
9983
9821
9821
9253
9889
9698
9959
9869
9944
9544
9992
9968
9811
9805
9698
9794
9631
9799
9889
9983
9821
9821
9821
9996
9799
9210
9983
9979
9970
9821
9969
9821
9821
9968
9821
9821
9698
9821
9821
9821
9821
9631
9495
9821
9698
9983
9821
9848
9821
9631
9821
9821
9821
9821
9941
9821
9870
9992
9631
9821
9821
9821
9821
9544
9821
9821
9329
9821
9886
9983
9729
9631
9888
8606
9869
9889
9979
9821
9869
9983
9821
9821
9833
9698
9821
9889
9821
9317
9983
9968
9502
9821
9698
9952
9630
9859
9821
9821
9751
9968
9889
9821
9983
9859
9959
9821
9821
9698
9821
9821
9970
9983
9975
9729
9821
9941
9698
9569
9959
9799
9247
9799
9968
9983
9821
9979
9821
9605
9960
9821
9337
9979
9986
9821
9821
9968
9944
9897
9920
9821
9820
9794
9808
9933
9817
9983
9983
9698
9821
9805
9983
9502
9983
9996
9698
9698
9544
9992
9821
9821
9821
9544
9821
9821
9940
9979
9821
9869
9821
9849
9821
9821
9224
9968
9968
9983
9869
9631
9821
9821
9968
9821
9684
9821
9821
8961
9380
9799
9698
9821
9821
9821
9849
9309
9983
9821
9968
9849
9821
9698
9821
9631
9996
9983
9035
9821
9773
9941
9821
9336
9983
9889
9983
9888
9821
9821
9979
9975
9821
9502
9035
9959
9035
9821
9992
9821
9799
9799
9975
9838
9979
9821
9277
9821
9857
9729
9886
9815
9821
9821
9821
9799
9941
9805
9849
9794
9821
9914
9975
9821
9544
9888
9968
9768
9821
9821
9978
9247
9821
9630
9773
9035
9978
9224
9821
9821
9869
9544
9975
9846
9821
9975
9972
9821
9821
9983
9978
9821
9970
9821
9637
9821
9631
9821
9821
9821
9821
9821
8858
9821
9821
9773
9888
9888
9821
9936
9859
9889
9821
9631
9624
9821
9821
9277
9821
9821
9821
9821
9883
9983
9849
9821
9717
9799
9986
9849
9631
9936
9821
9968
9821
9821
9859
9821
9833
9888
9979
9166
9879
9821
9698
9544
9502
9983
9983
9808
9941
9968
9821
9821
9577
9968
9983
9827
9849
9808
9714
9799
9821
9920
9821
9888
9930
8807
9821
9821
9888
9821
9849
9821
9849
9983
9821
9266
9808
9698
9339
9630
9960
9992
9729
9821
9799
9821
9965
9821
9978
9698
9631
9586
9754
9266
9821
9821
9983
9983
9821
9630
9821
9630
9821
9821
9799
9821
9978
9821
0
9821
9993
9247
9821
9821
9821
9821
9930
9859
9848
9968
9959
9975
9970
9821
9992
9821
9232
9888
9870
9821
9849
9821
9849
9821
9821
9886
9821
9975
9821
9849
9983
9821
9773
9952
9978
9941
9992
9698
9979
9979
9788
9759
9821
9477
9542
9821
9821
9698
9998
9861
9821
9821
9830
9544
9821
9821
9975
9821
9846
9821
9821
9821
9821
9035
9821
9495
9035
9815
9821
9983
9821
9821
9884
9959
9821
9968
9968
9941
9821
9886
9857
9821
9992
9975
9794
9889
9992
9438
9224
9035
9794
9821
9944
9035
9788
9266
9697
9698
9544
9821
9698
9164
9822
9928
9992
9822
9821
9821
9968
9544
9920
9821
9821
9975
9920
9978
9821
9821
9968
9920
9821
9799
9821
9224
9822
9495
9809
9799
9821
9888
9631
9983
9821
9822
9922
9821
9822
9983
9888
9821
9035
9822
9224
9821
9224
9968
8613
9613
9729
9941
9821
9983
9904
9821
9832
9739
9544
9849
9156
9822
9821
9773
9821
9827
9759
9888
9822
9450
9889
9821
9822
9821
9822
9959
9879
9799
9983
9544
9799
9989
9035
9822
9998
9849
9821
9983
7935
9821
9983
9975
9769
9544
9821
9968
9821
9983
9544
9502
9983
9799
9821
9821
8613
9821
9889
9277
9968
9821
9965
9821
9821
9822
9821
9766
9888
9975
8858
9821
9631
9714
9889
9968
9849
9820
9959
9928
9821
9822
9978
9821
9941
9889
9035
9821
9729
9889
9983
9821
9822
9821
9959
9542
9979
9983
9972
9140
9374
9889
9822
9891
9821
9821
9822
9849
9821
9986
9821
9849
9889
9821
9822
9822
9821
9035
9944
9821
9821
9821
9849
9827
9821
9821
9888
9035
9821
9941
9868
9544
9978
9799
9859
9821
9884
9451
9975
9204
9317
9773
9889
9502
9983
9895
9799
9930
9097
9822
9975
9992
9821
9986
9821
9849
9502
9821
9821
9035
9821
9857
9941
9992
9697
9821
9888
9777
9821
9975
8222
9820
9936
9630
9944
9821
9857
9821
8597
9822
9889
9821
9889
9992
9035
9697
9495
9822
9821
9821
9544
9821
9822
9821
9983
9821
9794
9968
9822
9821
9992
7415
9942
9968
9821
9544
9930
9821
9889
9998
9822
9986
9979
9849
9697
9460
9959
9799
9821
9821
9210
9983
9697
9035
9821
9502
9821
9821
9438
9983
9822
9992
9821
9821
9035
9734
9799
9822
9821
9495
9992
9759
9821
9968
9983
9822
9729
9821
9975
9849
9821
9983
9729
9821
9821
9164
9983
9821
9821
9821
9821
9888
9983
9544
9035
9411
9544
9888
9849
9968
9697
9821
9224
9822
9821
9928
9849
9821
9821
9502
9821
9983
9821
9039
9821
9822
9821
9849
9972
8805
9849
9821
9821
9544
9930
9630
9822
9889
9975
9849
9941
9821
9968
9821
9822
9959
9821
9821
8476
9796
9888
9983
9697
9495
9821
9821
9822
9821
9986
9035
9849
9821
9968
9822
9888
9821
9821
9224
9684
9986
9697
9821
9992
9697
9821
9849
9630
9979
9961
9821
9983
9697
9224
9983
9941
9978
9799
9815
9822
9968
8942
9729
9941
7168
9983
9959
9822
9941
8773
9799
9759
9820
9266
9822
9822
9799
9630
9495
8673
9827
9697
8843
9821
9888
9876
9821
9822
9821
9978
9544
9822
9502
9846
8763
9817
9822
9986
9941
9849
9822
9477
9822
9821
9821
9820
9821
9821
9959
9979
9035
9821
9821
9934
9975
9500
9983
9968
9821
9895
9821
9697
9992
9502
9821
9804
9889
9821
9822
9697
9759
9035
9959
9821
9961
9624
9975
9035
9821
9822
9729
9979
9941
9822
9502
9821
9992
9983
9827
9821
9821
9821
9975
9821
9983
9799
9889
9888
9986
9831
9821
9992
9697
9954
9821
9930
9821
9983
9888
9636
9920
9821
9821
9928
9035
9821
9992
9630
9821
9983
9975
9849
9822
9799
9799
9821
9821
9631
9821
9930
9979
9969
9821
9035
9577
9849
9432
9821
9992
9821
10000
9822
9544
9822
5539
9544
9968
9989
9884
9975
9821
8673
9930
9821
9849
9941
9821
9973
9983
9822
8263
9822
9822
9821
9821
9831
9822
9968
9828
9983
9799
9502
9821
9544
9821
9224
9965
9959
9821
9831
9380
9822
9821
9827
9224
9811
9428
9821
9930
9822
9983
9983
9035
9888
9992
9886
9822
9714
9518
9502
9821
9849
9870
9992
9849
9933
9684
9822
9118
9870
9822
9983
9987
9888
9968
9889
9822
9959
9983
9821
9821
9895
9821
9992
9821
9784
9849
9992
9975
9992
9822
9544
9821
9822
9888
8429
9930
9630
9821
9959
9438
8242
9968
9821
9821
9983
9983
9944
9821
9849
9888
9944
9930
9767
9888
9822
9975
9983
9822
9821
9849
9821
9822
9930
9968
9979
9979
9451
9983
9983
9983
9821
9821
9821
9821
9983
9821
9577
9821
9544
9759
9822
9889
9542
9821
9821
9821
9697
9502
9852
9765
9983
9821
9981
8364
9879
9821
9822
9247
9821
9717
9279
9577
9502
9822
9821
9849
9983
9941
9794
9822
9936
9846
9821
9697
9697
9968
9821
9986
9979
9859
9821
9631
9821
9889
9821
9891
9821
9972
9983
9697
9822
9821
9373
9697
9805
9821
9773
9799
9697
9975
9729
9821
9799
9888
9794
9815
9821
9821
9975
9930
9821
9821
9983
9821
9992
9821
9968
9979
9821
9822
9992
9821
9821
9827
9821
9821
9714
9920
9989
9992
9747
9888
9821
9224
9979
9035
9224
9889
9930
9857
9959
9827
9983
9821
9821
9035
9821
9822
9821
9821
9941
9821
9821
9794
9821
9821
9821
9821
9968
9799
9968
9822
9914
9697
9889
9821
9822
9821
9968
9821
9992
9821
9697
9857
9965
9697
9821
9821
9821
9544
9959
9697
9983
9506
9821
9821
9941
9495
9992
9773
9821
6968
9986
9773
9849
9495
9849
9852
9544
9845
9944
9811
9799
9799
9983
9821
9983
9697
9035
9821
9821
9963
9697
9822
9773
9822
9822
9630
9975
9729
9773
9788
9602
9773
9773
9630
9821
9975
9811
9822
9821
9889
9923
9821
9822
9821
9698
9923
9495
9799
9881
9821
9697
9821
9166
9544
9697
9822
9373
9849
9923
9821
9821
9889
9983
9821
9821
9697
9544
9821
9821
9821
9975
9822
9821
9821
9808
9979
9822
9630
9821
9821
9821
9821
9105
9821
9849
9983
9493
9822
9968
9983
9975
9821
9821
9821
9822
9922
9846
9717
9821
9035
9821
9859
9379
9820
9979
9975
9941
9968
9821
9697
9821
9822
9035
9986
9799
6787
9821
9542
9870
9923
9817
9889
9822
9729
9849
9821
9983
9277
9983
9822
9983
9821
9827
9821
9968
9224
9265
9889
8752
9975
9821
9849
9923
9822
9801
9857
9544
9773
9979
9821
9979
9822
9821
9983
9266
9845
9959
9729
9986
9923
9697
9631
9822
9855
9992
9849
9949
9822
9822
9799
9923
9821
9224
9979
9923
9821
9821
9821
9821
9821
9821
9773
9859
9821
9845
9983
9821
9822
9821
9889
9821
9794
9821
9983
9821
9923
9822
9035
9821
9975
9799
9495
9821
9821
9930
9968
9959
9821
8673
9845
9889
9821
9975
9788
9418
8773
9821
9822
9975
9968
9941
9882
9821
9923
9773
9923
9822
9821
9821
9544
9821
9821
9285
9992
9888
9953
9944
9822
8916
9891
9968
9944
9983
9889
9968
9805
9891
10000
9920
9821
9630
9697
9799
9822
9986
9799
9821
9986
9983
9888
9821
9968
9120
9941
9729
9630
9577
9821
9976
9821
9794
9713
9822
0
9224
9821
9717
9176
9923
9822
8466
9097
9821
9975
9035
9821
9821
9979
9975
9959
9983
9821
9821
9821
9821
9910
9035
9920
9889
9971
9822
9888
9936
9822
9888
9923
9923
9975
9941
9992
9959
9821
9822
9624
9821
9979
9822
9923
9799
9605
9821
9224
9968
9992
9822
9224
9923
9624
9506
9759
9979
9821
9821
9928
9759
9821
9759
9923
9822
9849
9822
9759
9821
9944
9886
9975
9920
9821
9983
9983
9822
9140
9975
9821
9821
9822
9992
9821
9630
9821
9697
9857
9923
9923
9821
9889
9910
9888
9959
9914
9822
9909
9821
9927
9821
9821
9277
9648
9822
9631
9822
9983
9821
9821
9889
9822
9959
9889
9821
9822
9917
9624
9630
9759
9849
9888
9822
9821
9398
9821
9849
9697
9992
9923
9224
9821
9710
9830
9822
9923
9822
9822
9849
9822
9821
9959
9717
9923
9983
9822
9821
9983
9979
9368
9714
9373
9821
9496
9849
9822
9821
9889
9930
9983
9821
9821
9821
9821
9923
9984
9983
9923
9979
9821
9821
9621
9035
9821
9773
9799
9821
9822
9848
9923
9959
9799
9822
9794
9959
9821
9477
9992
9852
9822
9821
9452
9822
9979
9983
9821
9224
9923
9983
9936
9822
9979
9822
9968
9822
9821
9979
9923
9630
9821
9976
9630
9936
9821
9822
9821
9936
9923
9822
9821
9799
9697
9936
9821
9821
9936
9821
9224
9959
9266
9821
9821
9821
9821
9983
9799
9799
8613
9799
9827
9821
9936
9821
9888
9888
9821
9821
9821
9630
9379
9821
9805
9821
9821
8843
9799
9936
9936
9928
9889
9923
9821
9822
9983
9930
9936
9923
9822
9936
9923
9959
9631
9979
9849
7602
9773
9577
9936
9971
9923
9979
9930
9979
9822
9630
9821
9930
9799
9821
9986
9822
9983
9821
8246
9822
9624
9821
9965
9729
9171
9808
9821
9821
9983
9930
9936
9729
9821
9821
9961
9822
9897
9697
9495
9035
9821
9544
9821
9936
9630
9697
9888
9981
9936
9624
9821
9889
9822
9923
9897
9936
9672
9799
9630
9936
9952
9897
9983
8249
9975
9979
9821
9936
9794
9936
9438
9936
9542
9975
9822
9849
9983
9923
9941
9936
9920
9936
9822
9941
9821
9936
9930
9624
9821
9821
9821
9968
9944
9979
9983
9697
9821
9897
9889
9987
9821
9983
9884
9968
9821
9930
9941
9983
9821
9936
7743
9822
9983
9983
9923
9672
9888
9968
9821
9879
9936
9822
9822
9387
9821
9335
9889
9944
9822
9973
9954
9799
9897
9496
9923
9983
9821
9936
9936
9821
9923
9968
9983
9822
8531
9822
9821
8049
9035
9822
9920
9495
9821
9495
9697
9822
9821
9821
9968
9821
9821
9821
9968
9224
9923
9822
9897
9923
9821
9923
9975
9889
9821
8004
9923
9827
9897
9821
9888
9975
9697
9821
9897
9849
9224
9897
9821
9827
9936
9936
9936
9821
9821
9822
9897
9992
9990
9968
9630
9811
9822
9922
9889
9821
10000
9975
9799
9518
9544
9849
9849
9979
9897
9821
9897
9992
9874
9822
9821
9495
9822
9842
9759
9936
9889
9979
9983
9968
9063
9821
9822
9944
9941
9820
9822
9936
9821
9983
9821
9821
9968
9889
9275
9729
9859
9930
9822
9821
9544
9992
9979
9941
9983
9941
9886
9936
9992
8673
9751
9821
9224
9941
9759
9821
9822
9983
9968
9796
9822
9729
9923
9930
9936
9948
9035
9975
9822
9928
9983
9821
9897
9936
9968
9935
9989
9936
9821
9821
9986
9983
9897
9897
9822
9983
9992
9936
9979
9992
8858
9897
9822
9821
9928
9983
9936
9821
9821
9759
9992
9936
9821
9821
9948
9985
9544
9930
9544
9954
9968
9373
9821
9035
9822
9992
8017
9968
9923
9941
9822
9794
9936
9849
9936
9933
9822
9821
9821
9936
9923
9992
9822
9821
9992
7770
9855
9889
9849
9979
9224
8970
9936
9822
9210
9630
9734
9941
9822
9821
9849
9822
9936
9992
9821
9996
9035
9936
9897
9713
9983
9799
9056
9822
9822
9936
9904
9822
9833
9959
9936
9210
9788
9799
9897
9754
9685
9821
9923
9821
9821
9821
9944
9923
9821
9495
9990
9821
9897
9796
8752
9954
9928
9698
9959
9105
9941
9888
9972
9888
9849
9729
9849
9820
9822
9929
9544
9561
9210
9631
9936
9983
9821
8673
9889
9846
9821
9897
9968
9936
9697
9849
9923
9821
9577
9729
9544
9827
9275
9821
9923
9897
9992
9697
9992
9630
9821
9822
9630
9965
9698
9729
9821
9981
9821
9822
9857
9697
9983
9968
9889
9979
9923
9821
9897
9799
9914
9224
8220
9936
9822
9842
9817
9821
9936
9842
9936
9979
9821
9842
9941
9897
9968
9983
9897
9923
9979
9827
8535
9897
9995
9821
9821
9886
9889
9983
9821
9897
9821
9897
9799
9821
9821
9754
9983
9821
9936
9821
9809
9936
9544
9968
9684
9821
9630
9888
9889
9936
9821
10000
9821
9210
9983
9849
9035
9822
9544
9697
9959
9822
9936
9822
9983
9821
9936
9821
9968
9968
9923
9754
9869
9827
9930
9697
9983
9936
9822
9035
9822
9821
9822
9821
9842
9821
9936
9990
9822
9897
9821
9897
9821
8396
8402
9910
9821
9544
9936
9897
9821
9849
9418
9684
9796
9821
9821
9936
9897
9986
9941
9784
9821
9923
9822
9247
9830
9888
9888
9992
9879
9821
9697
9923
9889
8980
9697
9799
9630
9897
9968
9990
9821
9886
9577
9992
9990
9822
9759
9983
9821
9822
9849
9889
9698
9821
9983
9941
9821
9821
9904
9941
9923
9968
9801
9821
9224
9859
9992
9822
9822
9968
8531
9821
9936
9930
9697
9989
9821
9987
9821
9821
9821
9936
9936
9983
9821
9936
8722
9821
9889
9930
9821
9968
9766
9697
9822
8541
9986
9983
9495
9821
9961
9821
9140
9936
9849
9035
9224
9821
9923
9959
9759
9983
9936
9889
9986
9821
9936
9936
9821
9767
9936
9923
9959
9936
9108
9470
9822
9992
9822
9210
9886
3501
9930
9821
9923
9968
9821
9799
9968
9544
9794
9631
9411
9729
9923
9936
9805
9983
9936
9794
9992
9923
9920
9897
9822
9288
9821
9959
9849
9992
9883
9886
9822
9936
9959
9035
9859
9923
9788
9821
9821
9983
9983
9799
9821
9959
9936
9959
9821
9968
9923
9973
9889
9897
9866
9822
9821
9247
9697
9821
9889
9928
9979
9866
8220
9035
9821
9821
9894
9936
9821
9821
9729
9930
9822
9983
9936
9968
9968
9992
9888
9388
9821
9224
9821
9859
9385
9983
9889
9936
9936
9337
9821
9822
9983
9767
9821
9888
9941
9184
9923
9035
9936
9822
9879
9820
9821
9794
9979
9821
9923
9986
9811
9968
9859
9821
9936
9866
9995
9936
9729
9224
9821
8194
9995
9821
9992
9930
9897
9821
9923
9849
9822
9894
9821
9983
9759
9866
9936
9879
9992
9936
9605
9822
8554
9923
9672
9411
9821
9822
9821
9936
9936
9930
9887
9867
9821
8673
9936
9822
9859
9822
9821
9822
9729
9992
9667
9374
9697
9821
9493
9983
9822
9897
9747
9936
9889
9821
9821
9821
9941
9544
9965
9210
9799
9954
9959
9698
9983
9888
9821
9821
9936
9897
7807
9936
9888
9936
9821
9910
9936
9923
9544
9930
9821
9821
9979
9936
9983
9936
9821
9207
9759
9830
9821
9821
9821
9821
9979
9817
9821
9799
9799
9923
9983
9897
9959
9920
9035
9820
9983
9936
9979
9990
9821
9936
9821
9884
9968
9821
9930
9979
9577
9697
9697
9923
9936
9936
9866
9849
9729
9936
9849
9992
9960
7621
9849
9578
9887
9866
9842
9630
9630
9861
9884
9822
9986
9954
9035
9954
8884
9623
9944
9821
9821
9849
9821
9983
9801
9821
9277
9983
9936
9959
9979
9983
9968
9799
9697
9866
9821
9630
9983
9923
9035
9351
9776
9968
9936
9936
9923
9859
9035
9821
9224
9849
9799
9838
9963
9986
9866
9822
9232
9983
9983
9979
9821
9968
9544
9799
9821
9821
9936
9992
9544
9821
9930
9729
9821
9923
9821
9224
9968
9983
9821
9992
9979
9821
9821
9821
9866
8980
9822
9992
9861
9968
9979
9968
9697
9968
9866
9889
9849
9438
9833
9035
9821
9224
9759
9986
9936
9897
8337
9897
9560
9759
9965
9983
9821
9821
9992
9859
9886
9944
9801
9821
9623
9821
9959
9959
9849
9888
9821
9759
9986
9821
9821
8259
9889
9586
9821
9821
9936
9821
9799
9822
9936
9968
9959
9821
9644
9821
9990
9799
9941
9821
9936
9821
8798
9842
9672
9821
9822
9729
9821
9979
9936
9821
9923
9923
9936
9979
9411
9968
9210
9973
9936
9866
9983
9418
9822
9821
9986
9936
8492
9936
9544
9983
9983
9821
9469
9859
9821
9821
9761
9867
9821
9822
9822
9821
9842
9993
9834
9968
9821
9821
9983
9623
9821
9968
9936
9821
9933
9983
9821
9821
9968
9247
9941
9821
9889
9822
9821
9968
9821
9936
9822
9403
9821
9360
9630
9247
9933
9889
9995
9697
9822
9852
9897
9968
9923
9913
9889
9968
9983
9867
9821
9959
9809
9897
9630
9822
9979
9968
9959
9943
9827
9799
9609
9821
9897
9452
9821
9879
9524
9992
9867
9821
9897
9842
9821
9496
9821
9822
9822
9897
9888
9846
9867
9888
9849
9821
9822
9799
9672
9822
9983
9821
9821
9799
9941
9697
9987
9993
9821
9805
9930
9821
9822
9979
9861
9624
9821
9998
9936
9379
9968
9624
9799
9936
9923
9821
9224
9821
9983
9821
9867
8407
9630
9624
9830
9930
9897
9821
9822
9799
9944
9983
9998
9822
9936
9821
9936
9910
9577
9923
9821
9936
9035
9822
9983
9983
9897
9979
9759
9605
9821
9979
9897
9821
9821
9936
9224
9923
9888
9613
9849
9936
9821
9822
9821
9822
9821
9959
9624
9821
9822
9821
9986
9936
9857
9821
9917
9936
9821
9936
9936
9983
9983
9936
9936
9822
9247
8220
9992
9821
9897
9822
9822
9936
9936
9920
9563
9972
9936
9821
9495
9822
9979
9992
9936
9849
9697
9035
9922
9983
9935
9883
9821
8752
9753
9811
9821
9822
9920
9799
9822
9936
9936
9923
9923
9379
9734
9821
9815
9897
9936
9936
9923
9496
9887
9317
9821
9822
9821
9821
9930
9897
9923
9224
9750
9936
9888
9698
9959
9821
9930
9983
9897
9821
9821
9930
9923
9494
9827
9821
9821
9849
9266
9983
9822
9933
9697
9821
9788
9936
9799
9821
9821
9987
9822
9968
9936
9923
9930
9821
9769
9904
9867
9933
9936
9936
9983
9822
9821
9983
9923
9992
9822
9821
9936
9821
9849
9821
9418
9992
9897
9821
9998
9799
9821
9613
9983
9972
9936
9930
9886
9822
9035
9821
9697
9224
9822
9821
9983
9822
8194
9821
9923
9821
9968
9923
9830
9936
9821
9698
9923
9889
9930
9630
9923
9992
9210
9822
9821
9822
9697
9983
9849
9821
9983
9822
9822
9849
9936
9922
9923
9968
9630
9821
9224
9697
9928
9998
9830
9992
9972
9993
9983
9684
9979
9821
9959
9986
9954
9821
9959
9846
9368
9992
9936
9923
9822
9506
9920
9729
9821
8904
9821
9983
9821
9936
9035
9849
9821
9936
9936
9936
8220
9821
9822
9936
9968
9821
9821
8796
9897
9923
9897
9897
9630
9811
9983
9822
9936
9979
9821
9889
9936
9936
9923
9821
9820
9905
