(0.000000, 0.000000)
(5.000000, 5.000000)
0
0 : 0.000000
1 : 0.000000
2 : -3.535534
3 : 3.535534

(2.500000, 2.500000)
(9.388392, 0.903111)
1
0 : -3.000000
1 : 3.000000
2 : -1.870829
3 : 1.870829

(2.500000, 2.500000)
(0.903111, 9.388392)
1
0 : 3.000000
1 : -3.000000
2 : -1.870829
3 : 1.870829

(0.000000, 0.000000)
(5.000000, 0.000000)
0
0 : 0.000000
1 : 5.000000
2 : 0.000000
3 : 5.000000

(0.000000, 0.000000)
(0.000000, 5.000000)
0
0 : 0.000000
1 : -5.000000
2 : -5.000000
3 : 0.000000

(5.000000, 5.000000)
(0.000000, 0.000000)
0
0 : 0.000000
1 : 0.000000
2 : 3.535534
3 : -3.535534

(2.500000, 2.500000)
(-4.388392, 4.096889)
1
0 : 3.000000
1 : -3.000000
2 : 1.870829
3 : -1.870829

(2.500000, 2.500000)
(4.096889, -4.388392)
1
0 : -3.000000
1 : 3.000000
2 : 1.870829
3 : -1.870829

(5.000000, 5.000000)
(5.000000, 0.000000)
0
0 : -5.000000
1 : 0.000000
2 : 0.000000
3 : -5.000000

(5.000000, 5.000000)
(0.000000, 5.000000)
0
0 : 5.000000
1 : 0.000000
2 : 5.000000
3 : 0.000000

(5.000000, 0.000000)
(0.000000, 0.000000)
0
0 : 0.000000
1 : -5.000000
2 : 0.000000
3 : -5.000000

(5.000000, 0.000000)
(5.000000, 5.000000)
0
0 : 5.000000
1 : 0.000000
2 : 0.000000
3 : 5.000000

(5.000000, 0.000000)
(0.000000, 5.000000)
0
0 : 3.535534
1 : -3.535534
2 : 0.000000
3 : 0.000000

(2.500000, 2.500000)
(4.096889, 9.388392)
1
0 : 1.870829
1 : -1.870829
2 : -3.000000
3 : 3.000000

(2.500000, 2.500000)
(-4.388392, 0.903111)
1
0 : 1.870829
1 : -1.870829
2 : 3.000000
3 : -3.000000

(0.000000, 5.000000)
(0.000000, 0.000000)
0
0 : 0.000000
1 : 5.000000
2 : 5.000000
3 : 0.000000

(0.000000, 5.000000)
(5.000000, 5.000000)
0
0 : -5.000000
1 : 0.000000
2 : -5.000000
3 : 0.000000

(0.000000, 5.000000)
(5.000000, 0.000000)
0
0 : -3.535534
1 : 3.535534
2 : 0.000000
3 : 0.000000

(2.500000, 2.500000)
(0.903111, -4.388392)
1
0 : -1.870829
1 : 1.870829
2 : 3.000000
3 : -3.000000

(2.500000, 2.500000)
(9.388392, 4.096889)
1
0 : -1.870829
1 : 1.870829
2 : -3.000000
3 : 3.000000

4