2 1
4 1
2 3
29945 668694500
13459 730599423
21239 131751049
10868 945434323
25952 371468751
30766 156610131
19534 927275119
8329 697667978
27979 609246881
633 336628524
66666 1
99958 1
4676 422323130
9 1728
8 12
9 91740
4 20
32 210375823
23 4921956
34 625495792
23 758194581
17 3510
33 18144
14 15651984
32 153433391
11 284580
19 12420
8 7749
6 1165
14 2916
7 16242
5 30
24 612360
10 1014
1 6
10 45
6 10
14 717948
28 785548905
27 54992080
26 629849483
30 47938687
21 52350480
10 206
8 54
23 840061123
5 4
1 15
30 561099549
11 2
35 227253247
14 8064
34 536708395
17 20297655
18 201042
24 349267348
27 309672
40 133163647
14 280728
17 23625
37 22982400
25 12208320
2 1
30 2551500
30 362137518
33 266321994
35 21084624
31 845098195
24 86463531
10 12
17 18015750
29 16017750
14 3729
2 16
35 101584350
32 169893753
5 37
30 619851075
11 1
34 61345320
30 290426237
14 330780
17 84510
33 14578228
1 1
14 155520
21 7417980
16 145800
33 972933120
27 165942
19 62776350
18 8284032
25 899231970
19 14311728
32 841764465
15 121440
31 317288635
24 940381954
30 1749600
25 240570
16 2196480
37 330800650
25 2730744
7 122
29 204162460
7 2358
20 91635105
26 298555686
14 510
27 734438621
9 75
32 640406250
11 98592
