1
2
3
12
10
60
105
280
252
2520
2310
27720
25740
24024
45045
720720
680680
12252240
11639628
11085360
10581480
232792560
223092870
70845769
29659393
974571586
868336886
313432640
636318221
89546497
610996341
865208575
163290671
815768085
209774523
551882779
458412179
241529814
285491569
419662683
766813574
206169884
565120571
841451227
192724022
865304956
263944432
381333238
53706571
268339777
859333247
685328536
820785416
405862042
934328795
514428287
74524348
322412156
783705290
22317071
489699057
577164152
386291919
180348965
829131561
722682648
712054962
484344019
5996244
419737080
747240734
801332477
885098255
406630275
835490406
616847672
967913730
497270415
803554537
899420840
498208388
853087536
842931732
197720766
730305412
951796156
259162104
806264998
619528719
96237191
888669401
51156821
550612603
534290365
143308171
757584325
739649791
85713930
984856797
485679014
896541639
122780599
387814479
763175867
916648104
329713789
929427076
492790169
68705408
836687539
26863016
843704645
190591235
77521209
993301042
38377279
891585650
17874766
934920849
171182720
914745714
227797467
729695147
589681640
359754652
984988310
332535042
174157188
325069677
648173399
281393512
115677518
171606013
339711524
222056094
428288435
610656548
944742928
973062854
557434643
357432215
223042793
771629948
815576122
225330468
177991892
542097522
289266639
934172642
980464204
573154424
614360759
41014492
909946753
332349722
883950914
919909531
447524191
300815041
505546795
538071040
295731015
146392875
210684200
233290549
964931137
398962903
494620027
334027375
245520530
634261219
353822
990686969
338023286
446005494
817524881
186479768
652756006
254545909
801357610
525637803
40965318
44908922
181121066
732760742
716254204
261654954
256833424
960107846
175967398
651952788
376071012
362021988
959455251
780678582
424967279
92685859
55481069
319697916
172176541
647871379
667471520
442307922
786053192
806373848
573636982
756062170
613096752
279762408
535203099
362262085
402433797
884112736
614366274
433023211
837195418
906707040
131939259
113013723
49113246
207555629
702493803
356328118
212329589
319888551
183810077
327352647
965045509
960811494
875292298
352433523
229882037
489252740
544976104
341867249
755612944
632215383
64574750
379248284
747599217
906603698
992621786
701591768
384449437
523687665
116977856
409508632
864341656
364489334
694304829
142843244
969208361
137546033
551777868
171074366
903297020
25072599
127141138
47147902
704875435
360580488
135842914
221315386
755161795
167388741
5665668
756025560
764391663
97493141
982478393
135401925
367067682
820357107
939017648
576774276
883283441
602492332
638957928
507265175
583901169
995699884
395483335
912054376
157928267
434057140
540314460
216202306
52784275
441288775
701847178
680947158
827631103
826276522
783259459
272937944
54149234
630977062
971203558
653809039
612527591
