94
1 + 2
95 + 3
96 + 4
97 + 5
98 + 6
99 + 7
100 + 8
101 + 9
102 + 10
103 + 11
104 + 12
105 + 13
106 + 14
107 + 15
108 + 16
109 + 17
110 + 18
111 + 19
112 + 20
113 + 21
114 + 22
115 + 23
116 / 24
25 / 26
117 + 118
119 + 27
120 - 28
121 + 29
122 - 30
123 + 31
124 - 32
125 + 33
126 - 34
127 + 35
128 - 36
129 + 37
130 - 38
131 + 39
132 - 40
133 + 41
134 - 42
135 + 43
136 - 44
137 + 45
138 - 46
139 + 47
140 - 48
141 + 49
142 - 50
143 + 51
144 - 52
145 + 53
146 - 54
147 + 55
148 - 56
149 + 57
150 - 58
151 + 59
152 - 60
153 + 61
154 - 62
155 + 63
156 - 64
157 + 65
158 - 66
159 + 67
160 - 68
161 + 69
162 - 70
163 + 71
164 - 72
165 + 73
166 - 74
167 + 75
168 - 76
169 + 77
170 - 78
171 + 79
172 - 80
173 + 81
174 - 82
175 + 83
176 - 84
177 + 85
178 - 86
179 + 87
180 - 88
181 + 89
182 - 90
183 + 91
184 - 92
185 + 93
186 - 94
74
1 + 2
75 + 3
76 + 4
77 + 5
78 + 6
79 + 7
80 + 8
81 + 9
82 + 10
83 + 11
84 + 12
85 + 13
86 + 14
87 + 15
88 + 16
89 + 17
90 + 18
91 + 19
92 + 20
93 + 21
94 + 22
95 + 23
96 / 24
25 / 26
97 + 98
99 + 27
100 - 28
101 + 29
102 - 30
103 + 31
104 - 32
105 + 33
106 - 34
107 + 35
108 - 36
109 + 37
110 - 38
111 + 39
112 - 40
113 + 41
114 - 42
115 + 43
116 - 44
117 + 45
118 - 46
119 + 47
120 - 48
121 + 49
122 - 50
123 + 51
124 - 52
125 + 53
126 - 54
127 + 55
128 - 56
129 + 57
130 - 58
131 + 59
132 - 60
133 + 61
134 - 62
135 + 63
136 - 64
137 + 65
138 - 66
139 + 67
140 - 68
141 + 69
142 - 70
143 + 71
144 - 72
145 + 73
146 - 74
17
1 + 2
18 + 3
19 + 4
20 + 5
21 + 6
22 + 7
23 / 8
24 + 9
25 + 10
26 - 11
27 + 12
28 - 13
29 + 14
30 - 15
31 + 16
32 - 17
41
1 + 2
42 + 3
43 + 4
44 + 5
45 + 6
46 + 7
47 + 8
48 + 9
49 + 10
50 + 11
51 + 12
52 + 13
53 + 14
54 + 15
55 + 16
56 + 17
57 + 18
58 + 19
59 + 20
60 + 21
61 + 22
62 + 23
63 + 24
64 / 25
65 + 26
66 - 27
67 + 28
68 - 29
69 + 30
70 - 31
71 + 32
72 - 33
73 + 34
74 - 35
75 + 36
76 - 37
77 + 38
78 - 39
79 + 40
80 - 41
70
1 + 2
71 + 3
72 + 4
73 + 5
74 + 6
75 + 7
76 + 8
77 + 9
78 + 10
79 + 11
80 + 12
81 + 13
82 + 14
83 + 15
84 + 16
85 + 17
86 + 18
87 + 19
88 + 20
89 + 21
90 + 22
91 + 23
92 / 24
25 / 26
93 + 94
95 + 27
96 - 28
97 + 29
98 - 30
99 + 31
100 - 32
101 + 33
102 - 34
103 + 35
104 - 36
105 + 37
106 - 38
107 + 39
108 - 40
109 + 41
110 - 42
111 + 43
112 - 44
113 + 45
114 - 46
115 + 47
116 - 48
117 + 49
118 - 50
119 + 51
120 - 52
121 + 53
122 - 54
123 + 55
124 - 56
125 + 57
126 - 58
127 + 59
128 - 60
129 + 61
130 - 62
131 + 63
132 - 64
133 + 65
134 - 66
135 + 67
136 - 68
137 + 69
138 - 70
33
1 + 2
34 + 3
35 + 4
36 + 5
37 + 6
38 + 7
39 + 8
40 + 9
41 + 10
42 + 11
43 + 12
44 + 13
45 + 14
46 + 15
47 + 16
48 + 17
49 + 18
50 + 19
51 + 20
52 + 21
53 + 22
54 + 23
55 + 24
56 / 25
57 + 26
58 - 27
59 + 28
60 - 29
61 + 30
62 - 31
63 + 32
64 - 33
15
1 + 2
16 + 3
17 + 4
18 + 5
19 + 6
20 + 7
21 + 8
22 + 9
23 / 10
24 + 11
25 + 12
26 - 13
27 + 14
28 - 15
11
1 + 2
12 / 3
13 + 4
14 + 5
15 + 6
16 - 7
17 + 8
18 - 9
19 + 10
20 - 11
76
1 + 2
77 + 3
78 + 4
79 + 5
80 + 6
81 + 7
82 + 8
83 + 9
84 + 10
85 + 11
86 + 12
87 + 13
88 + 14
89 + 15
90 + 16
91 + 17
92 + 18
93 + 19
94 + 20
95 + 21
96 + 22
97 + 23
98 / 24
25 / 26
99 + 100
101 + 27
102 - 28
103 + 29
104 - 30
105 + 31
106 - 32
107 + 33
108 - 34
109 + 35
110 - 36
111 + 37
112 - 38
113 + 39
114 - 40
115 + 41
116 - 42
117 + 43
118 - 44
119 + 45
120 - 46
121 + 47
122 - 48
123 + 49
124 - 50
125 + 51
126 - 52
127 + 53
128 - 54
129 + 55
130 - 56
131 + 57
132 - 58
133 + 59
134 - 60
135 + 61
136 - 62
137 + 63
138 - 64
139 + 65
140 - 66
141 + 67
142 - 68
143 + 69
144 - 70
145 + 71
146 - 72
147 + 73
148 - 74
149 + 75
150 - 76
51
1 + 2
52 + 3
53 + 4
54 + 5
55 + 6
56 + 7
57 + 8
58 + 9
59 + 10
60 + 11
61 + 12
62 + 13
63 + 14
64 + 15
65 + 16
66 + 17
67 + 18
68 + 19
69 + 20
70 + 21
71 + 22
72 + 23
73 + 24
74 / 25
75 + 26
76 - 27
77 + 28
78 - 29
79 + 30
80 - 31
81 + 32
82 - 33
83 + 34
84 - 35
85 + 36
86 - 37
87 + 38
88 - 39
89 + 40
90 - 41
91 + 42
92 - 43
93 + 44
94 - 45
95 + 46
96 - 47
97 + 48
98 - 49
99 + 50
100 - 51
15
1 + 2
16 + 3
17 + 4
18 + 5
19 + 6
20 + 7
21 + 8
22 + 9
23 / 10
24 + 11
25 + 12
26 - 13
27 + 14
28 - 15
12
1 + 2
13 + 3
14 - 4
15 + 5
16 - 6
17 + 7
18 - 8
19 + 9
20 - 10
21 + 11
22 - 12
23
1 / 2
24 + 3
25 + 4
26 - 5
27 + 6
28 - 7
29 + 8
30 - 9
31 + 10
32 - 11
33 + 12
34 - 13
35 + 14
36 - 15
37 + 16
38 - 17
39 + 18
40 - 19
41 + 20
42 - 21
43 + 22
44 - 23
76
1 + 2
77 + 3
78 + 4
79 + 5
80 + 6
81 + 7
82 + 8
83 + 9
84 + 10
85 + 11
86 + 12
87 + 13
88 + 14
89 + 15
90 + 16
91 + 17
92 + 18
93 + 19
94 + 20
95 + 21
96 + 22
97 + 23
98 / 24
25 / 26
99 + 100
101 + 27
102 - 28
103 + 29
104 - 30
105 + 31
106 - 32
107 + 33
108 - 34
109 + 35
110 - 36
111 + 37
112 - 38
113 + 39
114 - 40
115 + 41
116 - 42
117 + 43
118 - 44
119 + 45
120 - 46
121 + 47
122 - 48
123 + 49
124 - 50
125 + 51
126 - 52
127 + 53
128 - 54
129 + 55
130 - 56
131 + 57
132 - 58
133 + 59
134 - 60
135 + 61
136 - 62
137 + 63
138 - 64
139 + 65
140 - 66
141 + 67
142 - 68
143 + 69
144 - 70
145 + 71
146 - 72
147 + 73
148 - 74
149 + 75
150 - 76
24
1 + 2
25 / 3
4 / 5
26 - 27
6 / 7
28 - 29
30 + 8
31 + 9
32 - 10
33 + 11
34 - 12
35 + 13
36 - 14
37 + 15
38 - 16
39 + 17
40 - 18
41 + 19
42 - 20
43 + 21
44 - 22
45 + 23
46 - 24
82
1 + 2
83 + 3
84 + 4
85 + 5
86 + 6
87 + 7
88 + 8
89 + 9
90 + 10
91 + 11
92 + 12
93 + 13
94 + 14
95 + 15
96 + 16
97 + 17
98 + 18
99 + 19
100 + 20
101 + 21
102 + 22
103 + 23
104 / 24
25 / 26
105 + 106
107 + 27
108 - 28
109 + 29
110 - 30
111 + 31
112 - 32
113 + 33
114 - 34
115 + 35
116 - 36
117 + 37
118 - 38
119 + 39
120 - 40
121 + 41
122 - 42
123 + 43
124 - 44
125 + 45
126 - 46
127 + 47
128 - 48
129 + 49
130 - 50
131 + 51
132 - 52
133 + 53
134 - 54
135 + 55
136 - 56
137 + 57
138 - 58
139 + 59
140 - 60
141 + 61
142 - 62
143 + 63
144 - 64
145 + 65
146 - 66
147 + 67
148 - 68
149 + 69
150 - 70
151 + 71
152 - 72
153 + 73
154 - 74
155 + 75
156 - 76
157 + 77
158 - 78
159 + 79
160 - 80
161 + 81
162 - 82
12
1 + 2
13 + 3
14 - 4
15 + 5
16 - 6
17 + 7
18 - 8
19 + 9
20 - 10
21 + 11
22 - 12
99
1 + 2
100 + 3
101 + 4
102 + 5
103 + 6
104 + 7
105 + 8
106 + 9
107 + 10
108 + 11
109 + 12
110 + 13
111 + 14
112 + 15
113 + 16
114 + 17
115 + 18
116 + 19
117 + 20
118 + 21
119 + 22
120 + 23
121 + 24
122 / 25
123 + 26
124 - 27
125 + 28
126 - 29
127 + 30
128 - 31
129 + 32
130 - 33
131 + 34
132 - 35
133 + 36
134 - 37
135 + 38
136 - 39
137 + 40
138 - 41
139 + 42
140 - 43
141 + 44
142 - 45
143 + 46
144 - 47
145 + 48
146 - 49
147 + 50
148 - 51
149 + 52
150 - 53
151 + 54
152 - 55
153 + 56
154 - 57
155 + 58
156 - 59
157 + 60
158 - 61
159 + 62
160 - 63
161 + 64
162 - 65
163 + 66
164 - 67
165 + 68
166 - 69
167 + 70
168 - 71
169 + 72
170 - 73
171 + 74
172 - 75
173 + 76
174 - 77
175 + 78
176 - 79
177 + 80
178 - 81
179 + 82
180 - 83
181 + 84
182 - 85
183 + 86
184 - 87
185 + 88
186 - 89
187 + 90
188 - 91
189 + 92
190 - 93
191 + 94
192 - 95
193 + 96
194 - 97
195 + 98
196 - 99
76
1 + 2
77 + 3
78 + 4
79 + 5
80 + 6
81 + 7
82 + 8
83 + 9
84 + 10
85 + 11
86 + 12
87 + 13
88 + 14
89 + 15
90 + 16
91 + 17
92 + 18
93 + 19
94 + 20
95 + 21
96 + 22
97 + 23
98 / 24
25 / 26
99 + 100
101 + 27
102 - 28
103 + 29
104 - 30
105 + 31
106 - 32
107 + 33
108 - 34
109 + 35
110 - 36
111 + 37
112 - 38
113 + 39
114 - 40
115 + 41
116 - 42
117 + 43
118 - 44
119 + 45
120 - 46
121 + 47
122 - 48
123 + 49
124 - 50
125 + 51
126 - 52
127 + 53
128 - 54
129 + 55
130 - 56
131 + 57
132 - 58
133 + 59
134 - 60
135 + 61
136 - 62
137 + 63
138 - 64
139 + 65
140 - 66
141 + 67
142 - 68
143 + 69
144 - 70
145 + 71
146 - 72
147 + 73
148 - 74
149 + 75
150 - 76
58
1 + 2
59 + 3
60 + 4
61 + 5
62 + 6
63 + 7
64 + 8
65 + 9
66 + 10
67 + 11
68 + 12
69 + 13
70 + 14
71 + 15
72 + 16
73 + 17
74 + 18
75 + 19
76 + 20
77 + 21
78 + 22
79 + 23
80 / 24
25 / 26
81 + 82
83 + 27
84 - 28
85 + 29
86 - 30
87 + 31
88 - 32
89 + 33
90 - 34
91 + 35
92 - 36
93 + 37
94 - 38
95 + 39
96 - 40
97 + 41
98 - 42
99 + 43
100 - 44
101 + 45
102 - 46
103 + 47
104 - 48
105 + 49
106 - 50
107 + 51
108 - 52
109 + 53
110 - 54
111 + 55
112 - 56
113 + 57
114 - 58
