80
19
885
442
34
70
706
183
205
64
996
31
23
316
210
35
432
630
126
1069
473
942
397
182
125
811
503
399
764
272
448
41
298
941
94
136
76
451
61
400
282
303
124
443
295
277
101
336
157
597
163
74
551
193
18
150
480
372
294
361
55
715
82
1059
165
237
333
458
222
409
25
307
220
464
243
893
370
178
186
480
1073
346
31
422
86
250
210
155
969
131
418
212
100
414
437
165
255
861
122
95
0
1
2
1
3
6
