1533389162561077120
464885573008266913
325263442036135713
1761997977194031745
3665638728432393984
4366752173752205569
374025557960981921
1049703678420189120
1303348045316008832
1797015012968373377
807971219165595969
127927319427719736
1408272537711880321
88367328763842601
116715305770247992
72524265865073944
934515513831434176
2331012139356037377
1978742914937730432
402625423146359457
3218729778403841792
1212317783821526089
724848676871715137
2679618813044712705
891315007906297280
4160894150696024321
1343758615130649
493298566257633376
916232578041740865
931060969477464256
2657421789558488321
1961346840067671424
2377582180853558529
277274413415697617
1752758522522375297
956881705378504769
347139806182990241
2233899842789920640
144600412548987696
635496022438820800
500724467998490401
3243404280581295872
369873804596505377
423453759207590049
34842008402529365
252203839810345233
267994494278903984
553707314115033696
565103963022525792
307283334291627553
2833511028183506688
2417837641374868737
916444040529438
932762817120349632
157772543740949488
1394673272805063552
79890581548048184
2199805778578334592
53015387117354757
636602887552317505
36677965648781205
619705759313515073
315319148692645472
47910434997013749
271241066933653232
208879750425036400
28455310732162347
732148006903260225
2422170328104264448
874744429809599680
616123944537690560
1506709637836658048
1211022261853508992
1037742977054560065
2735140426028320001
495594518983823200
882234567471447488
344354367781856608
49583899112093852
171422291782431505
1410202348388508289
3865257056363115264
1286703217149725056
2538182669313545473
1257313602835758976
1656388414063772289
1506880987330042240
2166082223987752832
1673499841227148417
2900665398864278785
1773356773500050816
2096069621520086400
927823760158275008
473351777528913632
2169283496997756288
316369032871718624
1217000091444472449
462830758937264289
2218453039026819456
3893282101114474753
1272550380054709889
683671113901693120
1293254304448126593
1848494946835452545
1372492504348934785
25689743962982153
256466380636128496
1802441056389540481
742628195645376448
669184190589631041
961448902363721537
1808042295394957184
25761417696978515
3520183058948222209
2218662571642485377
4060362014519505664
128411141847028280
1366572571244092033
1999551938302064000
260887644320038128
1185800570989977984
1352513173729109121
2854664430933740801
1107931599391459776
1401335352090336029
1256396826401024896
487729218663498689
1006437057201605437
90248063881324280
127865426380078633
3680810417855518977
347844727163697760
3522621028314964225
164115692803633489
1135318259129179457
488161529948564448
732910809668401600
688948821680820416
585857798631110848
1328538720954317696
2557650307986937600
657159869183172673
307789904595850464
301565809564701473
3029519194404860672
1418902760037252480
4177566923203267328
48045349187278981
423339821271109216
1472862664082225793
2477475202802564864
248381922382015809
2254601144976024960
574090713861643744
1318052442061180800
262642690590943664
662253080444210557
177312920913647408
244634481259336785
2375009756182420737
555568368051980000
1589902062417462656
2457260246895492353
1696438793810414976
1040328863970785216
118676610410560504
62725943837105237
289751339055586272
247526576403139504
257554351322357104
986512829820575168
1393325047110215297
1079274134491749185
475583182200031905
845590048478238273
51686514270889612
775727660631715649
2428635461863805185
3369560354542515457
313757299749557793
1423292535087800192
889513978060268224
881668941367493312
802719616469056704
419464705175207713
1314658911011623808
2205933275235736193
2249536141721705344
2996770851293561089
133298977601123433
445457510680376160
497352105480375713
345619696560687584
153019122650881520
108663881577050520
771876185871172673
247852775283796080
852917407628803520
1168726193047049600
214660977590364113
586899466036577216
586659607916006977
957263287096224321
1498539131901909888
181590608720101521
238175359898912624
2293853367995218561
2206047266348104576
12329756762928925
232072741259699345
952090265618286657
3691226847150894848
652013963652188993
194393451304507760
259122808367702545
313064637025582432
483194797438127968
952068161786571841
1923935898953115520
2022232207870487936
525798487792656608
59339456746052140
1806544429686905216
1113817997355660224
3503022184036450561
806482680734200512
23909255784546929
864505973368633280
2612679759151937793
1297911433105244544
1999957208223962753
449059305842387808
2366347421805177089
1394480625421381504
2682025002772155649
699036640200708544
432805613938000608
83187104072214616
688424735696764352
54236857054599253
1195595097269989505
4567732184837157
656099696950635712
351746799681431841
323239836537164896
774577782496237248
1859595520222516608
2987032142555789056
963026040704569153
2477758580157028096
288281171435665632
155246010467695856
496224572009303392
4019815520321665251
300660770203748576
1604623681260283776
2505252988584296705
277897762620974225
99863165716589304
166846909167622000
2102008979047065217
133293430984475881
574053957138359008
3172647675503183616
2333796115147150593
109438341953525897
721691642850930753
448647447095661473
1046916943285236928
1153050949017083009
941791210762522048
540589004447160609
984910587888212033
1008199919598468544
8039722744454853
89579057337087881
3014112284454194433
156929428758777776
1375306336740304768
1199790359218910849
90952553895740905
618388960792639041
4097461482292663553
2156648905165997440
3548624973720555777
293209637564077920
1009158689105151041
3936566694271034112
753728711688593600
1085560881713106753
240818116008965232
1888766630567333505
1779862483076243328
1118625449475321921
235719065900438545
3995054039826210049
631644116114556481
286279952728761648
204410063481187665
531791803234905696
1791342645369758080
1758580371153633
1804649516391456640
325467443623637216
2085993176461312641
2989316790598397696
535794860529566241
1558026219005154688
2488070637296751873
983600535432984641
3701093582687469312
1050701129679308992
1011585916117411776
1154113363469766273
742322157323634368
12425671280334287
787171528763969216
23905773066582037
1542452709785316736
690590779940120256
724317028203994689
1382599515776817024
2791781516182331136
420262902448953889
1836382541555786369
1363667160254344064
986863914477946177
428206341211786657
1552397294635690625
64901539605052457
4131656114534467841
1967475141739120000
489670557485046880
1664671147752607616
131101962128334328
1047861584585383872
1253329926805267073
525453335243306464
1440410914694098304
2787847840025043712
1608681492907306368
748427153851057856
2802428992366114049
1818380368033224064
1960982991576580480
1740627842306341248
223386872469904880
3038596633223714049
627424559118339008
926278090173784129
564633571141813344
1430375188628434565
35591455206344278
40338907156120021
2070043170269183872
1557233174920269953
598810853925846720
1856579753279931745
1796374038371289729
149614524866175344
572743627999011296
1332377103215244672
1458596075867305344
1514560528562880384
224027198240026193
485402601772888097
406352666940296800
423367048794902689
201086824485722689
1514348423702409857
2480668388346700544
284898368407600273
833339451673750081
372645962686189792
351873612595790560
132888404207582249
486634513253146208
1852588532580427136
1640685832330338176
1450902764592209025
478244239211445921
745972160579949377
2323802510848550145
2706132847896041216
688358318784225089
2300725564279102848
15214526777980865
1959358728778730368
595738470868929857
2081416604583601024
3594420181116872448
317360587696754528
4348039095088273152
1179460769955775360
939158490428960448
2792127776617455360
953916243256349249
13207633623458583
884210771283831873
275624030664130544
839897292245460289
844966132831298113
796518421922900545
4000039945852205313
264994906796883056
2945107863646208768
303481021923234593
245115170489291473
224483662620098321
298589742811796001
15941375747505358
1821015032198068865
2352494608464393984
1736136624205304449
60351689227557505
2386585076703394049
2239559803864938113
871495977638461
427754815870817697
32601183801576723
1632833986421946285
2548043392730281728
235131947829732097
29020553170330709
99348076292699241
1141397369956705601
1070971624773485633
1699365147082158976
1289351852534936960
705760682531169601
128016589526330040
62849322668933817
74100336054632600
3630099123768656129
224396172583877329
816272316378606016
569120270129736160
797581820272304449
637433176255617345
441302313635684769
669906441738887489
711395799127180992
716906517469894465
95305018107872713
2168385187709817728
59284763021192860
544977797549134816
1525566920229728128
161484974458716625
43058433105305889
516145535498864289
457920218828734753
2497593177727502593
97435959391119480
3127122291352956161
345772193315018913
2236273454940393089
889354980702448064
1884633579672657537
997155102146669377
2176864677995956353
1862294851209198976
125187014905439224
232124455361519953
922541661507533760
1409629328526722177
1332632056037189761
2516143515209304321
3391888244763803905
689939737761950017
2934865809068104961
888993354366052288
842463695232961601
688441800466697664
52066092984739961
1480421602251162241
3074881520010162433
950408933271516709
37900992084696053
661509491483439808
1981418304579155073
595002587939675457
3203217658808747265
569687627337639776
95753428837505656
1608420399911576960
1999747729578473856
826062197363859009
2357184946180133632
439088452856740576
158849872450408017
114624757902884809
103814285934453001
2374224972858466561
32540286222431182
2885457737472385281
1000299600702098880
2281459522596189313
169541095215703536
1138609314768903360
3481990092947993857
42748528094874037
316795268600795937
3746176887505223424
96980303385209272
88522976430739288
1181495246611842689
1599515839107116928
186974985920858736
1705271128943343361
408066494563257568
1167205628978372737
2596771197219316993
334907090381760801
764196813674173505
566062110321110240
2040623068361377921
133368060848376481
228358969909890800
94982908930806456
597239953414727489
519871839201063329
1164632846777053056
1241180375744176512
1443605635193624193
511706021535837408
2267024161172488576
2794051187640308645
1566002177878409345
1844132404703484288
38699468486639548
2437838482874518785
379554745252318176
1757708350302528384
259345013100565680
816515999784104513
1435485042543157377
2946881288056214272
1339139064502613633
4061171840421245696
204030639289650864
1030634306895887552
28612904807990659
851943533043400128
321450915431777185
675769857899726657
2271033902145380
3004910515936332544
796406306950317760
1200189150984722049
802664958182448193
2577503984341051
312131033700643233
1602597922816784768
2108349558520174464
18351846260342595
1107463499226336704
546841714340153377
1178368849430365825
3098047369630276352
246218863346468945
2600817178984456449
73692055219339928
1779734459282417793
1563085130894356352
1697342110473717120
66278772320539333
1830394892482669440
1126881944428570048
409490588369536545
646403920391673153
580843063784101568
521346018086821537
936918360562556225
479160859113396832
1074649275101260353
1398621695253620865
3642445772912710400
388585506538338784
4085495690770313984
1789215030050969984
433145143807239969
1434599696629264513
924316617452060481
1444714904203605376
1484949680405089152
48855600725250316
788866593823088705
3343684080837759233
2833618570728856320
1457484934133074049
550754419473821792
2788433542310240513
195834791938267617
3901417128696662784
380122230956385697
414888927002723489
966437912830321600
293978080756619616
493796970535637856
2237216466445095296
90810200176764777
447052374320618017
580335728460975808
1758559222591539584
1995699714807287680
1942626253366050688
78767947137828201
1597085235487050624
2621597678372802817
1608561217267350400
511467901262575328
391591827876648160
2909927909729592577
1115547773794533441
62132269497609029
2208609526887178624
2728497903199272704
2073368952229009792
247424290425792273
212780056869720688
396880772441877921
177864255436440721
1151124505616311744
1761332151365870976
194845068041918640
50296489376184341
1786279342008919169
26292804175796457
403203223771293345
452903990679265760
343541014668809121
1710391344362752384
25054000070860206
21784589243178933
286224801354750832
470398798033093665
525506037109925984
2648056096673907969
3712719338397995265
1573389528312352640
4751686557553067
89998557686378761
490257537984048929
935178307645038784
3330278815669713664
967985485448206145
923197063525894977
1614693451582201216
187043509531720560
240300920372333521
416507712131919009
1785955416171160448
401333510114642593
171887962189398640
2356218806359527168
319323349167776545
1848383522995640192
1356337524473859201
877666866902013632
2134763153188908416
195550194420774704
267077622659200752
1166248285777754753
100585379886996760
1391102411505965440
404135480241505953
240821548138630832
3023167235495966977
1031401631552387649
114080068762112760
386610078148805665
1614149919622299777
150628657581002096
357939695762413089
90187883627558808
1152207849525951424
1558668787077122
218926711574948848
1155941487212033920
2234790869463613569
173779746831342256
508289810923569313
13411472948901147
1592798896075979648
1723684709029477505
1244962029520139136
137576978371644760
3535400268404690688
1019571283585457856
60092887139324060
91010015420435881
360879757412942113
63269365962262981
480101593923931681
747805149151981313
1210268239278807936
2328886022943941889
91795491452879793
2381231722678350081
196355095632982768
776845746827193536
607961817644977473
208534827282760944
566253257030245088
132075637910943529
1508604667652927105
1881915741763335297
2090946337119462017
1068503578962572992
32591349544404318
2148521387697887873
78739227928570712
400290618094248544
825675648056087873
2893247239743802112
557988926033708384
2513277825902162688
803528851972959680
174731454217878609
394452656986122797
671354299586748864
1603625121541435264
860029297393046337
1525013119216640384
745403950391415744
715947183415025729
368254191027390304
385500890702340513
3028610481746628865
1424838329527683337
1294052266739561856
1607129586994515585
1178541380521006721
1536987850914362240
1233733712256853888
1417490860861493889
186832558014000240
586497888260739776
402098028892627105
1530842452620865153
164404355094314992
2258822691484537473
1706479896271913856
217850065598686033
3646194984548539
1002138844588369600
1766288327833518209
1299136334298139777
494414251778188384
1440677888284719233
2912562503721897217
462908934946576992
439935856085720672
634637636941318465
2611168843158988033
512910155802401697
1537809965296139648
2136068874019110272
343428099515382368
1789331813236831104
2526882766551932161
884105339731369281
126208783656804728
2132110995743190400
241685784664955985
475170608956078432
4275340649150521601
1171065531207255936
3283893301236696321
996069008637456064
513391145021785537
1634791208647488896
2348200234181419265
403671832891340065
2410538589001945345
437045410057970784
2015851834518196608
796417980610508865
251378481316846448
1197776086012215680
1033244852978686912
105360751489106249
1580392057900613249
882341652661212737
1145274655091513536
3151914962745577729
783822008566932545
3925422661783103177
202872323674287408
275867912263740561
2221090692634610048
1743044094967210113
402147580684630368
754625254121687873
2177714711496681856
1373330523193111169
391530781658747169
1074831311468515264
1367223946377245568
328340973960113185
541056282616361184
1427576744937626496
242983957229349265
1257041022074537601
287269635289441361
2100727773569887873
3117691670942066432
566416969733887137
286258223256289968
2154612077584454016
2948065846018005249
1303208636542872193
87689771731713720
1448423296013207424
465895148031800865
940271935417043648
707167761371246913
2768254880864032001
3008244165483024128
143726176594016009
3118910970639470336
356754947521804640
956817115635979712
383244515525215840
1628842092379861376
2396363989472755456
47285457480520284
125053560965400489
4063868078054624513
153435725513353105
2569120352752368384
1521105081623587969
2375556561083687169
16422239498641371
240094431156033297
652307938099218624
2723290650244405505
526487914208984993
3232420557844814592
1795193096952296065
1555006747178603904
1060694409901649344
442973855190779169
2828381348927275265
357147073144113537
2941640906797851905
40346891366971781
240102768181670896
8537786831288175
1659244127507643521
389169541628285985
655800016196339777
766059960632336064
137723125434809161
1147854403196123969
16368894448998683
13331690291637433
1628002606518258048
3346946446017151744
300573956006237473
305765406859817184
905087305158209216
326741508085137760
361860139273000513
3366416164680344320
3568879035425584896
3406882656594910976
1691873941321281665
1587919585385117568
1900553923537016961
161576561031909009
2030241483674495543
1269169162009329536
8007117712804645
2814566989761176320
2097340423168626817
1367044970970152577
508256284145789473
204380004489980976
614865700240977600
152532990382678289
654887847210626113
348508044097540565
270249457036753328
1167555586145482624
163322652522510128
3197205515749871360
738347941356071872
1280364198591396224
1458723324125049473
3633414574160749312
414582583093191969
3029875681129517313
367939715612720224
1261436246939778177
1260619353205823872
297881735469888608
1615087393384582528
40697814365278604
2227125046626619103
203978455798679697
857567799074295488
1867168827009414016
272703152360996897
70658933014161852
1126462764587817793
1433451697383517568
373619158449065824
845569215562809409
699359522267744641
2639578671305642241
13089110621164806
2716306272238260992
1730016253072987777
434436447398085856
174612883172502353
2095033408613915520
2511581219044693249
288036062513531729
46810159717160089
486761076492446048
772068547027544897
310807791324224289
2516703232009663232
2515309925957588736
2669079364747425536
102153217202003529
556998384099998432
2599783748614129408
2466882272571219712
394365910270440609
3112246782262112513
334114739263012257
273625384442801169
2370544391458117376
795252097862492864
701026962382315968
2761888441450427649
196185203625483120
1004176311324346304
2479556860874531073
2929555455460168448
70072687353037356
790778798353922881
538924957240657313
1735982162901476481
2716202242494220545
1415324114192392321
2421793551575055104
1122251090209653440
106745092527373929
36556706914641173
2082676308071516544
2183889249292969344
1023717401312361152
164765895128758033
1615977203394641025
181086289530714449
178039455901454064
2080641071420372864
49498304705690
98438517425614121
3801599154147867392
1355676738154860673
746654361783403841
3580694835220960513
1592309217149058177
2149042160415786368
158085751444552465
326079467773038369
2910803558724935424
3126581022847460096
2781942937604875008
819622274214991425
2915901990610000129
2265734259324494208
2756432915282667777
218557481631622161
704385541884728000
85965630128855881
378546834924072353
168138733732513520
3181999843443918592
28141098021816350
2550100860562112769
102490860030567241
974426520002287296
175276987951729233
178499120017080368
442935417006123232
729655022309177665
89008750786945865
1492978022371759488
2982408475311725312
1754648691512336256
1114691380821492289
182585240576157872
397386655357292833
608438057274925889
