1533389162561077046
464885573008266909
325263442036135704
1761997977194031854
3665638728432393937
4366752173752205814
374025557960981910
1049703678420189168
1303348045316008933
1797015012968373259
807971219165596008
127927319427719733
1408272537711880202
88367328763842601
116715305770247998
72524265865073943
934515513831434204
2331012139356037398
1978742914937730352
402625423146359449
3218729778403841867
606158891910763043
724848676871715095
2679618813044712771
891315007906297236
4160894150696024366
1343758615130649
493298566257633390
916232578041740870
931060969477464322
2657421789558488220
1961346840067671363
2377582180853558516
277274413415697605
1752758522522375337
956881705378504816
347139806182990215
2233899842789920562
144600412548987712
635496022438820747
500724467998490413
3243404280581295927
369873804596505369
423453759207590035
34842008402529367
252203839810345238
267994494278903983
553707314115033699
565103963022525774
307283334291627525
2833511028183506879
2417837641374868552
916444040529438
932762817120349593
157772543740949495
1394673272805063484
79890581548048194
2199805778578334493
53015387117354754
636602887552317510
36677965648781210
619705759313515054
315319148692645476
47910434997013749
271241066933653221
208879750425036389
28455310732162348
732148006903260201
2422170328104264344
874744429809599747
616123944537690559
1506709637836658040
1211022261853509066
1037742977054560089
2735140426028320041
495594518983823216
882234567471447531
344354367781856628
49583899112093856
171422291782431499
1410202348388508304
3865257056363115472
1286703217149725001
2538182669313545670
1257313602835759102
1656388414063772164
1506880987330042271
2166082223987752907
1673499841227148378
2900665398864278653
1773356773500050792
2096069621520086282
927823760158275011
473351777528913614
2169283496997756232
316369032871718645
1217000091444472325
462830758937264276
2218453039026819568
3893282101114474659
1272550380054709981
683671113901693183
1293254304448126498
1848494946835452447
1372492504348934890
25689743962982155
256466380636128515
1802441056389540525
742628195645376413
669184190589631077
961448902363721522
1808042295394957314
25761417696978517
3520183058948222256
2218662571642485288
4060362014519505925
128411141847028289
1366572571244091940
1999551938302064016
260887644320038136
1185800570989977985
1352513173729109034
2854664430933740741
1107931599391459744
700667676045168013
1256396826401024817
487729218663498689
503218528600802717
90248063881324278
127865426380078636
3680810417855518917
347844727163697787
3522621028314964119
164115692803633485
1135318259129179489
488161529948564445
732910809668401550
688948821680820364
585857798631110909
1328538720954317598
2557650307986937547
657159869183172630
307789904595850462
301565809564701478
3029519194404860831
1418902760037252415
4177566923203267370
48045349187278980
423339821271109245
1472862664082225766
2477475202802565044
248381922382015812
2254601144976025058
574090713861643768
1318052442061180781
262642690590943661
331126540222105277
177312920913647416
244634481259336794
2375009756182420752
555568368051980018
1589902062417462552
2457260246895492495
1696438793810414920
1040328863970785181
118676610410560508
62725943837105242
289751339055586255
247526576403139516
257554351322357109
986512829820575118
1393325047110215216
1079274134491749147
475583182200031910
845590048478238216
51686514270889618
775727660631715613
2428635461863805292
3369560354542515286
313757299749557771
1423292535087800152
889513978060268189
881668941367493367
802719616469056701
419464705175207737
1314658911011623698
2205933275235736094
2249536141721705348
2996770851293561233
133298977601123432
445457510680376151
497352105480375728
345619696560687619
153019122650881514
108663881577050527
771876185871172668
247852775283796079
852917407628803479
1168726193047049489
214660977590364127
586899466036577228
586659607916006986
957263287096224262
1498539131901909767
181590608720101514
238175359898912626
2293853367995218454
2206047266348104630
12329756762928926
232072741259699346
952090265618286712
3691226847150894871
652013963652188983
194393451304507772
259122808367702549
313064637025582451
483194797438127970
952068161786571835
1923935898953115483
2022232207870487864
525798487792656597
59339456746052146
1806544429686905135
1113817997355660197
3503022184036450606
806482680734200576
23909255784546931
864505973368633279
2612679759151937746
1297911433105244551
1999957208223962729
449059305842387780
2366347421805177188
1394480625421381621
2682025002772155866
699036640200708513
432805613938000627
83187104072214615
688424735696764390
54236857054599255
1195595097269989490
4567732184837158
656099696950635694
351746799681431867
323239836537164897
774577782496237224
1859595520222516545
2987032142555789014
963026040704569146
2477758580157028319
288281171435665660
155246010467695871
496224572009303406
2009907760160832624
300660770203748570
1604623681260283671
2505252988584296655
277897762620974231
99863165716589312
166846909167622008
2102008979047065343
133293430984475877
574053957138359000
3172647675503183837
2333796115147150825
109438341953525897
721691642850930721
448647447095661472
1046916943285236951
1153050949017082980
941791210762522014
540589004447160605
984910587888212026
1008199919598468592
8039722744454855
89579057337087878
3014112284454194214
156929428758777783
1375306336740304773
1199790359218910848
90952553895740905
618388960792638987
4097461482292663415
2156648905165997469
3548624973720555908
293209637564077923
1009158689105151036
3936566694271033960
753728711688593562
1085560881713106720
240818116008965228
1888766630567333614
1779862483076243399
1118625449475321908
235719065900438546
3995054039826210090
631644116114556465
286279952728761649
204410063481187656
531791803234905721
1791342645369758143
1758580371153633
1804649516391456710
325467443623637229
2085993176461312596
2989316790598397740
535794860529566221
1558026219005154597
2488070637296752083
983600535432984676
3701093582687469366
1050701129679309001
1011585916117411765
1154113363469766195
742322157323634433
12425671280334288
787171528763969202
23905773066582039
1542452709785316695
690590779940120279
724317028203994718
1382599515776817088
2791781516182331051
420262902448953883
1836382541555786428
1363667160254344112
986863914477946195
428206341211786646
1552397294635690579
64901539605052460
4131656114534467852
1967475141739120060
489670557485046854
1664671147752607564
131101962128334325
1047861584585383896
1253329926805267026
525453335243306495
1440410914694098309
2787847840025043968
1608681492907306326
748427153851057867
2802428992366113944
1818380368033224027
1960982991576580377
1740627842306341361
223386872469904899
3038596633223714269
627424559118338985
926278090173784167
564633571141813337
715187594314217281
35591455206344281
40338907156120023
2070043170269183764
1557233174920269983
598810853925846742
928289876639965871
1796374038371289717
149614524866175343
572743627999011293
1332377103215244776
1458596075867305255
1514560528562880514
224027198240026185
485402601772888069
406352666940296787
423367048794902692
201086824485722692
1514348423702409939
2480668388346700782
284898368407600266
833339451673750095
372645962686189827
351873612595790593
132888404207582254
486634513253146208
1852588532580427105
1640685832330338128
1450902764592209150
478244239211445947
745972160579949424
2323802510848549894
2706132847896040965
688358318784225086
2300725564279102782
15214526777980866
1959358728778730419
595738470868929818
2081416604583600980
3594420181116872429
317360587696754518
4348039095088272930
1179460769955775478
939158490428960499
2792127776617455330
953916243256349209
13207633623458585
884210771283831830
275624030664130537
839897292245460240
844966132831298090
796518421922900585
4000039945852205259
264994906796883067
2945107863646208984
303481021923234578
245115170489291472
224483662620098311
298589742811795980
15941375747505359
1821015032198068850
2352494608464394157
1736136624205304538
60351689227557507
2386585076703394118
2239559803864938228
871495977638461
427754815870817675
32601183801576723
816416993210973141
2548043392730281607
235131947829732100
29020553170330710
99348076292699239
1141397369956705659
1070971624773485672
1699365147082158949
1289351852534936931
705760682531169663
128016589526330041
62849322668933820
74100336054632602
3630099123768656054
224396172583877339
816272316378606038
569120270129736149
797581820272304453
637433176255617358
441302313635684745
669906441738887547
711395799127181003
716906517469894422
95305018107872717
2168385187709817659
59284763021192862
544977797549134825
1525566920229728126
161484974458716635
43058433105305891
516145535498864289
457920218828734741
2497593177727502363
97435959391119486
3127122291352956142
345772193315018926
2236273454940393011
889354980702448043
1884633579672657449
997155102146669325
2176864677995956270
1862294851209199000
125187014905439225
232124455361519969
922541661507533735
1409629328526722229
1332632056037189716
2516143515209304259
3391888244763803792
689939737761950010
2934865809068104728
888993354366052292
842463695232961645
688441800466697710
52066092984739964
1480421602251162227
3074881520010162470
475204466635758353
37900992084696056
661509491483439873
1981418304579155117
595002587939675462
3203217658808747088
569687627337639790
95753428837505652
1608420399911577047
1999747729578473986
826062197363859002
2357184946180133799
439088452856740574
158849872450408034
114624757902884819
103814285934453003
2374224972858466518
32540286222431185
2885457737472385099
1000299600702098854
2281459522596189325
169541095215703529
1138609314768903338
3481990092947993733
42748528094874038
316795268600795928
3746176887505223282
96980303385209277
88522976430739291
1181495246611842783
1599515839107116812
186974985920858738
1705271128943343365
408066494563257596
1167205628978372741
2596771197219316780
334907090381760827
764196813674173490
566062110321110270
2040623068361377810
133368060848376483
228358969909890810
94982908930806462
597239953414727543
519871839201063352
1164632846777052933
1241180375744176473
1443605635193624167
511706021535837421
2267024161172488640
1397025593820154321
1566002177878409422
1844132404703484356
38699468486639550
2437838482874518874
379554745252318156
1757708350302528315
259345013100565686
816515999784104510
1435485042543157322
2946881288056214373
1339139064502613727
4061171840421245525
204030639289650880
1030634306895887594
28612904807990662
851943533043400125
321450915431777172
675769857899726639
2271033902145380
3004910515936332563
796406306950317769
1200189150984722110
802664958182448213
2577503984341051
312131033700643256
1602597922816784815
2108349558520174523
18351846260342596
1107463499226336677
546841714340153368
1178368849430365919
3098047369630276566
246218863346468941
2600817178984456679
73692055219339932
1779734459282417680
1563085130894356350
1697342110473717084
66278772320539336
1830394892482669426
1126881944428570064
409490588369536569
646403920391673210
580843063784101514
521346018086821538
936918360562556277
479160859113396831
1074649275101260396
1398621695253620829
3642445772912710211
388585506538338805
4085495690770314026
1789215030050969870
433145143807239946
1434599696629264390
924316617452060431
1444714904203605400
1484949680405089068
48855600725250320
788866593823088676
3343684080837759250
2833618570728856398
1457484934133074104
550754419473821820
2788433542310240634
195834791938267620
3901417128696662924
380122230956385721
414888927002723499
966437912830321618
293978080756619628
493796970535637857
2237216466445095321
90810200176764777
447052374320618028
580335728460975762
1758559222591539505
1995699714807287790
1942626253366050794
78767947137828201
1597085235487050504
2621597678372803057
1608561217267350407
511467901262575345
391591827876648171
2909927909729592760
1115547773794533505
62132269497609032
2208609526887178662
2728497903199272674
2073368952229009869
247424290425792280
212780056869720706
396880772441877912
177864255436440710
1151124505616311711
1761332151365871080
194845068041918645
50296489376184346
1786279342008919157
26292804175796458
403203223771293350
452903990679265779
343541014668809114
1710391344362752402
25054000070860209
21784589243178935
286224801354750830
470398798033093662
525506037109926007
2648056096673908100
3712719338397995420
1573389528312352649
4751686557553067
89998557686378766
490257537984048958
935178307645038795
3330278815669713673
967985485448206108
923197063525894968
1614693451582201260
187043509531720571
240300920372333525
416507712131919021
1785955416171160484
401333510114642605
171887962189398633
2356218806359526931
319323349167776570
1848383522995640117
1356337524473859274
877666866902013666
2134763153188908499
195550194420774717
267077622659200751
1166248285777754706
100585379886996760
1391102411505965421
404135480241505954
240821548138630825
3023167235495967175
1031401631552387668
114080068762112767
386610078148805644
1614149919622299741
150628657581002089
357939695762413097
90187883627558807
1152207849525951434
1558668787077122
218926711574948862
1155941487212033970
2234790869463613664
173779746831342251
508289810923569293
13411472948901149
1592798896075979612
1723684709029477576
1244962029520139034
137576978371644768
3535400268404690937
1019571283585457881
60092887139324064
91010015420435880
360879757412942117
63269365962262983
480101593923931694
747805149151981315
1210268239278807932
2328886022943942039
91795491452879796
2381231722678350215
196355095632982762
776845746827193508
607961817644977453
208534827282760934
566253257030245068
132075637910943527
1508604667652927063
1881915741763335199
2090946337119462052
1068503578962572972
32591349544404322
2148521387697887885
78739227928570720
400290618094248524
825675648056087815
2893247239743802342
557988926033708389
2513277825902162928
803528851972959703
174731454217878618
197226328493061397
671354299586748810
1603625121541435224
860029297393046307
1525013119216640296
745403950391415787
715947183415025718
368254191027390286
385500890702340514
3028610481746628955
712419164763841667
1294052266739561820
1607129586994515522
1178541380521006610
1536987850914362166
1233733712256853869
1417490860861493775
186832558014000255
586497888260739743
402098028892627078
1530842452620865266
164404355094315003
2258822691484537468
1706479896271913767
217850065598686037
3646194984548539
1002138844588369662
1766288327833518115
1299136334298139892
494414251778188397
1440677888284719353
2912562503721897375
462908934946577002
439935856085720667
634637636941318515
2611168843158987971
512910155802401710
1537809965296139540
2136068874019110333
343428099515382383
1789331813236831145
2526882766551932381
884105339731369233
126208783656804726
2132110995743190312
241685784664955993
475170608956078466
4275340649150521594
1171065531207255882
3283893301236696231
996069008637456098
513391145021785539
1634791208647488904
2348200234181419343
403671832891340050
2410538589001945413
437045410057970770
2015851834518196504
796417980610508928
251378481316846460
1197776086012215783
1033244852978686871
105360751489106247
1580392057900613259
882341652661212681
1145274655091513585
3151914962745577770
783822008566932524
1962711330891551587
202872323674287404
275867912263740550
2221090692634610047
1743044094967210137
402147580684630384
754625254121687934
2177714711496681786
1373330523193111279
391530781658747178
1074831311468515257
1367223946377245528
328340973960113209
541056282616361186
1427576744937626414
242983957229349261
1257041022074537695
287269635289441357
2100727773569887841
3117691670942066282
566416969733887135
286258223256289978
2154612077584454012
2948065846018005203
1303208636542872162
87689771731713717
1448423296013207413
465895148031800851
940271935417043606
707167761371246931
2768254880864031927
3008244165483024284
143726176594016014
3118910970639470511
356754947521804650
956817115635979684
383244515525215846
1628842092379861497
2396363989472755578
47285457480520285
125053560965400483
4063868078054624764
153435725513353096
2569120352752368175
1521105081623587913
2375556561083687373
16422239498641373
240094431156033301
652307938099218628
2723290650244405644
526487914208985014
3232420557844814839
1795193096952295940
1555006747178603972
1060694409901649329
442973855190779184
2828381348927275059
357147073144113540
2941640906797852085
40346891366971784
240102768181670902
8537786831288177
1659244127507643538
389169541628286016
655800016196339760
766059960632336083
137723125434809162
1147854403196123955
16368894448998685
13331690291637434
1628002606518258159
3346946446017151572
300573956006237507
305765406859817216
905087305158209264
326741508085137743
361860139273000516
3366416164680344570
3568879035425585074
3406882656594910997
1691873941321281722
1587919585385117542
1900553923537016852
161576561031909016
1015120741837247770
1269169162009329424
8007117712804647
2814566989761176382
2097340423168626749
1367044970970152630
508256284145789468
204380004489980968
614865700240977563
152532990382678294
654887847210626150
174254022048770281
270249457036753317
1167555586145482653
163322652522510144
3197205515749871446
738347941356071913
1280364198591396101
1458723324125049386
3633414574160749381
414582583093191990
3029875681129517287
367939715612720206
1261436246939778057
1260619353205823893
297881735469888613
1615087393384582435
40697814365278610
1113562523313309550
203978455798679700
857567799074295484
1867168827009414031
272703152360996900
70658933014161858
1126462764587817757
1433451697383517571
373619158449065853
845569215562809435
699359522267744643
2639578671305642282
13089110621164807
2716306272238260764
1730016253072987652
434436447398085846
174612883172502353
2095033408613915413
2511581219044693409
288036062513531737
46810159717160091
486761076492446031
772068547027544924
310807791324224308
2516703232009663163
2515309925957588873
2669079364747425417
102153217202003525
556998384099998440
2599783748614129180
2466882272571219741
394365910270440590
3112246782262112668
334114739263012271
273625384442801163
2370544391458117221
795252097862492919
701026962382315990
2761888441450427568
196185203625483130
1004176311324346268
2479556860874531124
2929555455460168219
70072687353037359
790778798353922937
538924957240657325
1735982162901476375
2716202242494220385
1415324114192392286
2421793551575055029
1122251090209653436
106745092527373930
36556706914641174
2082676308071516507
2183889249292969289
1023717401312361169
164765895128758041
1615977203394641150
181086289530714449
178039455901454059
2080641071420372800
49498304705690
98438517425614128
3801599154147867531
1355676738154860764
746654361783403848
3580694835220960382
1592309217149058181
2149042160415786350
158085751444552472
326079467773038373
2910803558724935277
3126581022847459912
2781942937604875120
819622274214991383
2915901990610000281
2265734259324494251
2756432915282667617
218557481631622171
704385541884727942
85965630128855887
378546834924072354
168138733732513520
3181999843443918791
28141098021816352
2550100860562112684
102490860030567237
974426520002287254
175276987951729237
178499120017080387
442935417006123206
729655022309177662
89008750786945863
1492978022371759383
2982408475311725484
1754648691512336187
1114691380821492321
182585240576157891
397386655357292851
608438057274925924
