Case #1:
12
66
5
7
17
130
127
65
5
488
4
23
86
335
1
4
74
8
37
4
22
4
98
64
6
15
14
13
16
55
4392
24
6
7
316
71
117
408
28
18
5
51
87
8
113
9
126
8
324
179
24
32
2
50
14
103
10
3
34
20
8
25
9
66
16
68
24
177
77
60
46
162
60
13
11
14
21
377
99
10
16
57
3
75
17
7
55
47
2
171
30
19
62
4
152
804
139
25
82
13
148
44
141
56
10
5
149
8
13
446
7
8
69
76
71
30
30
19
29
12
4
7
2
2
1
118
391
781
0
17
75
1
44
1
111
27
54
43
26
21
13
2
3
141
17
23
39
205
56
14
6
5
88
156
7
59
90
189
9
46
13
53
23
38
41
3
16
55
0
39
66
47
861
31
29
70
29
74
24
67
1350
69
37
105
25
6
1
1
12
5
151
40
14
6
79
1
23
0
123
31
30
12
19
2
46
6
4
612
34
110
6
9
40
7
2
12
4
77
16
1
1944
13
39
2854
62
10
1
3
7
78
358
34
23
6
40
8
4
117
136
14
3
31
3
28
46
71
374
6
764
64
150
37
59
259
1065
525
2
35
35
4
7
30
31
32
1020
31
235
19
6
4
7
92
60
4
77
29
360
21
30
4
6
5
3
6
28
21
514
53
4
45
94
24
148
3
18
21
73
92
39
23
30
15
1
26
2224
7
49
4
1
313
296
17
731
6
9
5
32
381
6
4
84
63
20
3
34
235
48
54
8
2
2
15
19
23
21
190
10
3
94
71
17
11
61
51
22
184
10
1
20
346
180
25
11
33
20
19
25
43
18
38
1
140
146
786
9
4
195
22
68
12
9
42
37
27
19
32
5
214
30
64
10
5
6
29
14
17
103
6
208
573
24
50
9
99
9
28
476
55
28
5
76
38
10
15
12
5
16
22
0
383
1
4
55
41
34
21
2780
5
851
68
23
14
52
62
6
15
27
58
1
16
17
2
20
12
0
189
30
21
1041
109
71
10
120
44
62
159
23
103
4
29
5
1188
11
35
8
401
7
109
61
80
5
6
86
43
27
246
151
22
537
88
43
23
16
8
12
168
4
0
3
24
51
25
129
68
29
1
87
98
262
10
6
94
20
31
126
5
91
9
63
27
